This is pdfTeX, Version 3.14159265-2.6-1.40.16 (MiKTeX 2.9) (preloaded format=pdflatex 2016.4.7)  13 MAY 2016 16:01
entering extended mode
**./mm_avvs.tex
(mm_avvs.tex
LaTeX2e <2015/10/01> patch level 2
Babel <3.9n> and hyphenation patterns for 69 languages loaded.
("C:\Users\haska\AppData\Local\Programs\MiKTeX 2.9\tex\latex\base\article.cls"
Document Class: article 2014/09/29 v1.4h Standard LaTeX document class
("C:\Users\haska\AppData\Local\Programs\MiKTeX 2.9\tex\latex\base\size11.clo"
File: size11.clo 2014/09/29 v1.4h Standard LaTeX file (size option)
)
\c@part=\count79
\c@section=\count80
\c@subsection=\count81
\c@subsubsection=\count82
\c@paragraph=\count83
\c@subparagraph=\count84
\c@figure=\count85
\c@table=\count86
\abovecaptionskip=\skip41
\belowcaptionskip=\skip42
\bibindent=\dimen102
) ("C:\Users\haska\AppData\Local\Programs\MiKTeX 2.9\tex\latex\base\inputenc.st
y"
Package: inputenc 2015/03/17 v1.2c Input encoding file
\inpenc@prehook=\toks14
\inpenc@posthook=\toks15
 ("C:\Users\haska\AppData\Local\Programs\MiKTeX 2.9\tex\latex\base\utf8.def"
File: utf8.def 2015/09/07 v1.1p UTF-8 support for inputenc
Now handling font encoding OML ...
... no UTF-8 mapping file for font encoding OML
Now handling font encoding T1 ...
... processing UTF-8 mapping file for font encoding T1

("C:\Users\haska\AppData\Local\Programs\MiKTeX 2.9\tex\latex\base\t1enc.dfu"
File: t1enc.dfu 2015/09/07 v1.1p UTF-8 support for inputenc
   defining Unicode char U+00A0 (decimal 160)
   defining Unicode char U+00A1 (decimal 161)
   defining Unicode char U+00A3 (decimal 163)
   defining Unicode char U+00AB (decimal 171)
   defining Unicode char U+00AD (decimal 173)
   defining Unicode char U+00BB (decimal 187)
   defining Unicode char U+00BF (decimal 191)
   defining Unicode char U+00C0 (decimal 192)
   defining Unicode char U+00C1 (decimal 193)
   defining Unicode char U+00C2 (decimal 194)
   defining Unicode char U+00C3 (decimal 195)
   defining Unicode char U+00C4 (decimal 196)
   defining Unicode char U+00C5 (decimal 197)
   defining Unicode char U+00C6 (decimal 198)
   defining Unicode char U+00C7 (decimal 199)
   defining Unicode char U+00C8 (decimal 200)
   defining Unicode char U+00C9 (decimal 201)
   defining Unicode char U+00CA (decimal 202)
   defining Unicode char U+00CB (decimal 203)
   defining Unicode char U+00CC (decimal 204)
   defining Unicode char U+00CD (decimal 205)
   defining Unicode char U+00CE (decimal 206)
   defining Unicode char U+00CF (decimal 207)
   defining Unicode char U+00D0 (decimal 208)
   defining Unicode char U+00D1 (decimal 209)
   defining Unicode char U+00D2 (decimal 210)
   defining Unicode char U+00D3 (decimal 211)
   defining Unicode char U+00D4 (decimal 212)
   defining Unicode char U+00D5 (decimal 213)
   defining Unicode char U+00D6 (decimal 214)
   defining Unicode char U+00D8 (decimal 216)
   defining Unicode char U+00D9 (decimal 217)
   defining Unicode char U+00DA (decimal 218)
   defining Unicode char U+00DB (decimal 219)
   defining Unicode char U+00DC (decimal 220)
   defining Unicode char U+00DD (decimal 221)
   defining Unicode char U+00DE (decimal 222)
   defining Unicode char U+00DF (decimal 223)
   defining Unicode char U+00E0 (decimal 224)
   defining Unicode char U+00E1 (decimal 225)
   defining Unicode char U+00E2 (decimal 226)
   defining Unicode char U+00E3 (decimal 227)
   defining Unicode char U+00E4 (decimal 228)
   defining Unicode char U+00E5 (decimal 229)
   defining Unicode char U+00E6 (decimal 230)
   defining Unicode char U+00E7 (decimal 231)
   defining Unicode char U+00E8 (decimal 232)
   defining Unicode char U+00E9 (decimal 233)
   defining Unicode char U+00EA (decimal 234)
   defining Unicode char U+00EB (decimal 235)
   defining Unicode char U+00EC (decimal 236)
   defining Unicode char U+00ED (decimal 237)
   defining Unicode char U+00EE (decimal 238)
   defining Unicode char U+00EF (decimal 239)
   defining Unicode char U+00F0 (decimal 240)
   defining Unicode char U+00F1 (decimal 241)
   defining Unicode char U+00F2 (decimal 242)
   defining Unicode char U+00F3 (decimal 243)
   defining Unicode char U+00F4 (decimal 244)
   defining Unicode char U+00F5 (decimal 245)
   defining Unicode char U+00F6 (decimal 246)
   defining Unicode char U+00F8 (decimal 248)
   defining Unicode char U+00F9 (decimal 249)
   defining Unicode char U+00FA (decimal 250)
   defining Unicode char U+00FB (decimal 251)
   defining Unicode char U+00FC (decimal 252)
   defining Unicode char U+00FD (decimal 253)
   defining Unicode char U+00FE (decimal 254)
   defining Unicode char U+00FF (decimal 255)
   defining Unicode char U+0102 (decimal 258)
   defining Unicode char U+0103 (decimal 259)
   defining Unicode char U+0104 (decimal 260)
   defining Unicode char U+0105 (decimal 261)
   defining Unicode char U+0106 (decimal 262)
   defining Unicode char U+0107 (decimal 263)
   defining Unicode char U+010C (decimal 268)
   defining Unicode char U+010D (decimal 269)
   defining Unicode char U+010E (decimal 270)
   defining Unicode char U+010F (decimal 271)
   defining Unicode char U+0110 (decimal 272)
   defining Unicode char U+0111 (decimal 273)
   defining Unicode char U+0118 (decimal 280)
   defining Unicode char U+0119 (decimal 281)
   defining Unicode char U+011A (decimal 282)
   defining Unicode char U+011B (decimal 283)
   defining Unicode char U+011E (decimal 286)
   defining Unicode char U+011F (decimal 287)
   defining Unicode char U+0130 (decimal 304)
   defining Unicode char U+0131 (decimal 305)
   defining Unicode char U+0132 (decimal 306)
   defining Unicode char U+0133 (decimal 307)
   defining Unicode char U+0139 (decimal 313)
   defining Unicode char U+013A (decimal 314)
   defining Unicode char U+013D (decimal 317)
   defining Unicode char U+013E (decimal 318)
   defining Unicode char U+0141 (decimal 321)
   defining Unicode char U+0142 (decimal 322)
   defining Unicode char U+0143 (decimal 323)
   defining Unicode char U+0144 (decimal 324)
   defining Unicode char U+0147 (decimal 327)
   defining Unicode char U+0148 (decimal 328)
   defining Unicode char U+014A (decimal 330)
   defining Unicode char U+014B (decimal 331)
   defining Unicode char U+0150 (decimal 336)
   defining Unicode char U+0151 (decimal 337)
   defining Unicode char U+0152 (decimal 338)
   defining Unicode char U+0153 (decimal 339)
   defining Unicode char U+0154 (decimal 340)
   defining Unicode char U+0155 (decimal 341)
   defining Unicode char U+0158 (decimal 344)
   defining Unicode char U+0159 (decimal 345)
   defining Unicode char U+015A (decimal 346)
   defining Unicode char U+015B (decimal 347)
   defining Unicode char U+015E (decimal 350)
   defining Unicode char U+015F (decimal 351)
   defining Unicode char U+0160 (decimal 352)
   defining Unicode char U+0161 (decimal 353)
   defining Unicode char U+0162 (decimal 354)
   defining Unicode char U+0163 (decimal 355)
   defining Unicode char U+0164 (decimal 356)
   defining Unicode char U+0165 (decimal 357)
   defining Unicode char U+016E (decimal 366)
   defining Unicode char U+016F (decimal 367)
   defining Unicode char U+0170 (decimal 368)
   defining Unicode char U+0171 (decimal 369)
   defining Unicode char U+0174 (decimal 372)
   defining Unicode char U+0175 (decimal 373)
   defining Unicode char U+0176 (decimal 374)
   defining Unicode char U+0177 (decimal 375)
   defining Unicode char U+0178 (decimal 376)
   defining Unicode char U+0179 (decimal 377)
   defining Unicode char U+017A (decimal 378)
   defining Unicode char U+017B (decimal 379)
   defining Unicode char U+017C (decimal 380)
   defining Unicode char U+017D (decimal 381)
   defining Unicode char U+017E (decimal 382)
   defining Unicode char U+0218 (decimal 536)
   defining Unicode char U+0219 (decimal 537)
   defining Unicode char U+021A (decimal 538)
   defining Unicode char U+021B (decimal 539)
   defining Unicode char U+200C (decimal 8204)
   defining Unicode char U+2013 (decimal 8211)
   defining Unicode char U+2014 (decimal 8212)
   defining Unicode char U+2018 (decimal 8216)
   defining Unicode char U+2019 (decimal 8217)
   defining Unicode char U+201A (decimal 8218)
   defining Unicode char U+201C (decimal 8220)
   defining Unicode char U+201D (decimal 8221)
   defining Unicode char U+201E (decimal 8222)
   defining Unicode char U+2030 (decimal 8240)
   defining Unicode char U+2031 (decimal 8241)
   defining Unicode char U+2039 (decimal 8249)
   defining Unicode char U+203A (decimal 8250)
   defining Unicode char U+2423 (decimal 9251)
)
Now handling font encoding OT1 ...
... processing UTF-8 mapping file for font encoding OT1

("C:\Users\haska\AppData\Local\Programs\MiKTeX 2.9\tex\latex\base\ot1enc.dfu"
File: ot1enc.dfu 2015/09/07 v1.1p UTF-8 support for inputenc
   defining Unicode char U+00A0 (decimal 160)
   defining Unicode char U+00A1 (decimal 161)
   defining Unicode char U+00A3 (decimal 163)
   defining Unicode char U+00AD (decimal 173)
   defining Unicode char U+00B8 (decimal 184)
   defining Unicode char U+00BF (decimal 191)
   defining Unicode char U+00C5 (decimal 197)
   defining Unicode char U+00C6 (decimal 198)
   defining Unicode char U+00D8 (decimal 216)
   defining Unicode char U+00DF (decimal 223)
   defining Unicode char U+00E6 (decimal 230)
   defining Unicode char U+00EC (decimal 236)
   defining Unicode char U+00ED (decimal 237)
   defining Unicode char U+00EE (decimal 238)
   defining Unicode char U+00EF (decimal 239)
   defining Unicode char U+00F8 (decimal 248)
   defining Unicode char U+0131 (decimal 305)
   defining Unicode char U+0141 (decimal 321)
   defining Unicode char U+0142 (decimal 322)
   defining Unicode char U+0152 (decimal 338)
   defining Unicode char U+0153 (decimal 339)
   defining Unicode char U+0174 (decimal 372)
   defining Unicode char U+0175 (decimal 373)
   defining Unicode char U+0176 (decimal 374)
   defining Unicode char U+0177 (decimal 375)
   defining Unicode char U+0218 (decimal 536)
   defining Unicode char U+0219 (decimal 537)
   defining Unicode char U+021A (decimal 538)
   defining Unicode char U+021B (decimal 539)
   defining Unicode char U+2013 (decimal 8211)
   defining Unicode char U+2014 (decimal 8212)
   defining Unicode char U+2018 (decimal 8216)
   defining Unicode char U+2019 (decimal 8217)
   defining Unicode char U+201C (decimal 8220)
   defining Unicode char U+201D (decimal 8221)
)
Now handling font encoding OMS ...
... processing UTF-8 mapping file for font encoding OMS

("C:\Users\haska\AppData\Local\Programs\MiKTeX 2.9\tex\latex\base\omsenc.dfu"
File: omsenc.dfu 2015/09/07 v1.1p UTF-8 support for inputenc
   defining Unicode char U+00A7 (decimal 167)
   defining Unicode char U+00B6 (decimal 182)
   defining Unicode char U+00B7 (decimal 183)
   defining Unicode char U+2020 (decimal 8224)
   defining Unicode char U+2021 (decimal 8225)
   defining Unicode char U+2022 (decimal 8226)
)
Now handling font encoding OMX ...
... no UTF-8 mapping file for font encoding OMX
Now handling font encoding U ...
... no UTF-8 mapping file for font encoding U
   defining Unicode char U+00A9 (decimal 169)
   defining Unicode char U+00AA (decimal 170)
   defining Unicode char U+00AE (decimal 174)
   defining Unicode char U+00BA (decimal 186)
   defining Unicode char U+02C6 (decimal 710)
   defining Unicode char U+02DC (decimal 732)
   defining Unicode char U+200C (decimal 8204)
   defining Unicode char U+2026 (decimal 8230)
   defining Unicode char U+2122 (decimal 8482)
   defining Unicode char U+2423 (decimal 9251)
)) ("C:\Users\haska\AppData\Local\Programs\MiKTeX 2.9\tex\generic\babel\babel.s
ty"
Package: babel 2016/01/08 3.9n The Babel package

*************************************
* Local config file bblopts.cfg used
*

("C:\Users\haska\AppData\Local\Programs\MiKTeX 2.9\tex\latex\00miktex\bblopts.c
fg"
File: bblopts.cfg 2006/07/31 v1.0 MiKTeX 'babel' configuration
)
("C:\Users\haska\AppData\Local\Programs\MiKTeX 2.9\tex\latex\babel-russian\russ
ianb.ldf"
Language: russianb 2016/02/18 1.3h Russian support for the Babel system

("C:\Users\haska\AppData\Local\Programs\MiKTeX 2.9\tex\generic\babel\babel.def"
File: babel.def 2016/01/08 3.9n Babel common definitions
\babel@savecnt=\count87
\U@D=\dimen103
)

Package babel Warning: No Cyrillic font encoding has been loaded so far.
(babel)                A font encoding should be declared before babel.
(babel)                Default `T2A' encoding will be loaded  on input line 69.



("C:\Users\haska\AppData\Local\Programs\MiKTeX 2.9\tex\latex\cyrillic\t2aenc.de
f"
File: t2aenc.def 2005/09/27 v1.0i Cyrillic encoding definition file
Now handling font encoding T2A ...
... processing UTF-8 mapping file for font encoding T2A
 ("C:\Users\haska\AppData\Local\Programs\MiKTeX 2.9\tex\latex\base\t2aenc.dfu"
File: t2aenc.dfu 2015/09/07 v1.1p UTF-8 support for inputenc
   defining Unicode char U+00A4 (decimal 164)
   defining Unicode char U+00A7 (decimal 167)
   defining Unicode char U+00AB (decimal 171)
   defining Unicode char U+00BB (decimal 187)
   defining Unicode char U+0131 (decimal 305)
   defining Unicode char U+0400 (decimal 1024)
   defining Unicode char U+0401 (decimal 1025)
   defining Unicode char U+0402 (decimal 1026)
   defining Unicode char U+0403 (decimal 1027)
   defining Unicode char U+0404 (decimal 1028)
   defining Unicode char U+0405 (decimal 1029)
   defining Unicode char U+0406 (decimal 1030)
   defining Unicode char U+0407 (decimal 1031)
   defining Unicode char U+0408 (decimal 1032)
   defining Unicode char U+0409 (decimal 1033)
   defining Unicode char U+040A (decimal 1034)
   defining Unicode char U+040B (decimal 1035)
   defining Unicode char U+040C (decimal 1036)
   defining Unicode char U+040D (decimal 1037)
   defining Unicode char U+040E (decimal 1038)
   defining Unicode char U+040F (decimal 1039)
   defining Unicode char U+0410 (decimal 1040)
   defining Unicode char U+0411 (decimal 1041)
   defining Unicode char U+0412 (decimal 1042)
   defining Unicode char U+0413 (decimal 1043)
   defining Unicode char U+0414 (decimal 1044)
   defining Unicode char U+0415 (decimal 1045)
   defining Unicode char U+0416 (decimal 1046)
   defining Unicode char U+0417 (decimal 1047)
   defining Unicode char U+0418 (decimal 1048)
   defining Unicode char U+0419 (decimal 1049)
   defining Unicode char U+041A (decimal 1050)
   defining Unicode char U+041B (decimal 1051)
   defining Unicode char U+041C (decimal 1052)
   defining Unicode char U+041D (decimal 1053)
   defining Unicode char U+041E (decimal 1054)
   defining Unicode char U+041F (decimal 1055)
   defining Unicode char U+0420 (decimal 1056)
   defining Unicode char U+0421 (decimal 1057)
   defining Unicode char U+0422 (decimal 1058)
   defining Unicode char U+0423 (decimal 1059)
   defining Unicode char U+0424 (decimal 1060)
   defining Unicode char U+0425 (decimal 1061)
   defining Unicode char U+0426 (decimal 1062)
   defining Unicode char U+0427 (decimal 1063)
   defining Unicode char U+0428 (decimal 1064)
   defining Unicode char U+0429 (decimal 1065)
   defining Unicode char U+042A (decimal 1066)
   defining Unicode char U+042B (decimal 1067)
   defining Unicode char U+042C (decimal 1068)
   defining Unicode char U+042D (decimal 1069)
   defining Unicode char U+042E (decimal 1070)
   defining Unicode char U+042F (decimal 1071)
   defining Unicode char U+0430 (decimal 1072)
   defining Unicode char U+0431 (decimal 1073)
   defining Unicode char U+0432 (decimal 1074)
   defining Unicode char U+0433 (decimal 1075)
   defining Unicode char U+0434 (decimal 1076)
   defining Unicode char U+0435 (decimal 1077)
   defining Unicode char U+0436 (decimal 1078)
   defining Unicode char U+0437 (decimal 1079)
   defining Unicode char U+0438 (decimal 1080)
   defining Unicode char U+0439 (decimal 1081)
   defining Unicode char U+043A (decimal 1082)
   defining Unicode char U+043B (decimal 1083)
   defining Unicode char U+043C (decimal 1084)
   defining Unicode char U+043D (decimal 1085)
   defining Unicode char U+043E (decimal 1086)
   defining Unicode char U+043F (decimal 1087)
   defining Unicode char U+0440 (decimal 1088)
   defining Unicode char U+0441 (decimal 1089)
   defining Unicode char U+0442 (decimal 1090)
   defining Unicode char U+0443 (decimal 1091)
   defining Unicode char U+0444 (decimal 1092)
   defining Unicode char U+0445 (decimal 1093)
   defining Unicode char U+0446 (decimal 1094)
   defining Unicode char U+0447 (decimal 1095)
   defining Unicode char U+0448 (decimal 1096)
   defining Unicode char U+0449 (decimal 1097)
   defining Unicode char U+044A (decimal 1098)
   defining Unicode char U+044B (decimal 1099)
   defining Unicode char U+044C (decimal 1100)
   defining Unicode char U+044D (decimal 1101)
   defining Unicode char U+044E (decimal 1102)
   defining Unicode char U+044F (decimal 1103)
   defining Unicode char U+0450 (decimal 1104)
   defining Unicode char U+0451 (decimal 1105)
   defining Unicode char U+0452 (decimal 1106)
   defining Unicode char U+0453 (decimal 1107)
   defining Unicode char U+0454 (decimal 1108)
   defining Unicode char U+0455 (decimal 1109)
   defining Unicode char U+0456 (decimal 1110)
   defining Unicode char U+0457 (decimal 1111)
   defining Unicode char U+0458 (decimal 1112)
   defining Unicode char U+0459 (decimal 1113)
   defining Unicode char U+045A (decimal 1114)
   defining Unicode char U+045B (decimal 1115)
   defining Unicode char U+045C (decimal 1116)
   defining Unicode char U+045D (decimal 1117)
   defining Unicode char U+045E (decimal 1118)
   defining Unicode char U+045F (decimal 1119)
   defining Unicode char U+0490 (decimal 1168)
   defining Unicode char U+0491 (decimal 1169)
   defining Unicode char U+0492 (decimal 1170)
   defining Unicode char U+0493 (decimal 1171)
   defining Unicode char U+0496 (decimal 1174)
   defining Unicode char U+0497 (decimal 1175)
   defining Unicode char U+0498 (decimal 1176)
   defining Unicode char U+0499 (decimal 1177)
   defining Unicode char U+049A (decimal 1178)
   defining Unicode char U+049B (decimal 1179)
   defining Unicode char U+049C (decimal 1180)
   defining Unicode char U+049D (decimal 1181)
   defining Unicode char U+04A0 (decimal 1184)
   defining Unicode char U+04A1 (decimal 1185)
   defining Unicode char U+04A2 (decimal 1186)
   defining Unicode char U+04A3 (decimal 1187)
   defining Unicode char U+04A4 (decimal 1188)
   defining Unicode char U+04A5 (decimal 1189)
   defining Unicode char U+04AA (decimal 1194)
   defining Unicode char U+04AB (decimal 1195)
   defining Unicode char U+04AE (decimal 1198)
   defining Unicode char U+04AF (decimal 1199)
   defining Unicode char U+04B0 (decimal 1200)
   defining Unicode char U+04B1 (decimal 1201)
   defining Unicode char U+04B2 (decimal 1202)
   defining Unicode char U+04B3 (decimal 1203)
   defining Unicode char U+04B6 (decimal 1206)
   defining Unicode char U+04B7 (decimal 1207)
   defining Unicode char U+04B8 (decimal 1208)
   defining Unicode char U+04B9 (decimal 1209)
   defining Unicode char U+04BA (decimal 1210)
   defining Unicode char U+04BB (decimal 1211)
   defining Unicode char U+04C0 (decimal 1216)
   defining Unicode char U+04C1 (decimal 1217)
   defining Unicode char U+04C2 (decimal 1218)
   defining Unicode char U+04D0 (decimal 1232)
   defining Unicode char U+04D1 (decimal 1233)
   defining Unicode char U+04D2 (decimal 1234)
   defining Unicode char U+04D3 (decimal 1235)
   defining Unicode char U+04D4 (decimal 1236)
   defining Unicode char U+04D5 (decimal 1237)
   defining Unicode char U+04D6 (decimal 1238)
   defining Unicode char U+04D7 (decimal 1239)
   defining Unicode char U+04D8 (decimal 1240)
   defining Unicode char U+04D9 (decimal 1241)
   defining Unicode char U+04DA (decimal 1242)
   defining Unicode char U+04DB (decimal 1243)
   defining Unicode char U+04DC (decimal 1244)
   defining Unicode char U+04DD (decimal 1245)
   defining Unicode char U+04DE (decimal 1246)
   defining Unicode char U+04DF (decimal 1247)
   defining Unicode char U+04E2 (decimal 1250)
   defining Unicode char U+04E3 (decimal 1251)
   defining Unicode char U+04E4 (decimal 1252)
   defining Unicode char U+04E5 (decimal 1253)
   defining Unicode char U+04E6 (decimal 1254)
   defining Unicode char U+04E7 (decimal 1255)
   defining Unicode char U+04E8 (decimal 1256)
   defining Unicode char U+04E9 (decimal 1257)
   defining Unicode char U+04EC (decimal 1260)
   defining Unicode char U+04ED (decimal 1261)
   defining Unicode char U+04EE (decimal 1262)
   defining Unicode char U+04EF (decimal 1263)
   defining Unicode char U+04F0 (decimal 1264)
   defining Unicode char U+04F1 (decimal 1265)
   defining Unicode char U+04F2 (decimal 1266)
   defining Unicode char U+04F3 (decimal 1267)
   defining Unicode char U+04F4 (decimal 1268)
   defining Unicode char U+04F5 (decimal 1269)
   defining Unicode char U+04F8 (decimal 1272)
   defining Unicode char U+04F9 (decimal 1273)
   defining Unicode char U+200C (decimal 8204)
   defining Unicode char U+2013 (decimal 8211)
   defining Unicode char U+2014 (decimal 8212)
   defining Unicode char U+2018 (decimal 8216)
   defining Unicode char U+2019 (decimal 8217)
   defining Unicode char U+201C (decimal 8220)
   defining Unicode char U+201D (decimal 8221)
   defining Unicode char U+201E (decimal 8222)
   defining Unicode char U+2030 (decimal 8240)
   defining Unicode char U+2031 (decimal 8241)
   defining Unicode char U+2116 (decimal 8470)
   defining Unicode char U+2329 (decimal 9001)
   defining Unicode char U+232A (decimal 9002)
   defining Unicode char U+2423 (decimal 9251)
))
Package babel Info: Making " an active character on input line 111.
))
("C:\Users\haska\AppData\Local\Programs\MiKTeX 2.9\tex\latex\graphics\graphicx.
sty"
Package: graphicx 2014/10/28 v1.0g Enhanced LaTeX Graphics (DPC,SPQR)

("C:\Users\haska\AppData\Local\Programs\MiKTeX 2.9\tex\latex\graphics\keyval.st
y"
Package: keyval 2014/10/28 v1.15 key=value parser (DPC)
\KV@toks@=\toks16
)
("C:\Users\haska\AppData\Local\Programs\MiKTeX 2.9\tex\latex\graphics\graphics.
sty"
Package: graphics 2014/10/28 v1.0p Standard LaTeX Graphics (DPC,SPQR)

("C:\Users\haska\AppData\Local\Programs\MiKTeX 2.9\tex\latex\graphics\trig.sty"
Package: trig 1999/03/16 v1.09 sin cos tan (DPC)
)
("C:\Users\haska\AppData\Local\Programs\MiKTeX 2.9\tex\latex\00miktex\graphics.
cfg"
File: graphics.cfg 2007/01/18 v1.5 graphics configuration of teTeX/TeXLive
)
Package graphics Info: Driver file: pdftex.def on input line 94.

("C:\Users\haska\AppData\Local\Programs\MiKTeX 2.9\tex\latex\pdftex-def\pdftex.
def"
File: pdftex.def 2011/05/27 v0.06d Graphics/color for pdfTeX

("C:\Users\haska\AppData\Local\Programs\MiKTeX 2.9\tex\generic\oberdiek\infware
rr.sty"
Package: infwarerr 2010/04/08 v1.3 Providing info/warning/error messages (HO)
)
("C:\Users\haska\AppData\Local\Programs\MiKTeX 2.9\tex\generic\oberdiek\ltxcmds
.sty"
Package: ltxcmds 2011/11/09 v1.22 LaTeX kernel commands for general use (HO)
)
\Gread@gobject=\count88
))
\Gin@req@height=\dimen104
\Gin@req@width=\dimen105
)
("C:\Users\haska\AppData\Local\Programs\MiKTeX 2.9\tex\latex\srcltx\srcltx.sty"
Package: srcltx 2006/11/12 v1.6 Source specials for inverse search in DVI files

("C:\Users\haska\AppData\Local\Programs\MiKTeX 2.9\tex\latex\base\ifthen.sty"
Package: ifthen 2014/09/29 v1.1c Standard LaTeX ifthen package (DPC)
)
\src@lastline=\count89
\src@new@everypar=\toks17
\src@new@output=\toks18
)
("C:\Users\haska\AppData\Local\Programs\MiKTeX 2.9\tex\latex\caption\caption2.s
ty"
Package: caption2 2015/09/15 v2.2-100 Customising captions (AR)


Package caption2 Warning: ****************************************************
(caption2)                THIS PACKAGE IS OBSOLETE:
(caption2)                This package attempts to provide an `caption2'
(caption2)                package v2.0/2.1 author environment so that OLD
(caption2)                documents can be successfully processed. It should
(caption2)                NOT be used for NEW documents! New documents should
(caption2)                use the regular `caption' package v3.x instead.
(caption2)                ****************************************************


("C:\Users\haska\AppData\Local\Programs\MiKTeX 2.9\tex\latex\caption\caption3.s
ty"
Package: caption3 2016/02/04 v1.7-139 caption3 kernel (AR)
Package caption3 Info: TeX engine: e-TeX on input line 67.
\captionmargin=\dimen106
\captionmargin@=\dimen107
\captionwidth=\dimen108
\caption@tempdima=\dimen109
\caption@indent=\dimen110
\caption@parindent=\dimen111
\caption@hangindent=\dimen112
)
Package caption2 Info: Running in caption2 v2.0 compatibility mode on input lin
e 221.
\captionlinewidth=\dimen113
\realcaptionwidth=\dimen114
)
("C:\Users\haska\AppData\Local\Programs\MiKTeX 2.9\tex\latex\tools\indentfirst.
sty"
Package: indentfirst 1995/11/23 v1.03 Indent first paragraph (DPC)
) (mm_fleqn.sty
\ourvmskip=\skip43
\mathindent=\dimen115
) (mm_rus1.sty
Document Style `MM' <7 Dec 94> 
) ("C:\Users\haska\AppData\Local\Programs\MiKTeX 2.9\tex\latex\cite\cite.sty"
LaTeX Info: Redefining \cite on input line 302.
LaTeX Info: Redefining \nocite on input line 332.
Package: cite 2015/02/27  v 5.5
)
("C:\Users\haska\AppData\Local\Programs\MiKTeX 2.9\tex\latex\amsmath\amsmath.st
y"
Package: amsmath 2013/01/14 v2.14 AMS math features
\@mathmargin=\skip44

For additional information on amsmath, use the `?' option.

("C:\Users\haska\AppData\Local\Programs\MiKTeX 2.9\tex\latex\amsmath\amstext.st
y"
Package: amstext 2000/06/29 v2.01

("C:\Users\haska\AppData\Local\Programs\MiKTeX 2.9\tex\latex\amsmath\amsgen.sty
"
File: amsgen.sty 1999/11/30 v2.0
\@emptytoks=\toks19
\ex@=\dimen116
))
("C:\Users\haska\AppData\Local\Programs\MiKTeX 2.9\tex\latex\amsmath\amsbsy.sty
"
Package: amsbsy 1999/11/29 v1.2d
LaTeX Info: Redefining \pmb on input line 51.
\pmbraise@=\dimen117
)
("C:\Users\haska\AppData\Local\Programs\MiKTeX 2.9\tex\latex\amsmath\amsopn.sty
"
Package: amsopn 1999/12/14 v2.01 operator names
)
\inf@bad=\count90
LaTeX Info: Redefining \frac on input line 210.
\uproot@=\count91
\leftroot@=\count92
LaTeX Info: Redefining \overline on input line 306.
\classnum@=\count93
\DOTSCASE@=\count94
LaTeX Info: Redefining \ldots on input line 378.
LaTeX Info: Redefining \dots on input line 381.
LaTeX Info: Redefining \cdots on input line 466.
\Mathstrutbox@=\box26
\strutbox@=\box27
\big@size=\dimen118
LaTeX Font Info:    Redeclaring font encoding OML on input line 566.
LaTeX Font Info:    Redeclaring font encoding OMS on input line 567.
\macc@depth=\count95
\c@MaxMatrixCols=\count96
\dotsspace@=\muskip10
\c@parentequation=\count97
\dspbrk@lvl=\count98
\tag@help=\toks20
\row@=\count99
\column@=\count100
\maxfields@=\count101
\andhelp@=\toks21
\eqnshift@=\dimen119
\alignsep@=\dimen120
\tagshift@=\dimen121
\tagwidth@=\dimen122
\totwidth@=\dimen123
\lineht@=\dimen124
\@envbody=\toks22
\multlinegap=\skip45
\multlinetaggap=\skip46
\mathdisplay@stack=\toks23
LaTeX Info: Redefining \[ on input line 2665.
LaTeX Info: Redefining \] on input line 2666.
) ("C:\Users\haska\AppData\Local\Programs\MiKTeX 2.9\tex\latex\tools\bm.sty"
Package: bm 2014/10/28 v1.1c Bold Symbol Support (DPC/FMi)
\symboldoperators=\mathgroup4
\symboldletters=\mathgroup5
\symboldsymbols=\mathgroup6
LaTeX Font Info:    Redeclaring math alphabet \mathbf on input line 141.
LaTeX Info: Redefining \bm on input line 207.
) ("C:\Users\haska\AppData\Local\Programs\MiKTeX 2.9\tex\latex\float\float.sty"
Package: float 2001/11/08 v1.3d Float enhancements (AL)
\c@float@type=\count102
\float@exts=\toks24
\float@box=\box28
\@float@everytoks=\toks25
\@floatcapt=\box29
)

LaTeX Warning: Unused global option(s):
    [timesful].

(mm_avvs.aux
LaTeX Font Info:    Try loading font information for T2A+cmr on input line 3.

("C:\Users\haska\AppData\Local\Programs\MiKTeX 2.9\tex\latex\cyrillic\t2acmr.fd
"
File: t2acmr.fd 2001/08/11 v1.0a Computer Modern Cyrillic font definitions
))
\openout1 = `mm_avvs.aux'.

LaTeX Font Info:    Checking defaults for OML/cmm/m/it on input line 69.
LaTeX Font Info:    ... okay on input line 69.
LaTeX Font Info:    Checking defaults for T1/cmr/m/n on input line 69.
LaTeX Font Info:    ... okay on input line 69.
LaTeX Font Info:    Checking defaults for OT1/cmr/m/n on input line 69.
LaTeX Font Info:    ... okay on input line 69.
LaTeX Font Info:    Checking defaults for OMS/cmsy/m/n on input line 69.
LaTeX Font Info:    ... okay on input line 69.
LaTeX Font Info:    Checking defaults for OMX/cmex/m/n on input line 69.
LaTeX Font Info:    ... okay on input line 69.
LaTeX Font Info:    Checking defaults for U/cmr/m/n on input line 69.
LaTeX Font Info:    ... okay on input line 69.
LaTeX Font Info:    Checking defaults for T2A/cmr/m/n on input line 69.
LaTeX Font Info:    ... okay on input line 69.

("C:\Users\haska\AppData\Local\Programs\MiKTeX 2.9\tex\context\base\supp-pdf.mk
ii"
[Loading MPS to PDF converter (version 2006.09.02).]
\scratchcounter=\count103
\scratchdimen=\dimen125
\scratchbox=\box30
\nofMPsegments=\count104
\nofMParguments=\count105
\everyMPshowfont=\toks26
\MPscratchCnt=\count106
\MPscratchDim=\dimen126
\MPnumerator=\count107
\makeMPintoPDFobject=\count108
\everyMPtoPDFconversion=\toks27
)
Package caption Info: Begin \AtBeginDocument code.
Package caption Info: End \AtBeginDocument code.
LaTeX Font Info:    Try loading font information for OMS+cmr on input line 81.
 ("C:\Users\haska\AppData\Local\Programs\MiKTeX 2.9\tex\latex\base\omscmr.fd"
File: omscmr.fd 2014/09/29 v2.5h Standard LaTeX font definitions
)
LaTeX Font Info:    Font shape `OMS/cmr/m/n' in size <10.95> not available
(Font)              Font shape `OMS/cmsy/m/n' tried instead on input line 81.

Underfull \hbox (badness 10000) in paragraph at lines 81--81

 []


Underfull \hbox (badness 10000) in paragraph at lines 84--84

 []


Underfull \hbox (badness 10000) in paragraph at lines 87--87

 []


Underfull \hbox (badness 10000) in paragraph at lines 90--90

 []

[1

{C:/Users/haska/AppData/Local/MiKTeX/2.9/pdftex/config/pdftex.map}] [2]
[3] [4] [5] [6] <1.png, id=41, 567.11874pt x 170.6375pt>
File: 1.png Graphic file (type png)
 <use 1.png>
Package pdftex.def Info: 1.png used on input line 433.
(pdftex.def)             Requested size: 418.25551pt x 125.85056pt.
 [7]
<2.png, id=47, 945.5325pt x 897.3525pt>
File: 2.png Graphic file (type png)
 <use 2.png>
Package pdftex.def Info: 2.png used on input line 478.
(pdftex.def)             Requested size: 313.69162pt x 297.71556pt.

Underfull \vbox (badness 10000) has occurred while \output is active []

 [8 <./1.png>] <3-1.png, id=52, 175.65625pt x 153.57375pt>
File: 3-1.png Graphic file (type png)
 <use 3-1.png>
Package pdftex.def Info: 3-1.png used on input line 490.
(pdftex.def)             Requested size: 125.47792pt x 109.70596pt.

<3-2.png, id=53, 247.92625pt x 214.8025pt>
File: 3-2.png Graphic file (type png)
 <use 3-2.png>
Package pdftex.def Info: 3-2.png used on input line 494.
(pdftex.def)             Requested size: 125.47792pt x 108.7153pt.

<3-3.png, id=54, 251.94125pt x 219.82124pt>
File: 3-3.png Graphic file (type png)
 <use 3-3.png>
Package pdftex.def Info: 3-3.png used on input line 498.
(pdftex.def)             Requested size: 125.47792pt x 109.481pt.

Underfull \vbox (badness 10000) has occurred while \output is active []

 [9 <./2.png> <./3-1.png> <./3-2.png> <./3-3.png>] [10] [11] [12]
<4-1.png, id=73, 772.8875pt x 719.68875pt>
File: 4-1.png Graphic file (type png)
 <use 4-1.png>
Package pdftex.def Info: 4-1.png used on input line 682.
(pdftex.def)             Requested size: 204.9475pt x 190.8374pt.

<4-2.png, id=74, 772.8875pt x 719.68875pt>
File: 4-2.png Graphic file (type png)
 <use 4-2.png>
Package pdftex.def Info: 4-2.png used on input line 686.
(pdftex.def)             Requested size: 204.9475pt x 190.8374pt.

<5-1.png, id=75, 772.8875pt x 719.68875pt>
File: 5-1.png Graphic file (type png)
 <use 5-1.png>
Package pdftex.def Info: 5-1.png used on input line 696.
(pdftex.def)             Requested size: 204.9475pt x 190.8374pt.

<5-2.png, id=76, 772.8875pt x 719.68875pt>
File: 5-2.png Graphic file (type png)
 <use 5-2.png>
Package pdftex.def Info: 5-2.png used on input line 700.
(pdftex.def)             Requested size: 204.9475pt x 190.8374pt.

<6-1.png, id=77, 772.8875pt x 719.68875pt>
File: 6-1.png Graphic file (type png)
 <use 6-1.png>
Package pdftex.def Info: 6-1.png used on input line 710.
(pdftex.def)             Requested size: 204.9475pt x 190.8374pt.

<6-2.png, id=78, 772.8875pt x 719.68875pt>
File: 6-2.png Graphic file (type png)
 <use 6-2.png>
Package pdftex.def Info: 6-2.png used on input line 714.
(pdftex.def)             Requested size: 204.9475pt x 190.8374pt.

Underfull \vbox (badness 10000) has occurred while \output is active []

 [13 <./4-1.png (PNG copy)> <./4-2.png (PNG copy)> <./5-1.png (PNG copy)> <./5-
2.png (PNG copy)>]
Underfull \vbox (badness 10000) has occurred while \output is active []

 [14 <./6-1.png (PNG copy)> <./6-2.png (PNG copy)>]
<7-1.png, id=86, 772.8875pt x 719.68875pt>
File: 7-1.png Graphic file (type png)
 <use 7-1.png>
Package pdftex.def Info: 7-1.png used on input line 776.
(pdftex.def)             Requested size: 167.29964pt x 155.78429pt.

<7-2.png, id=87, 772.8875pt x 719.68875pt>
File: 7-2.png Graphic file (type png)
 <use 7-2.png>
Package pdftex.def Info: 7-2.png used on input line 780.
(pdftex.def)             Requested size: 167.29964pt x 155.78429pt.

<8-1.png, id=88, 772.8875pt x 719.68875pt>
File: 8-1.png Graphic file (type png)
 <use 8-1.png>
Package pdftex.def Info: 8-1.png used on input line 790.
(pdftex.def)             Requested size: 167.29964pt x 155.78429pt.

<8-2.png, id=89, 772.8875pt x 719.68875pt>
File: 8-2.png Graphic file (type png)
 <use 8-2.png>
Package pdftex.def Info: 8-2.png used on input line 794.
(pdftex.def)             Requested size: 167.29964pt x 155.78429pt.

Underfull \vbox (badness 10000) has occurred while \output is active []

 [15 <./7-1.png (PNG copy)> <./7-2.png (PNG copy)>]
<9-1.png, id=93, 772.8875pt x 719.68875pt>
File: 9-1.png Graphic file (type png)
 <use 9-1.png>
Package pdftex.def Info: 9-1.png used on input line 804.
(pdftex.def)             Requested size: 167.29964pt x 155.78429pt.

<9-2.png, id=94, 772.8875pt x 719.68875pt>
File: 9-2.png Graphic file (type png)
 <use 9-2.png>
Package pdftex.def Info: 9-2.png used on input line 808.
(pdftex.def)             Requested size: 167.29964pt x 155.78429pt.
 [16 <./8-1.png (PNG copy)> <./8-2.png (PNG copy)> <./9-1.png (PNG copy)> <./9-
2.png (PNG copy)>]
<10-1.png, id=98, 578.16pt x 433.62pt>
File: 10-1.png Graphic file (type png)
 <use 10-1.png>
Package pdftex.def Info: 10-1.png used on input line 845.
(pdftex.def)             Requested size: 204.9475pt x 153.7079pt.

<10-2.png, id=99, 578.16pt x 433.62pt>
File: 10-2.png Graphic file (type png)
 <use 10-2.png>
Package pdftex.def Info: 10-2.png used on input line 849.
(pdftex.def)             Requested size: 204.9475pt x 153.7079pt.

<11-1.png, id=100, 578.16pt x 433.62pt>
File: 11-1.png Graphic file (type png)
 <use 11-1.png>
Package pdftex.def Info: 11-1.png used on input line 860.
(pdftex.def)             Requested size: 204.9475pt x 153.7079pt.

<11-2.png, id=101, 578.16pt x 433.62pt>
File: 11-2.png Graphic file (type png)
 <use 11-2.png>
Package pdftex.def Info: 11-2.png used on input line 864.
(pdftex.def)             Requested size: 204.9475pt x 153.7079pt.

<12-1.png, id=102, 578.16pt x 433.62pt>
File: 12-1.png Graphic file (type png)
 <use 12-1.png>
Package pdftex.def Info: 12-1.png used on input line 875.
(pdftex.def)             Requested size: 204.9475pt x 153.7079pt.

<12-2.png, id=103, 578.16pt x 433.62pt>
File: 12-2.png Graphic file (type png)
 <use 12-2.png>
Package pdftex.def Info: 12-2.png used on input line 879.
(pdftex.def)             Requested size: 204.9475pt x 153.7079pt.

Underfull \vbox (badness 10000) has occurred while \output is active []

 [17 <./10-1.png> <./10-2.png> <./11-1.png> <./11-2.png>]
<13-1.png, id=111, 772.8875pt x 719.68875pt>
File: 13-1.png Graphic file (type png)
 <use 13-1.png>
Package pdftex.def Info: 13-1.png used on input line 889.
(pdftex.def)             Requested size: 184.45149pt x 171.75146pt.

<13-2.png, id=112, 772.8875pt x 719.68875pt>
File: 13-2.png Graphic file (type png)
 <use 13-2.png>
Package pdftex.def Info: 13-2.png used on input line 893.
(pdftex.def)             Requested size: 184.45149pt x 171.75146pt.

<13-3.png, id=113, 772.8875pt x 719.68875pt>
File: 13-3.png Graphic file (type png)
 <use 13-3.png>
Package pdftex.def Info: 13-3.png used on input line 897.
(pdftex.def)             Requested size: 184.45149pt x 171.75146pt.

<13-4.png, id=114, 772.8875pt x 719.68875pt>
File: 13-4.png Graphic file (type png)
 <use 13-4.png>
Package pdftex.def Info: 13-4.png used on input line 901.
(pdftex.def)             Requested size: 184.45149pt x 171.75146pt.

<14-1.png, id=115, 772.8875pt x 719.68875pt>
File: 14-1.png Graphic file (type png)
 <use 14-1.png>
Package pdftex.def Info: 14-1.png used on input line 911.
(pdftex.def)             Requested size: 184.45149pt x 171.75146pt.

<14-2.png, id=116, 772.8875pt x 719.68875pt>
File: 14-2.png Graphic file (type png)
 <use 14-2.png>
Package pdftex.def Info: 14-2.png used on input line 915.
(pdftex.def)             Requested size: 184.45149pt x 171.75146pt.

<14-3.png, id=117, 772.8875pt x 719.68875pt>
File: 14-3.png Graphic file (type png)
 <use 14-3.png>
Package pdftex.def Info: 14-3.png used on input line 919.
(pdftex.def)             Requested size: 184.45149pt x 171.75146pt.

<14-4.png, id=118, 772.8875pt x 719.68875pt>
File: 14-4.png Graphic file (type png)
 <use 14-4.png>
Package pdftex.def Info: 14-4.png used on input line 923.
(pdftex.def)             Requested size: 184.45149pt x 171.75146pt.
 [18 <./12-1.png> <./12-2.png> <./13-1.png (PNG copy)> <./13-2.png (PNG copy)> 
<./13-3.png (PNG copy)> <./13-4.png (PNG copy)>] <15-1.png, id=124, 578.16pt x 
433.62pt>
File: 15-1.png Graphic file (type png)

<use 15-1.png>
Package pdftex.def Info: 15-1.png used on input line 940.
(pdftex.def)             Requested size: 204.9475pt x 153.7079pt.
 <15-2.png, id=125, 578.16pt x 433.62pt>
File: 15-2.png Graphic file (type png)
 <use 15-2.png>
Package pdftex.def Info: 15-2.png used on input line 944.
(pdftex.def)             Requested size: 204.9475pt x 153.7079pt.

Underfull \vbox (badness 10000) has occurred while \output is active []

 [19 <./14-1.png (PNG copy)> <./14-2.png (PNG copy)> <./14-3.png (PNG copy)> <.
/14-4.png (PNG copy)>] <16-1.png, id=130, 578.16pt x 433.62pt>
File: 16-1.png Graphic file (type png)
 <use 16-1.png>
Package pdftex.def Info: 16-1.png used on input line 954.
(pdftex.def)             Requested size: 204.9475pt x 153.7079pt.

<16-2.png, id=131, 578.16pt x 433.62pt>
File: 16-2.png Graphic file (type png)
 <use 16-2.png>
Package pdftex.def Info: 16-2.png used on input line 958.
(pdftex.def)             Requested size: 204.9475pt x 153.7079pt.

<17-1.png, id=132, 772.8875pt x 719.68875pt>
File: 17-1.png Graphic file (type png)
 <use 17-1.png>
Package pdftex.def Info: 17-1.png used on input line 968.
(pdftex.def)             Requested size: 184.45149pt x 171.75146pt.

<17-2.png, id=133, 772.8875pt x 719.68875pt>
File: 17-2.png Graphic file (type png)
 <use 17-2.png>
Package pdftex.def Info: 17-2.png used on input line 972.
(pdftex.def)             Requested size: 184.45149pt x 171.75146pt.

<17-3.png, id=134, 772.8875pt x 719.68875pt>
File: 17-3.png Graphic file (type png)
 <use 17-3.png>
Package pdftex.def Info: 17-3.png used on input line 976.
(pdftex.def)             Requested size: 184.45149pt x 171.75146pt.

<17-4.png, id=135, 772.8875pt x 719.68875pt>
File: 17-4.png Graphic file (type png)
 <use 17-4.png>
Package pdftex.def Info: 17-4.png used on input line 980.
(pdftex.def)             Requested size: 184.45149pt x 171.75146pt.

Underfull \vbox (badness 10000) has occurred while \output is active []

 [20 <./15-1.png> <./15-2.png> <./16-1.png> <./16-2.png>]
<18-1.png, id=143, 772.8875pt x 719.68875pt>
File: 18-1.png Graphic file (type png)
 <use 18-1.png>
Package pdftex.def Info: 18-1.png used on input line 990.
(pdftex.def)             Requested size: 204.9475pt x 190.8374pt.

<18-2.png, id=144, 772.8875pt x 719.68875pt>
File: 18-2.png Graphic file (type png)
 <use 18-2.png>
Package pdftex.def Info: 18-2.png used on input line 994.
(pdftex.def)             Requested size: 204.9475pt x 190.8374pt.

<18-3.png, id=145, 772.8875pt x 719.68875pt>
File: 18-3.png Graphic file (type png)
 <use 18-3.png>
Package pdftex.def Info: 18-3.png used on input line 998.
(pdftex.def)             Requested size: 204.9475pt x 190.8374pt.

<18-4.png, id=146, 772.8875pt x 719.68875pt>
File: 18-4.png Graphic file (type png)
 <use 18-4.png>
Package pdftex.def Info: 18-4.png used on input line 1002.
(pdftex.def)             Requested size: 204.9475pt x 190.8374pt.

Underfull \vbox (badness 10000) has occurred while \output is active []

 [21 <./17-1.png (PNG copy)> <./17-2.png (PNG copy)> <./17-3.png (PNG copy)> <.
/17-4.png (PNG copy)>] [22 <./18-1.png (PNG copy)> <./18-2.png (PNG copy)> <./1
8-3.png (PNG copy)> <./18-4.png (PNG copy)>] [23]
Underfull \hbox (badness 1596) in paragraph at lines 1200--1205
[][]\T2A/cmr/m/n/10 Goluoglu S., Dodds H. L. A time-dependent, three-dimensiona
l neutron transport
 []

[24] (mm_avvs.aux) ) 
Here is how much of TeX's memory you used:
 4515 strings out of 493634
 58508 string characters out of 3135240
 124547 words of memory out of 3000000
 7776 multiletter control sequences out of 15000+200000
 25000 words of font info for 65 fonts, out of 3000000 for 9000
 1025 hyphenation exceptions out of 8191
 36i,17n,38p,1061b,352s stack positions out of 5000i,500n,10000p,200000b,50000s
 <C:\Users\haska\AppData\Local\MiKTeX\2.9\fonts\pk\ljfour\l
h\lh-t2a\dpi600\lati1000.pk> <C:\Users\haska\AppData\Local\MiKTeX\2.9\fonts\pk\
ljfour\lh\lh-t2a\dpi600\labx1095.pk> <C:\Users\haska\AppData\Local\MiKTeX\2.9\f
onts\pk\ljfour\lh\lh-t2a\dpi600\larm0900.pk> <C:\Users\haska\AppData\Local\MiKT
eX\2.9\fonts\pk\ljfour\lh\lh-t2a\dpi600\larm0600.pk> <C:\Users\haska\AppData\Lo
cal\MiKTeX\2.9\fonts\pk\ljfour\lh\lh-t2a\dpi600\labx0800.pk> <C:\Users\haska\Ap
pData\Local\MiKTeX\2.9\fonts\pk\ljfour\lh\lh-t2a\dpi600\larm1000.pk> <C:\Users\
haska\AppData\Local\MiKTeX\2.9\fonts\pk\ljfour\lh\lh-t2a\dpi600\lati1095.pk> <C
:\Users\haska\AppData\Local\MiKTeX\2.9\fonts\pk\ljfour\lh\lh-t2a\dpi600\larm070
0.pk> <C:\Users\haska\AppData\Local\MiKTeX\2.9\fonts\pk\ljfour\lh\lh-t2a\dpi600
\labx1000.pk> <C:\Users\haska\AppData\Local\MiKTeX\2.9\fonts\pk\ljfour\unknown\
unknown\dpi600\larm1095.pk><C:/Users/haska/AppData/Local/Programs/MiKTeX 2.9/fo
nts/type1/public/amsfonts/cm/cmex10.pfb><C:/Users/haska/AppData/Local/Programs/
MiKTeX 2.9/fonts/type1/public/amsfonts/cm/cmmi10.pfb><C:/Users/haska/AppData/Lo
cal/Programs/MiKTeX 2.9/fonts/type1/public/amsfonts/cm/cmmi6.pfb><C:/Users/hask
a/AppData/Local/Programs/MiKTeX 2.9/fonts/type1/public/amsfonts/cm/cmmi7.pfb><C
:/Users/haska/AppData/Local/Programs/MiKTeX 2.9/fonts/type1/public/amsfonts/cm/
cmmi8.pfb><C:/Users/haska/AppData/Local/Programs/MiKTeX 2.9/fonts/type1/public/
amsfonts/cm/cmmib10.pfb><C:/Users/haska/AppData/Local/Programs/MiKTeX 2.9/fonts
/type1/public/amsfonts/cm/cmr10.pfb><C:/Users/haska/AppData/Local/Programs/MiKT
eX 2.9/fonts/type1/public/amsfonts/cm/cmr6.pfb><C:/Users/haska/AppData/Local/Pr
ograms/MiKTeX 2.9/fonts/type1/public/amsfonts/cm/cmr7.pfb><C:/Users/haska/AppDa
ta/Local/Programs/MiKTeX 2.9/fonts/type1/public/amsfonts/cm/cmr8.pfb><C:/Users/
haska/AppData/Local/Programs/MiKTeX 2.9/fonts/type1/public/amsfonts/cm/cmsy10.p
fb><C:/Users/haska/AppData/Local/Programs/MiKTeX 2.9/fonts/type1/public/amsfont
s/cm/cmsy6.pfb><C:/Users/haska/AppData/Local/Programs/MiKTeX 2.9/fonts/type1/pu
blic/amsfonts/cm/cmsy8.pfb>
Output written on mm_avvs.pdf (24 pages, 1838488 bytes).
PDF statistics:
 653 PDF objects out of 1000 (max. 8388607)
 0 named destinations out of 1000 (max. 500000)
 216 words of extra memory for PDF output out of 10000 (max. 10000000)

