This is pdfTeX, Version 3.14159265-2.6-1.40.18 (TeX Live 2017/Debian) (preloaded format=pdflatex 2018.12.26)  8 FEB 2019 16:29
entering extended mode
 restricted \write18 enabled.
 %&-line parsing enabled.
**sp3.tex
(./sp3.tex
LaTeX2e <2017-04-15>
Babel <3.18> and hyphenation patterns for 84 language(s) loaded.
(/usr/share/texlive/texmf-dist/tex/latex/elsarticle/elsarticle.cls
Document Class: elsarticle 2009/09/17, 1.2.0: Elsevier Ltd
\@bls=\dimen102
(/usr/share/texlive/texmf-dist/tex/latex/base/article.cls
Document Class: article 2014/09/29 v1.4h Standard LaTeX document class
(/usr/share/texlive/texmf-dist/tex/latex/base/size10.clo
File: size10.clo 2014/09/29 v1.4h Standard LaTeX file (size option)
)
\c@part=\count79
\c@section=\count80
\c@subsection=\count81
\c@subsubsection=\count82
\c@paragraph=\count83
\c@subparagraph=\count84
\c@figure=\count85
\c@table=\count86
\abovecaptionskip=\skip41
\belowcaptionskip=\skip42
\bibindent=\dimen103
)
(/usr/share/texlive/texmf-dist/tex/latex/graphics/graphicx.sty
Package: graphicx 2017/06/01 v1.1a Enhanced LaTeX Graphics (DPC,SPQR)

(/usr/share/texlive/texmf-dist/tex/latex/graphics/keyval.sty
Package: keyval 2014/10/28 v1.15 key=value parser (DPC)
\KV@toks@=\toks14
)
(/usr/share/texlive/texmf-dist/tex/latex/graphics/graphics.sty
Package: graphics 2017/06/25 v1.2c Standard LaTeX Graphics (DPC,SPQR)

(/usr/share/texlive/texmf-dist/tex/latex/graphics/trig.sty
Package: trig 2016/01/03 v1.10 sin cos tan (DPC)
)
(/usr/share/texlive/texmf-dist/tex/latex/graphics-cfg/graphics.cfg
File: graphics.cfg 2016/06/04 v1.11 sample graphics configuration
)
Package graphics Info: Driver file: pdftex.def on input line 99.

(/usr/share/texlive/texmf-dist/tex/latex/graphics-def/pdftex.def
File: pdftex.def 2018/01/08 v1.0l Graphics/color driver for pdftex
))
\Gin@req@height=\dimen104
\Gin@req@width=\dimen105
)
(/usr/share/texlive/texmf-dist/tex/latex/psnfss/pifont.sty
Package: pifont 2005/04/12 PSNFSS-v9.2a Pi font support (SPQR) 
LaTeX Font Info:    Try loading font information for U+pzd on input line 63.

(/usr/share/texlive/texmf-dist/tex/latex/psnfss/upzd.fd
File: upzd.fd 2001/06/04 font definitions for U/pzd.
)
LaTeX Font Info:    Try loading font information for U+psy on input line 64.

(/usr/share/texlive/texmf-dist/tex/latex/psnfss/upsy.fd
File: upsy.fd 2001/06/04 font definitions for U/psy.
))
\c@tnote=\count87
\c@fnote=\count88
\c@cnote=\count89
\c@ead=\count90
\c@author=\count91
\@eadauthor=\toks15
\c@affn=\count92
\absbox=\box26
\keybox=\box27
\Columnwidth=\dimen106
\space@left=\dimen107
\els@boxa=\box28
\els@boxb=\box29
\leftMargin=\dimen108
\@enLab=\toks16
\@sep=\skip43
\@@sep=\skip44
 (./sp3.spl)
(/usr/share/texlive/texmf-dist/tex/latex/natbib/natbib.sty
Package: natbib 2010/09/13 8.31b (PWD, AO)
\bibhang=\skip45
\bibsep=\skip46
LaTeX Info: Redefining \cite on input line 694.
\c@NAT@ctr=\count93
)
\splwrite=\write3
\openout3 = `sp3.spl'.

)
(/usr/share/texlive/texmf-dist/tex/latex/amsmath/amsmath.sty
Package: amsmath 2017/09/02 v2.17a AMS math features
\@mathmargin=\skip47

For additional information on amsmath, use the `?' option.
(/usr/share/texlive/texmf-dist/tex/latex/amsmath/amstext.sty
Package: amstext 2000/06/29 v2.01 AMS text

(/usr/share/texlive/texmf-dist/tex/latex/amsmath/amsgen.sty
File: amsgen.sty 1999/11/30 v2.0 generic functions
\@emptytoks=\toks17
\ex@=\dimen109
))
(/usr/share/texlive/texmf-dist/tex/latex/amsmath/amsbsy.sty
Package: amsbsy 1999/11/29 v1.2d Bold Symbols
\pmbraise@=\dimen110
)
(/usr/share/texlive/texmf-dist/tex/latex/amsmath/amsopn.sty
Package: amsopn 2016/03/08 v2.02 operator names
)
\inf@bad=\count94
LaTeX Info: Redefining \frac on input line 213.
\uproot@=\count95
\leftroot@=\count96
LaTeX Info: Redefining \overline on input line 375.
\classnum@=\count97
\DOTSCASE@=\count98
LaTeX Info: Redefining \ldots on input line 472.
LaTeX Info: Redefining \dots on input line 475.
LaTeX Info: Redefining \cdots on input line 596.
\Mathstrutbox@=\box30
\strutbox@=\box31
\big@size=\dimen111
LaTeX Font Info:    Redeclaring font encoding OML on input line 712.
LaTeX Font Info:    Redeclaring font encoding OMS on input line 713.
\macc@depth=\count99
\c@MaxMatrixCols=\count100
\dotsspace@=\muskip10
\c@parentequation=\count101
\dspbrk@lvl=\count102
\tag@help=\toks18
\row@=\count103
\column@=\count104
\maxfields@=\count105
\andhelp@=\toks19
\eqnshift@=\dimen112
\alignsep@=\dimen113
\tagshift@=\dimen114
\tagwidth@=\dimen115
\totwidth@=\dimen116
\lineht@=\dimen117
\@envbody=\toks20
\multlinegap=\skip48
\multlinetaggap=\skip49
\mathdisplay@stack=\toks21
LaTeX Info: Redefining \[ on input line 2817.
LaTeX Info: Redefining \] on input line 2818.
)
(/usr/share/texlive/texmf-dist/tex/latex/tools/bm.sty
Package: bm 2017/01/16 v1.2c Bold Symbol Support (DPC/FMi)
\symboldoperators=\mathgroup4
\symboldletters=\mathgroup5
\symboldsymbols=\mathgroup6
LaTeX Font Info:    Redeclaring math alphabet \mathbf on input line 141.
LaTeX Info: Redefining \bm on input line 207.
)
(/usr/share/texlive/texmf-dist/tex/latex/pgf/frontendlayer/tikz.sty
(/usr/share/texlive/texmf-dist/tex/latex/pgf/basiclayer/pgf.sty
(/usr/share/texlive/texmf-dist/tex/latex/pgf/utilities/pgfrcs.sty
(/usr/share/texlive/texmf-dist/tex/generic/pgf/utilities/pgfutil-common.tex
\pgfutil@everybye=\toks22
\pgfutil@tempdima=\dimen118
\pgfutil@tempdimb=\dimen119

(/usr/share/texlive/texmf-dist/tex/generic/pgf/utilities/pgfutil-common-lists.t
ex)) (/usr/share/texlive/texmf-dist/tex/generic/pgf/utilities/pgfutil-latex.def
\pgfutil@abb=\box32
(/usr/share/texlive/texmf-dist/tex/latex/ms/everyshi.sty
Package: everyshi 2001/05/15 v3.00 EveryShipout Package (MS)
))
(/usr/share/texlive/texmf-dist/tex/generic/pgf/utilities/pgfrcs.code.tex
Package: pgfrcs 2015/08/07 v3.0.1a (rcs-revision 1.31)
))
Package: pgf 2015/08/07 v3.0.1a (rcs-revision 1.15)

(/usr/share/texlive/texmf-dist/tex/latex/pgf/basiclayer/pgfcore.sty
(/usr/share/texlive/texmf-dist/tex/latex/pgf/systemlayer/pgfsys.sty
(/usr/share/texlive/texmf-dist/tex/generic/pgf/systemlayer/pgfsys.code.tex
Package: pgfsys 2014/07/09 v3.0.1a (rcs-revision 1.48)

(/usr/share/texlive/texmf-dist/tex/generic/pgf/utilities/pgfkeys.code.tex
\pgfkeys@pathtoks=\toks23
\pgfkeys@temptoks=\toks24

(/usr/share/texlive/texmf-dist/tex/generic/pgf/utilities/pgfkeysfiltered.code.t
ex
\pgfkeys@tmptoks=\toks25
))
\pgf@x=\dimen120
\pgf@y=\dimen121
\pgf@xa=\dimen122
\pgf@ya=\dimen123
\pgf@xb=\dimen124
\pgf@yb=\dimen125
\pgf@xc=\dimen126
\pgf@yc=\dimen127
\w@pgf@writea=\write4
\r@pgf@reada=\read1
\c@pgf@counta=\count106
\c@pgf@countb=\count107
\c@pgf@countc=\count108
\c@pgf@countd=\count109
\t@pgf@toka=\toks26
\t@pgf@tokb=\toks27
\t@pgf@tokc=\toks28
 (/usr/share/texlive/texmf-dist/tex/generic/pgf/systemlayer/pgf.cfg
File: pgf.cfg 2008/05/14  (rcs-revision 1.7)
)
Driver file for pgf: pgfsys-pdftex.def

(/usr/share/texlive/texmf-dist/tex/generic/pgf/systemlayer/pgfsys-pdftex.def
File: pgfsys-pdftex.def 2014/10/11  (rcs-revision 1.35)

(/usr/share/texlive/texmf-dist/tex/generic/pgf/systemlayer/pgfsys-common-pdf.de
f
File: pgfsys-common-pdf.def 2013/10/10  (rcs-revision 1.13)
)))
(/usr/share/texlive/texmf-dist/tex/generic/pgf/systemlayer/pgfsyssoftpath.code.
tex
File: pgfsyssoftpath.code.tex 2013/09/09  (rcs-revision 1.9)
\pgfsyssoftpath@smallbuffer@items=\count110
\pgfsyssoftpath@bigbuffer@items=\count111
)
(/usr/share/texlive/texmf-dist/tex/generic/pgf/systemlayer/pgfsysprotocol.code.
tex
File: pgfsysprotocol.code.tex 2006/10/16  (rcs-revision 1.4)
)) (/usr/share/texlive/texmf-dist/tex/latex/xcolor/xcolor.sty
Package: xcolor 2016/05/11 v2.12 LaTeX color extensions (UK)

(/usr/share/texlive/texmf-dist/tex/latex/graphics-cfg/color.cfg
File: color.cfg 2016/01/02 v1.6 sample color configuration
)
Package xcolor Info: Driver file: pdftex.def on input line 225.
Package xcolor Info: Model `cmy' substituted by `cmy0' on input line 1348.
Package xcolor Info: Model `hsb' substituted by `rgb' on input line 1352.
Package xcolor Info: Model `RGB' extended on input line 1364.
Package xcolor Info: Model `HTML' substituted by `rgb' on input line 1366.
Package xcolor Info: Model `Hsb' substituted by `hsb' on input line 1367.
Package xcolor Info: Model `tHsb' substituted by `hsb' on input line 1368.
Package xcolor Info: Model `HSB' substituted by `hsb' on input line 1369.
Package xcolor Info: Model `Gray' substituted by `gray' on input line 1370.
Package xcolor Info: Model `wave' substituted by `hsb' on input line 1371.
)
(/usr/share/texlive/texmf-dist/tex/generic/pgf/basiclayer/pgfcore.code.tex
Package: pgfcore 2010/04/11 v3.0.1a (rcs-revision 1.7)

(/usr/share/texlive/texmf-dist/tex/generic/pgf/math/pgfmath.code.tex
(/usr/share/texlive/texmf-dist/tex/generic/pgf/math/pgfmathcalc.code.tex
(/usr/share/texlive/texmf-dist/tex/generic/pgf/math/pgfmathutil.code.tex)
(/usr/share/texlive/texmf-dist/tex/generic/pgf/math/pgfmathparser.code.tex
\pgfmath@dimen=\dimen128
\pgfmath@count=\count112
\pgfmath@box=\box33
\pgfmath@toks=\toks29
\pgfmath@stack@operand=\toks30
\pgfmath@stack@operation=\toks31
)
(/usr/share/texlive/texmf-dist/tex/generic/pgf/math/pgfmathfunctions.code.tex
(/usr/share/texlive/texmf-dist/tex/generic/pgf/math/pgfmathfunctions.basic.code
.tex)
(/usr/share/texlive/texmf-dist/tex/generic/pgf/math/pgfmathfunctions.trigonomet
ric.code.tex)
(/usr/share/texlive/texmf-dist/tex/generic/pgf/math/pgfmathfunctions.random.cod
e.tex)
(/usr/share/texlive/texmf-dist/tex/generic/pgf/math/pgfmathfunctions.comparison
.code.tex)
(/usr/share/texlive/texmf-dist/tex/generic/pgf/math/pgfmathfunctions.base.code.
tex)
(/usr/share/texlive/texmf-dist/tex/generic/pgf/math/pgfmathfunctions.round.code
.tex)
(/usr/share/texlive/texmf-dist/tex/generic/pgf/math/pgfmathfunctions.misc.code.
tex)
(/usr/share/texlive/texmf-dist/tex/generic/pgf/math/pgfmathfunctions.integerari
thmetics.code.tex)))
(/usr/share/texlive/texmf-dist/tex/generic/pgf/math/pgfmathfloat.code.tex
\c@pgfmathroundto@lastzeros=\count113
))
(/usr/share/texlive/texmf-dist/tex/generic/pgf/basiclayer/pgfcorepoints.code.te
x
File: pgfcorepoints.code.tex 2013/10/07  (rcs-revision 1.27)
\pgf@picminx=\dimen129
\pgf@picmaxx=\dimen130
\pgf@picminy=\dimen131
\pgf@picmaxy=\dimen132
\pgf@pathminx=\dimen133
\pgf@pathmaxx=\dimen134
\pgf@pathminy=\dimen135
\pgf@pathmaxy=\dimen136
\pgf@xx=\dimen137
\pgf@xy=\dimen138
\pgf@yx=\dimen139
\pgf@yy=\dimen140
\pgf@zx=\dimen141
\pgf@zy=\dimen142
)
(/usr/share/texlive/texmf-dist/tex/generic/pgf/basiclayer/pgfcorepathconstruct.
code.tex
File: pgfcorepathconstruct.code.tex 2013/10/07  (rcs-revision 1.29)
\pgf@path@lastx=\dimen143
\pgf@path@lasty=\dimen144
)
(/usr/share/texlive/texmf-dist/tex/generic/pgf/basiclayer/pgfcorepathusage.code
.tex
File: pgfcorepathusage.code.tex 2014/11/02  (rcs-revision 1.24)
\pgf@shorten@end@additional=\dimen145
\pgf@shorten@start@additional=\dimen146
)
(/usr/share/texlive/texmf-dist/tex/generic/pgf/basiclayer/pgfcorescopes.code.te
x
File: pgfcorescopes.code.tex 2015/05/08  (rcs-revision 1.46)
\pgfpic=\box34
\pgf@hbox=\box35
\pgf@layerbox@main=\box36
\pgf@picture@serial@count=\count114
)
(/usr/share/texlive/texmf-dist/tex/generic/pgf/basiclayer/pgfcoregraphicstate.c
ode.tex
File: pgfcoregraphicstate.code.tex 2014/11/02  (rcs-revision 1.12)
\pgflinewidth=\dimen147
)
(/usr/share/texlive/texmf-dist/tex/generic/pgf/basiclayer/pgfcoretransformation
s.code.tex
File: pgfcoretransformations.code.tex 2015/08/07  (rcs-revision 1.20)
\pgf@pt@x=\dimen148
\pgf@pt@y=\dimen149
\pgf@pt@temp=\dimen150
)
(/usr/share/texlive/texmf-dist/tex/generic/pgf/basiclayer/pgfcorequick.code.tex
File: pgfcorequick.code.tex 2008/10/09  (rcs-revision 1.3)
)
(/usr/share/texlive/texmf-dist/tex/generic/pgf/basiclayer/pgfcoreobjects.code.t
ex
File: pgfcoreobjects.code.tex 2006/10/11  (rcs-revision 1.2)
)
(/usr/share/texlive/texmf-dist/tex/generic/pgf/basiclayer/pgfcorepathprocessing
.code.tex
File: pgfcorepathprocessing.code.tex 2013/09/09  (rcs-revision 1.9)
)
(/usr/share/texlive/texmf-dist/tex/generic/pgf/basiclayer/pgfcorearrows.code.te
x
File: pgfcorearrows.code.tex 2015/05/14  (rcs-revision 1.43)
\pgfarrowsep=\dimen151
)
(/usr/share/texlive/texmf-dist/tex/generic/pgf/basiclayer/pgfcoreshade.code.tex
File: pgfcoreshade.code.tex 2013/07/15  (rcs-revision 1.15)
\pgf@max=\dimen152
\pgf@sys@shading@range@num=\count115
)
(/usr/share/texlive/texmf-dist/tex/generic/pgf/basiclayer/pgfcoreimage.code.tex
File: pgfcoreimage.code.tex 2013/07/15  (rcs-revision 1.18)

(/usr/share/texlive/texmf-dist/tex/generic/pgf/basiclayer/pgfcoreexternal.code.
tex
File: pgfcoreexternal.code.tex 2014/07/09  (rcs-revision 1.21)
\pgfexternal@startupbox=\box37
))
(/usr/share/texlive/texmf-dist/tex/generic/pgf/basiclayer/pgfcorelayers.code.te
x
File: pgfcorelayers.code.tex 2013/07/18  (rcs-revision 1.7)
)
(/usr/share/texlive/texmf-dist/tex/generic/pgf/basiclayer/pgfcoretransparency.c
ode.tex
File: pgfcoretransparency.code.tex 2013/09/30  (rcs-revision 1.5)
)
(/usr/share/texlive/texmf-dist/tex/generic/pgf/basiclayer/pgfcorepatterns.code.
tex
File: pgfcorepatterns.code.tex 2013/11/07  (rcs-revision 1.5)
)))
(/usr/share/texlive/texmf-dist/tex/generic/pgf/modules/pgfmoduleshapes.code.tex
File: pgfmoduleshapes.code.tex 2014/03/21  (rcs-revision 1.35)
\pgfnodeparttextbox=\box38
) (/usr/share/texlive/texmf-dist/tex/generic/pgf/modules/pgfmoduleplot.code.tex
File: pgfmoduleplot.code.tex 2015/08/03  (rcs-revision 1.13)
)
(/usr/share/texlive/texmf-dist/tex/latex/pgf/compatibility/pgfcomp-version-0-65
.sty
Package: pgfcomp-version-0-65 2007/07/03 v3.0.1a (rcs-revision 1.7)
\pgf@nodesepstart=\dimen153
\pgf@nodesepend=\dimen154
)
(/usr/share/texlive/texmf-dist/tex/latex/pgf/compatibility/pgfcomp-version-1-18
.sty
Package: pgfcomp-version-1-18 2007/07/23 v3.0.1a (rcs-revision 1.1)
)) (/usr/share/texlive/texmf-dist/tex/latex/pgf/utilities/pgffor.sty
(/usr/share/texlive/texmf-dist/tex/latex/pgf/utilities/pgfkeys.sty
(/usr/share/texlive/texmf-dist/tex/generic/pgf/utilities/pgfkeys.code.tex))
(/usr/share/texlive/texmf-dist/tex/latex/pgf/math/pgfmath.sty
(/usr/share/texlive/texmf-dist/tex/generic/pgf/math/pgfmath.code.tex))
(/usr/share/texlive/texmf-dist/tex/generic/pgf/utilities/pgffor.code.tex
Package: pgffor 2013/12/13 v3.0.1a (rcs-revision 1.25)

(/usr/share/texlive/texmf-dist/tex/generic/pgf/math/pgfmath.code.tex)
\pgffor@iter=\dimen155
\pgffor@skip=\dimen156
\pgffor@stack=\toks32
\pgffor@toks=\toks33
))
(/usr/share/texlive/texmf-dist/tex/generic/pgf/frontendlayer/tikz/tikz.code.tex
Package: tikz 2015/08/07 v3.0.1a (rcs-revision 1.151)

(/usr/share/texlive/texmf-dist/tex/generic/pgf/libraries/pgflibraryplothandlers
.code.tex
File: pgflibraryplothandlers.code.tex 2013/08/31 v3.0.1a (rcs-revision 1.20)
\pgf@plot@mark@count=\count116
\pgfplotmarksize=\dimen157
)
\tikz@lastx=\dimen158
\tikz@lasty=\dimen159
\tikz@lastxsaved=\dimen160
\tikz@lastysaved=\dimen161
\tikzleveldistance=\dimen162
\tikzsiblingdistance=\dimen163
\tikz@figbox=\box39
\tikz@figbox@bg=\box40
\tikz@tempbox=\box41
\tikz@tempbox@bg=\box42
\tikztreelevel=\count117
\tikznumberofchildren=\count118
\tikznumberofcurrentchild=\count119
\tikz@fig@count=\count120

(/usr/share/texlive/texmf-dist/tex/generic/pgf/modules/pgfmodulematrix.code.tex
File: pgfmodulematrix.code.tex 2013/09/17  (rcs-revision 1.8)
\pgfmatrixcurrentrow=\count121
\pgfmatrixcurrentcolumn=\count122
\pgf@matrix@numberofcolumns=\count123
)
\tikz@expandcount=\count124

(/usr/share/texlive/texmf-dist/tex/generic/pgf/frontendlayer/tikz/libraries/tik
zlibrarytopaths.code.tex
File: tikzlibrarytopaths.code.tex 2008/06/17 v3.0.1a (rcs-revision 1.2)
)))
(/usr/share/texlive/texmf-dist/tex/latex/pgfplots/pgfplots.sty
(/usr/share/texlive/texmf-dist/tex/generic/pgfplots/pgfplots.revision.tex)
Package: pgfplots 2017/06/05 v1.15 Data Visualization (1.15)

(/usr/share/texlive/texmf-dist/tex/generic/pgfplots/pgfplots.code.tex
(/usr/share/texlive/texmf-dist/tex/generic/pgfplots/pgfplotscore.code.tex
\t@pgfplots@toka=\toks34
\t@pgfplots@tokb=\toks35
\t@pgfplots@tokc=\toks36
\pgfplots@tmpa=\dimen164
\c@pgfplots@coordindex=\count125
\c@pgfplots@scanlineindex=\count126

(/usr/share/texlive/texmf-dist/tex/generic/pgfplots/sys/pgfplotssysgeneric.code
.tex))
(/usr/share/texlive/texmf-dist/tex/generic/pgfplots/libs/pgfplotslibrary.code.t
ex)
(/usr/share/texlive/texmf-dist/tex/generic/pgfplots/oldpgfcompatib/pgfplotsoldp
gfsupp_loader.code.tex
(/usr/share/texlive/texmf-dist/tex/generic/pgf/libraries/pgflibraryfpu.code.tex
)
Package pgfplots: loading complementary arithmetics for your pgf version...

(/usr/share/texlive/texmf-dist/tex/generic/pgfplots/oldpgfcompatib/pgfplotsoldp
gfsupp_pgflibraryfpu.code.tex)
(/usr/share/texlive/texmf-dist/tex/generic/pgfplots/oldpgfcompatib/pgfplotsoldp
gfsupp_pgfmathfloat.code.tex
\c@pgfmathroundto@lastzeros=\count127
))
(/usr/share/texlive/texmf-dist/tex/generic/pgfplots/util/pgfplotsutil.code.tex
(/usr/share/texlive/texmf-dist/tex/generic/pgfplots/liststructure/pgfplotslists
tructure.code.tex)
(/usr/share/texlive/texmf-dist/tex/generic/pgfplots/liststructure/pgfplotslists
tructureext.code.tex)
(/usr/share/texlive/texmf-dist/tex/generic/pgfplots/liststructure/pgfplotsarray
.code.tex
\c@pgfplotsarray@tmp=\count128
)
(/usr/share/texlive/texmf-dist/tex/generic/pgfplots/liststructure/pgfplotsmatri
x.code.tex)
(/usr/share/texlive/texmf-dist/tex/generic/pgfplots/numtable/pgfplotstableshare
d.code.tex
\c@pgfplotstable@counta=\count129
\t@pgfplotstable@a=\toks37
)
(/usr/share/texlive/texmf-dist/tex/generic/pgfplots/liststructure/pgfplotsdeque
.code.tex)
(/usr/share/texlive/texmf-dist/tex/generic/pgfplots/util/pgfplotsbinary.code.te
x
(/usr/share/texlive/texmf-dist/tex/generic/pgfplots/util/pgfplotsbinary.data.co
de.tex))
(/usr/share/texlive/texmf-dist/tex/generic/pgfplots/util/pgfplotsutil.verb.code
.tex)
(/usr/share/texlive/texmf-dist/tex/generic/pgfplots/libs/pgflibrarypgfplots.sur
fshading.code.tex
\c@pgfplotslibrarysurf@no=\count130

(/usr/share/texlive/texmf-dist/tex/generic/pgfplots/sys/pgflibrarypgfplots.surf
shading.pgfsys-pdftex.def)))
(/usr/share/texlive/texmf-dist/tex/generic/pgfplots/util/pgfplotscolormap.code.
tex
(/usr/share/texlive/texmf-dist/tex/generic/pgfplots/util/pgfplotscolor.code.tex
))
(/usr/share/texlive/texmf-dist/tex/generic/pgfplots/pgfplotsstackedplots.code.t
ex)
(/usr/share/texlive/texmf-dist/tex/generic/pgfplots/pgfplotsplothandlers.code.t
ex
(/usr/share/texlive/texmf-dist/tex/generic/pgfplots/pgfplotsmeshplothandler.cod
e.tex
(/usr/share/texlive/texmf-dist/tex/generic/pgfplots/pgfplotsmeshplotimage.code.
tex)))
(/usr/share/texlive/texmf-dist/tex/generic/pgfplots/pgfplots.scaling.code.tex)
(/usr/share/texlive/texmf-dist/tex/generic/pgfplots/pgfplotscoordprocessing.cod
e.tex)
(/usr/share/texlive/texmf-dist/tex/generic/pgfplots/pgfplots.errorbars.code.tex
) (/usr/share/texlive/texmf-dist/tex/generic/pgfplots/pgfplots.markers.code.tex
) (/usr/share/texlive/texmf-dist/tex/generic/pgfplots/pgfplotsticks.code.tex)
(/usr/share/texlive/texmf-dist/tex/generic/pgfplots/pgfplots.paths.code.tex)
(/usr/share/texlive/texmf-dist/tex/generic/pgf/frontendlayer/tikz/libraries/tik
zlibrarydecorations.code.tex
(/usr/share/texlive/texmf-dist/tex/generic/pgf/modules/pgfmoduledecorations.cod
e.tex
\pgfdecoratedcompleteddistance=\dimen165
\pgfdecoratedremainingdistance=\dimen166
\pgfdecoratedinputsegmentcompleteddistance=\dimen167
\pgfdecoratedinputsegmentremainingdistance=\dimen168
\pgf@decorate@distancetomove=\dimen169
\pgf@decorate@repeatstate=\count131
\pgfdecorationsegmentamplitude=\dimen170
\pgfdecorationsegmentlength=\dimen171
)
\tikz@lib@dec@box=\box43
)
(/usr/share/texlive/texmf-dist/tex/generic/pgf/frontendlayer/tikz/libraries/tik
zlibrarydecorations.pathmorphing.code.tex
(/usr/share/texlive/texmf-dist/tex/generic/pgf/libraries/decorations/pgflibrary
decorations.pathmorphing.code.tex))
(/usr/share/texlive/texmf-dist/tex/generic/pgf/frontendlayer/tikz/libraries/tik
zlibrarydecorations.pathreplacing.code.tex
(/usr/share/texlive/texmf-dist/tex/generic/pgf/libraries/decorations/pgflibrary
decorations.pathreplacing.code.tex))
\pgfplots@numplots=\count132
\pgfplots@xmin@reg=\dimen172
\pgfplots@xmax@reg=\dimen173
\pgfplots@ymin@reg=\dimen174
\pgfplots@ymax@reg=\dimen175
\pgfplots@zmin@reg=\dimen176
\pgfplots@zmax@reg=\dimen177
)
(/usr/share/texlive/texmf-dist/tex/generic/pgf/frontendlayer/tikz/libraries/tik
zlibraryplotmarks.code.tex
File: tikzlibraryplotmarks.code.tex 2008/01/09 v3.0.1a (rcs-revision 1.1)

(/usr/share/texlive/texmf-dist/tex/generic/pgf/libraries/pgflibraryplotmarks.co
de.tex
File: pgflibraryplotmarks.code.tex 2015/08/03 v3.0.1a (rcs-revision 1.14)
))) (/usr/share/texlive/texmf-dist/tex/latex/colortbl/colortbl.sty
Package: colortbl 2012/02/13 v1.0a Color table columns (DPC)

(/usr/share/texlive/texmf-dist/tex/latex/tools/array.sty
Package: array 2016/10/06 v2.4d Tabular extension package (FMi)
\col@sep=\dimen178
\extrarowheight=\dimen179
\NC@list=\toks38
\extratabsurround=\skip50
\backup@length=\skip51
)
\everycr=\toks39
\minrowclearance=\skip52
)
(/usr/share/texlive/texmf-dist/tex/latex/hyperref/hyperref.sty
Package: hyperref 2018/02/06 v6.86b Hypertext links for LaTeX

(/usr/share/texlive/texmf-dist/tex/generic/oberdiek/hobsub-hyperref.sty
Package: hobsub-hyperref 2016/05/16 v1.14 Bundle oberdiek, subset hyperref (HO)


(/usr/share/texlive/texmf-dist/tex/generic/oberdiek/hobsub-generic.sty
Package: hobsub-generic 2016/05/16 v1.14 Bundle oberdiek, subset generic (HO)
Package: hobsub 2016/05/16 v1.14 Construct package bundles (HO)
Package: infwarerr 2016/05/16 v1.4 Providing info/warning/error messages (HO)
Package: ltxcmds 2016/05/16 v1.23 LaTeX kernel commands for general use (HO)
Package: ifluatex 2016/05/16 v1.4 Provides the ifluatex switch (HO)
Package ifluatex Info: LuaTeX not detected.
Package: ifvtex 2016/05/16 v1.6 Detect VTeX and its facilities (HO)
Package ifvtex Info: VTeX not detected.
Package: intcalc 2016/05/16 v1.2 Expandable calculations with integers (HO)
Package: ifpdf 2017/03/15 v3.2 Provides the ifpdf switch
Package: etexcmds 2016/05/16 v1.6 Avoid name clashes with e-TeX commands (HO)
Package etexcmds Info: Could not find \expanded.
(etexcmds)             That can mean that you are not using pdfTeX 1.50 or
(etexcmds)             that some package has redefined \expanded.
(etexcmds)             In the latter case, load this package earlier.
Package: kvsetkeys 2016/05/16 v1.17 Key value parser (HO)
Package: kvdefinekeys 2016/05/16 v1.4 Define keys (HO)
Package: pdftexcmds 2018/01/21 v0.26 Utility functions of pdfTeX for LuaTeX (HO
)
Package pdftexcmds Info: LuaTeX not detected.
Package pdftexcmds Info: \pdf@primitive is available.
Package pdftexcmds Info: \pdf@ifprimitive is available.
Package pdftexcmds Info: \pdfdraftmode found.
Package: pdfescape 2016/05/16 v1.14 Implements pdfTeX's escape features (HO)
Package: bigintcalc 2016/05/16 v1.4 Expandable calculations on big integers (HO
)
Package: bitset 2016/05/16 v1.2 Handle bit-vector datatype (HO)
Package: uniquecounter 2016/05/16 v1.3 Provide unlimited unique counter (HO)
)
Package hobsub Info: Skipping package `hobsub' (already loaded).
Package: letltxmacro 2016/05/16 v1.5 Let assignment for LaTeX macros (HO)
Package: hopatch 2016/05/16 v1.3 Wrapper for package hooks (HO)
Package: xcolor-patch 2016/05/16 xcolor patch
Package: atveryend 2016/05/16 v1.9 Hooks at the very end of document (HO)
Package atveryend Info: \enddocument detected (standard20110627).
Package: atbegshi 2016/06/09 v1.18 At begin shipout hook (HO)
Package: refcount 2016/05/16 v3.5 Data extraction from label references (HO)
Package: hycolor 2016/05/16 v1.8 Color options for hyperref/bookmark (HO)
)
(/usr/share/texlive/texmf-dist/tex/generic/ifxetex/ifxetex.sty
Package: ifxetex 2010/09/12 v0.6 Provides ifxetex conditional
)
(/usr/share/texlive/texmf-dist/tex/latex/oberdiek/auxhook.sty
Package: auxhook 2016/05/16 v1.4 Hooks for auxiliary files (HO)
)
(/usr/share/texlive/texmf-dist/tex/latex/oberdiek/kvoptions.sty
Package: kvoptions 2016/05/16 v3.12 Key value format for package options (HO)
)
\@linkdim=\dimen180
\Hy@linkcounter=\count133
\Hy@pagecounter=\count134

(/usr/share/texlive/texmf-dist/tex/latex/hyperref/pd1enc.def
File: pd1enc.def 2018/02/06 v6.86b Hyperref: PDFDocEncoding definition (HO)
)
\Hy@SavedSpaceFactor=\count135

(/usr/share/texlive/texmf-dist/tex/latex/latexconfig/hyperref.cfg
File: hyperref.cfg 2002/06/06 v1.2 hyperref configuration of TeXLive
)
Package hyperref Info: Hyper figures OFF on input line 4509.
Package hyperref Info: Link nesting OFF on input line 4514.
Package hyperref Info: Hyper index ON on input line 4517.
Package hyperref Info: Plain pages OFF on input line 4524.
Package hyperref Info: Backreferencing OFF on input line 4529.
Package hyperref Info: Implicit mode ON; LaTeX internals redefined.
Package hyperref Info: Bookmarks ON on input line 4762.
\c@Hy@tempcnt=\count136

(/usr/share/texlive/texmf-dist/tex/latex/url/url.sty
\Urlmuskip=\muskip11
Package: url 2013/09/16  ver 3.4  Verb mode for urls, etc.
)
LaTeX Info: Redefining \url on input line 5115.
\XeTeXLinkMargin=\dimen181
\Fld@menulength=\count137
\Field@Width=\dimen182
\Fld@charsize=\dimen183
Package hyperref Info: Hyper figures OFF on input line 6369.
Package hyperref Info: Link nesting OFF on input line 6374.
Package hyperref Info: Hyper index ON on input line 6377.
Package hyperref Info: backreferencing OFF on input line 6384.
Package hyperref Info: Link coloring OFF on input line 6389.
Package hyperref Info: Link coloring with OCG OFF on input line 6394.
Package hyperref Info: PDF/A mode OFF on input line 6399.
LaTeX Info: Redefining \ref on input line 6439.
LaTeX Info: Redefining \pageref on input line 6443.
\Hy@abspage=\count138
\c@Item=\count139
\c@Hfootnote=\count140
)
Package hyperref Info: Driver (autodetected): hpdftex.

(/usr/share/texlive/texmf-dist/tex/latex/hyperref/hpdftex.def
File: hpdftex.def 2018/02/06 v6.86b Hyperref driver for pdfTeX
\Fld@listcount=\count141
\c@bookmark@seq@number=\count142

(/usr/share/texlive/texmf-dist/tex/latex/oberdiek/rerunfilecheck.sty
Package: rerunfilecheck 2016/05/16 v1.8 Rerun checks for auxiliary files (HO)
Package uniquecounter Info: New unique counter `rerunfilecheck' on input line 2
82.
)
\Hy@SectionHShift=\skip53
)
(/usr/share/texlive/texmf-dist/tex/latex/multirow/multirow.sty
Package: multirow 2016/11/25 v2.2 Span multiple rows of a table
\multirow@colwidth=\skip54
\multirow@cntb=\count143
\multirow@dima=\skip55
\bigstrutjot=\dimen184
)
\c@thm=\count144
\c@pf=\count145
 (./sp3.aux)
\openout1 = `sp3.aux'.

LaTeX Font Info:    Checking defaults for OML/cmm/m/it on input line 23.
LaTeX Font Info:    ... okay on input line 23.
LaTeX Font Info:    Checking defaults for T1/cmr/m/n on input line 23.
LaTeX Font Info:    ... okay on input line 23.
LaTeX Font Info:    Checking defaults for OT1/cmr/m/n on input line 23.
LaTeX Font Info:    ... okay on input line 23.
LaTeX Font Info:    Checking defaults for OMS/cmsy/m/n on input line 23.
LaTeX Font Info:    ... okay on input line 23.
LaTeX Font Info:    Checking defaults for OMX/cmex/m/n on input line 23.
LaTeX Font Info:    ... okay on input line 23.
LaTeX Font Info:    Checking defaults for U/cmr/m/n on input line 23.
LaTeX Font Info:    ... okay on input line 23.
LaTeX Font Info:    Checking defaults for PD1/pdf/m/n on input line 23.
LaTeX Font Info:    ... okay on input line 23.

(/usr/share/texlive/texmf-dist/tex/context/base/mkii/supp-pdf.mkii
[Loading MPS to PDF converter (version 2006.09.02).]
\scratchcounter=\count146
\scratchdimen=\dimen185
\scratchbox=\box44
\nofMPsegments=\count147
\nofMParguments=\count148
\everyMPshowfont=\toks40
\MPscratchCnt=\count149
\MPscratchDim=\dimen186
\MPnumerator=\count150
\makeMPintoPDFobject=\count151
\everyMPtoPDFconversion=\toks41
) (/usr/share/texlive/texmf-dist/tex/latex/oberdiek/epstopdf-base.sty
Package: epstopdf-base 2016/05/15 v2.6 Base part for package epstopdf

(/usr/share/texlive/texmf-dist/tex/latex/oberdiek/grfext.sty
Package: grfext 2016/05/16 v1.2 Manage graphics extensions (HO)
)
Package epstopdf-base Info: Redefining graphics rule for `.eps' on input line 4
38.
Package grfext Info: Graphics extension search list:
(grfext)             [.pdf,.png,.jpg,.mps,.jpeg,.jbig2,.jb2,.PDF,.PNG,.JPG,.JPE
G,.JBIG2,.JB2,.eps]
(grfext)             \AppendGraphicsExtensions on input line 456.

(/usr/share/texlive/texmf-dist/tex/latex/latexconfig/epstopdf-sys.cfg
File: epstopdf-sys.cfg 2010/07/13 v1.3 Configuration of (r)epstopdf for TeX Liv
e
))
ABD: EveryShipout initializing macros

Package pgfplots Warning: running in backwards compatibility mode (unsuitable t
ick labels; missing features). Consider writing \pgfplotsset{compat=1.15} into 
your preamble.
 on input line 23.

\AtBeginShipoutBox=\box45
Package hyperref Info: Link coloring OFF on input line 23.
(/usr/share/texlive/texmf-dist/tex/latex/hyperref/nameref.sty
Package: nameref 2016/05/21 v2.44 Cross-referencing by name of section

(/usr/share/texlive/texmf-dist/tex/generic/oberdiek/gettitlestring.sty
Package: gettitlestring 2016/05/16 v1.5 Cleanup title references (HO)
)
\c@section@level=\count152
)
LaTeX Info: Redefining \ref on input line 23.
LaTeX Info: Redefining \pageref on input line 23.
LaTeX Info: Redefining \nameref on input line 23.

(./sp3.out) (./sp3.out)
\@outlinefile=\write5
\openout5 = `sp3.out'.

Missing character: There is no â in font cmr10!
Missing character: There is no € in font cmr10!
Missing character: There is no ™ in font cmr10!
 [1


{/var/lib/texmf/fonts/map/pdftex/updmap/pdftex.map}]
[2]
Missing character: There is no â in font cmr10!
Missing character: There is no € in font cmr10!
Missing character: There is no ™ in font cmr10!
 [3]
Overfull \hbox (5.20132pt too wide) in paragraph at lines 138--152
\OT1/cmr/m/n/10 0th mo-ment of an-gu-lar flux, $\OML/cmm/m/it/10 ^^^[]\OT1/cmr/
m/n/10 (\OML/cmm/b/it/10 x\OML/cmm/m/it/10 ; t\OT1/cmr/m/n/10 )$ --- sec-ond mo
-ment of an-gu-lar flux, $^^F[](\OML/cmm/b/it/10 x\OML/cmm/m/it/10 ; t\OT1/cmr/
m/n/10 )$
 []

[4]
Overfull \hbox (14.71832pt too wide) in paragraph at lines 270--274
\OT1/cmr/m/n/10 where $\OML/cmm/b/it/10 u[] \OT1/cmr/m/n/10 = \OMS/cmsy/m/n/10 
f\OML/cmm/m/it/10 ^^^[]; ^^^[]; :::; ^^^[]\OMS/cmsy/m/n/10 g$\OT1/cmr/m/n/10 , 
$\OML/cmm/b/it/10 u[] \OT1/cmr/m/n/10 = \OMS/cmsy/m/n/10 f\OML/cmm/m/it/10 ^^^[
]; ^^^[]; :::; ^^^[]\OMS/cmsy/m/n/10 g$ \OT1/cmr/m/n/10 and $\OML/cmm/b/it/10 c
[] \OT1/cmr/m/n/10 = \OMS/cmsy/m/n/10 f\OML/cmm/m/it/10 c[]; c[]; :::; c[]\OMS/
cmsy/m/n/10 g$\OT1/cmr/m/n/10 . 
 []

Missing character: There is no â in font cmr10!
Missing character: There is no € in font cmr10!
Missing character: There is no ™ in font cmr10!
Missing character: There is no â in font cmr10!
Missing character: There is no € in font cmr10!
Missing character: There is no ‹ in font cmr10!
Missing character: There is no â in font cmr10!
Missing character: There is no € in font cmr10!
Missing character: There is no ‹ in font cmr10!
[5]
LaTeX Font Info:    Try loading font information for OMS+cmr on input line 362.

 (/usr/share/texlive/texmf-dist/tex/latex/base/omscmr.fd
File: omscmr.fd 2014/09/29 v2.5h Standard LaTeX font definitions
)
LaTeX Font Info:    Font shape `OMS/cmr/m/n' in size <10> not available
(Font)              Font shape `OMS/cmsy/m/n' tried instead on input line 362.
 [6]
<figs/mesh1.png, id=233, 175.65625pt x 153.57375pt>
File: figs/mesh1.png Graphic file (type png)
<use figs/mesh1.png>
Package pdftex.def Info: figs/mesh1.png  used on input line 370.
(pdftex.def)             Requested size: 103.50105pt x 90.49289pt.
<figs/mesh2.png, id=235, 247.92625pt x 214.8025pt>
File: figs/mesh2.png Graphic file (type png)
<use figs/mesh2.png>
Package pdftex.def Info: figs/mesh2.png  used on input line 374.
(pdftex.def)             Requested size: 103.50105pt x 89.67235pt.
<figs/mesh3.png, id=236, 251.94125pt x 219.82124pt>
File: figs/mesh3.png Graphic file (type png)
<use figs/mesh3.png>
Package pdftex.def Info: figs/mesh3.png  used on input line 378.
(pdftex.def)             Requested size: 103.50105pt x 90.30505pt.
<figs/iaea.png, id=240, 1059.96pt x 938.50626pt>
File: figs/iaea.png Graphic file (type png)
<use figs/iaea.png>
Package pdftex.def Info: figs/iaea.png  used on input line 390.
(pdftex.def)             Requested size: 207.0021pt x 183.2729pt.
 [7 <./figs/mesh1.png> <./figs/mesh2.png> <./figs/mesh3.png> <./figs/iaea.png>]
 [8]
<figs/diff_without_p2n24.png, id=271, 704.6325pt x 379.4175pt>
File: figs/diff_without_p2n24.png Graphic file (type png)
<use figs/diff_without_p2n24.png>
Package pdftex.def Info: figs/diff_without_p2n24.png  used on input line 482.
(pdftex.def)             Requested size: 293.2521pt x 157.90111pt.
<figs/sp3_without_p2n24.png, id=272, 704.6325pt x 379.4175pt>
File: figs/sp3_without_p2n24.png Graphic file (type png)
<use figs/sp3_without_p2n24.png>
Package pdftex.def Info: figs/sp3_without_p2n24.png  used on input line 489.
(pdftex.def)             Requested size: 293.2521pt x 157.90111pt.
 [9 <./figs/diff_without_p2n24.png>]
<figs/iaea_without/alpha_sp3_u1_1_without.png, id=283, 262.3401pt x 189.3474pt>

File: figs/iaea_without/alpha_sp3_u1_1_without.png Graphic file (type png)
<use figs/iaea_without/alpha_sp3_u1_1_without.png>
Package pdftex.def Info: figs/iaea_without/alpha_sp3_u1_1_without.png  used on 
input line 561.
(pdftex.def)             Requested size: 169.0519pt x 122.01978pt.
<figs/iaea_without/alpha_sp3_u2_1_without.png, id=284, 262.3401pt x 189.3474pt>

File: figs/iaea_without/alpha_sp3_u2_1_without.png Graphic file (type png)
<use figs/iaea_without/alpha_sp3_u2_1_without.png>
Package pdftex.def Info: figs/iaea_without/alpha_sp3_u2_1_without.png  used on 
input line 562.
(pdftex.def)             Requested size: 169.0519pt x 122.01978pt.
<figs/iaea_without/alpha_sp3_u1_2_without.png, id=285, 264.2673pt x 189.3474pt>

File: figs/iaea_without/alpha_sp3_u1_2_without.png Graphic file (type png)
<use figs/iaea_without/alpha_sp3_u1_2_without.png>
Package pdftex.def Info: figs/iaea_without/alpha_sp3_u1_2_without.png  used on 
input line 569.
(pdftex.def)             Requested size: 169.0519pt x 121.12413pt.
<figs/iaea_without/alpha_sp3_u1_3_without.png, id=286, 264.2673pt x 189.3474pt>

File: figs/iaea_without/alpha_sp3_u1_3_without.png Graphic file (type png)
<use figs/iaea_without/alpha_sp3_u1_3_without.png>
Package pdftex.def Info: figs/iaea_without/alpha_sp3_u1_3_without.png  used on 
input line 570.
(pdftex.def)             Requested size: 169.0519pt x 121.12413pt.
<figs/iaea_without/alpha_sp3_u1_4_without.png, id=287, 264.2673pt x 189.3474pt>

File: figs/iaea_without/alpha_sp3_u1_4_without.png Graphic file (type png)
<use figs/iaea_without/alpha_sp3_u1_4_without.png>
Package pdftex.def Info: figs/iaea_without/alpha_sp3_u1_4_without.png  used on 
input line 577.
(pdftex.def)             Requested size: 169.0519pt x 121.12413pt.
<figs/iaea_without/alpha_sp3_u1_5_without.png, id=288, 264.2673pt x 189.3474pt>

File: figs/iaea_without/alpha_sp3_u1_5_without.png Graphic file (type png)
<use figs/iaea_without/alpha_sp3_u1_5_without.png>
Package pdftex.def Info: figs/iaea_without/alpha_sp3_u1_5_without.png  used on 
input line 578.
(pdftex.def)             Requested size: 169.0519pt x 121.12413pt.
 [10 <./figs/sp3_without_p2n24.png>] [11 <./figs/iaea_without/alpha_sp3_u1_1_wi
thout.png> <./figs/iaea_without/alpha_sp3_u2_1_without.png> <./figs/iaea_withou
t/alpha_sp3_u1_2_without.png> <./figs/iaea_without/alpha_sp3_u1_3_without.png>]
<figs/iaea_without/alpha_delayed_sp3_u1_1_without.png, id=307, 744.7825pt x 543
.02875pt>
File: figs/iaea_without/alpha_delayed_sp3_u1_1_without.png Graphic file (type p
ng)
<use figs/iaea_without/alpha_delayed_sp3_u1_1_without.png>
Package pdftex.def Info: figs/iaea_without/alpha_delayed_sp3_u1_1_without.png  
used on input line 648.
(pdftex.def)             Requested size: 169.0519pt x 123.25336pt.
<figs/iaea_without/alpha_delayed_sp3_u2_1_without.png, id=308, 744.7825pt x 543
.02875pt>
File: figs/iaea_without/alpha_delayed_sp3_u2_1_without.png Graphic file (type p
ng)
<use figs/iaea_without/alpha_delayed_sp3_u2_1_without.png>
Package pdftex.def Info: figs/iaea_without/alpha_delayed_sp3_u2_1_without.png  
used on input line 649.
(pdftex.def)             Requested size: 169.0519pt x 123.25336pt.
<figs/iaea_without/alpha_delayed_sp3_u1_2_without.png, id=309, 749.80125pt x 54
3.02875pt>
File: figs/iaea_without/alpha_delayed_sp3_u1_2_without.png Graphic file (type p
ng)
<use figs/iaea_without/alpha_delayed_sp3_u1_2_without.png>
Package pdftex.def Info: figs/iaea_without/alpha_delayed_sp3_u1_2_without.png  
used on input line 656.
(pdftex.def)             Requested size: 169.0519pt x 122.42476pt.
<figs/iaea_without/alpha_delayed_sp3_u1_3_without.png, id=310, 749.80125pt x 54
3.02875pt>
File: figs/iaea_without/alpha_delayed_sp3_u1_3_without.png Graphic file (type p
ng)
<use figs/iaea_without/alpha_delayed_sp3_u1_3_without.png>
Package pdftex.def Info: figs/iaea_without/alpha_delayed_sp3_u1_3_without.png  
used on input line 657.
(pdftex.def)             Requested size: 169.0519pt x 122.42476pt.
<figs/iaea_without/alpha_delayed_sp3_u1_4_without.png, id=311, 749.80125pt x 54
3.02875pt>
File: figs/iaea_without/alpha_delayed_sp3_u1_4_without.png Graphic file (type p
ng)
<use figs/iaea_without/alpha_delayed_sp3_u1_4_without.png>
Package pdftex.def Info: figs/iaea_without/alpha_delayed_sp3_u1_4_without.png  
used on input line 664.
(pdftex.def)             Requested size: 169.0519pt x 122.42476pt.
<figs/iaea_without/alpha_delayed_sp3_u1_5_without.png, id=312, 749.80125pt x 54
3.02875pt>
File: figs/iaea_without/alpha_delayed_sp3_u1_5_without.png Graphic file (type p
ng)
<use figs/iaea_without/alpha_delayed_sp3_u1_5_without.png>
Package pdftex.def Info: figs/iaea_without/alpha_delayed_sp3_u1_5_without.png  
used on input line 665.
(pdftex.def)             Requested size: 169.0519pt x 122.42476pt.
 [12 <./figs/iaea_without/alpha_sp3_u1_4_without.png> <./figs/iaea_without/alph
a_sp3_u1_5_without.png>] [13 <./figs/iaea_without/alpha_delayed_sp3_u1_1_withou
t.png> <./figs/iaea_without/alpha_delayed_sp3_u2_1_without.png> <./figs/iaea_wi
thout/alpha_delayed_sp3_u1_2_without.png> <./figs/iaea_without/alpha_delayed_sp
3_u1_3_without.png>]

LaTeX Warning: `h' float specifier changed to `ht'.

<figs/diff_p2n24.png, id=338, 704.6325pt x 379.4175pt>
File: figs/diff_p2n24.png Graphic file (type png)
<use figs/diff_p2n24.png>
Package pdftex.def Info: figs/diff_p2n24.png  used on input line 733.
(pdftex.def)             Requested size: 293.2521pt x 157.90111pt.

LaTeX Warning: `h' float specifier changed to `ht'.

<figs/sp3_p3n96.png, id=339, 704.6325pt x 379.4175pt>
File: figs/sp3_p3n96.png Graphic file (type png)
<use figs/sp3_p3n96.png>
Package pdftex.def Info: figs/sp3_p3n96.png  used on input line 741.
(pdftex.def)             Requested size: 293.2521pt x 157.90111pt.

LaTeX Warning: `h' float specifier changed to `ht'.

[14 <./figs/iaea_without/alpha_delayed_sp3_u1_4_without.png> <./figs/iaea_witho
ut/alpha_delayed_sp3_u1_5_without.png>]

LaTeX Warning: `h' float specifier changed to `ht'.


LaTeX Warning: `h' float specifier changed to `ht'.

<figs/iaea_with/alpha_sp3_u1_1.png, id=352, 740.7675pt x 543.02875pt>
File: figs/iaea_with/alpha_sp3_u1_1.png Graphic file (type png)
<use figs/iaea_with/alpha_sp3_u1_1.png>
Package pdftex.def Info: figs/iaea_with/alpha_sp3_u1_1.png  used on input line 
815.
(pdftex.def)             Requested size: 169.0519pt x 123.92451pt.
<figs/iaea_with/alpha_sp3_u2_1.png, id=353, 740.7675pt x 543.02875pt>
File: figs/iaea_with/alpha_sp3_u2_1.png Graphic file (type png)
<use figs/iaea_with/alpha_sp3_u2_1.png>
Package pdftex.def Info: figs/iaea_with/alpha_sp3_u2_1.png  used on input line 
816.
(pdftex.def)             Requested size: 169.0519pt x 123.92451pt.

LaTeX Warning: `h' float specifier changed to `ht'.

<figs/iaea_with/alpha_sp3_u1_2.png, id=354, 745.78625pt x 543.02875pt>
File: figs/iaea_with/alpha_sp3_u1_2.png Graphic file (type png)
<use figs/iaea_with/alpha_sp3_u1_2.png>
Package pdftex.def Info: figs/iaea_with/alpha_sp3_u1_2.png  used on input line 
824.
(pdftex.def)             Requested size: 169.0519pt x 123.08765pt.
<figs/iaea_with/alpha_sp3_u1_3.png, id=355, 745.78625pt x 543.02875pt>
File: figs/iaea_with/alpha_sp3_u1_3.png Graphic file (type png)
<use figs/iaea_with/alpha_sp3_u1_3.png>
Package pdftex.def Info: figs/iaea_with/alpha_sp3_u1_3.png  used on input line 
825.
(pdftex.def)             Requested size: 169.0519pt x 123.08765pt.

LaTeX Warning: `h' float specifier changed to `ht'.

<figs/iaea_with/alpha_sp3_u1_4.png, id=356, 745.78625pt x 543.02875pt>
File: figs/iaea_with/alpha_sp3_u1_4.png Graphic file (type png)
<use figs/iaea_with/alpha_sp3_u1_4.png>
Package pdftex.def Info: figs/iaea_with/alpha_sp3_u1_4.png  used on input line 
833.
(pdftex.def)             Requested size: 169.0519pt x 123.08765pt.
<figs/iaea_with/alpha_sp3_u1_5.png, id=357, 745.78625pt x 543.02875pt>
File: figs/iaea_with/alpha_sp3_u1_5.png Graphic file (type png)
<use figs/iaea_with/alpha_sp3_u1_5.png>
Package pdftex.def Info: figs/iaea_with/alpha_sp3_u1_5.png  used on input line 
834.
(pdftex.def)             Requested size: 169.0519pt x 123.08765pt.

LaTeX Warning: `h' float specifier changed to `ht'.


LaTeX Warning: `h' float specifier changed to `ht'.


LaTeX Warning: `h' float specifier changed to `ht'.

<figs/iaea_with/alpha_delayed_sp3_u1_1.png, id=358, 265.7127pt x 188.6247pt>
File: figs/iaea_with/alpha_delayed_sp3_u1_1.png Graphic file (type png)
<use figs/iaea_with/alpha_delayed_sp3_u1_1.png>
Package pdftex.def Info: figs/iaea_with/alpha_delayed_sp3_u1_1.png  used on inp
ut line 899.
(pdftex.def)             Requested size: 169.0519pt x 120.00847pt.
<figs/iaea_with/alpha_delayed_sp3_u2_1.png, id=359, 265.7127pt x 188.6247pt>
File: figs/iaea_with/alpha_delayed_sp3_u2_1.png Graphic file (type png)
<use figs/iaea_with/alpha_delayed_sp3_u2_1.png>
Package pdftex.def Info: figs/iaea_with/alpha_delayed_sp3_u2_1.png  used on inp
ut line 900.
(pdftex.def)             Requested size: 169.0519pt x 120.00847pt.

LaTeX Warning: `h' float specifier changed to `ht'.

<figs/iaea_with/alpha_delayed_sp3_u1_2.png, id=360, 745.78625pt x 543.02875pt>
File: figs/iaea_with/alpha_delayed_sp3_u1_2.png Graphic file (type png)
<use figs/iaea_with/alpha_delayed_sp3_u1_2.png>
Package pdftex.def Info: figs/iaea_with/alpha_delayed_sp3_u1_2.png  used on inp
ut line 908.
(pdftex.def)             Requested size: 169.0519pt x 123.08765pt.
<figs/iaea_with/alpha_delayed_sp3_u1_3.png, id=361, 745.78625pt x 543.02875pt>
File: figs/iaea_with/alpha_delayed_sp3_u1_3.png Graphic file (type png)
<use figs/iaea_with/alpha_delayed_sp3_u1_3.png>
Package pdftex.def Info: figs/iaea_with/alpha_delayed_sp3_u1_3.png  used on inp
ut line 909.
(pdftex.def)             Requested size: 169.0519pt x 123.08765pt.

LaTeX Warning: `h' float specifier changed to `ht'.

<figs/iaea_with/alpha_delayed_sp3_u1_4.png, id=362, 745.78625pt x 543.02875pt>
File: figs/iaea_with/alpha_delayed_sp3_u1_4.png Graphic file (type png)
<use figs/iaea_with/alpha_delayed_sp3_u1_4.png>
Package pdftex.def Info: figs/iaea_with/alpha_delayed_sp3_u1_4.png  used on inp
ut line 917.
(pdftex.def)             Requested size: 169.0519pt x 123.08765pt.
<figs/iaea_with/alpha_delayed_sp3_u1_5.png, id=363, 745.78625pt x 543.02875pt>
File: figs/iaea_with/alpha_delayed_sp3_u1_5.png Graphic file (type png)
<use figs/iaea_with/alpha_delayed_sp3_u1_5.png>
Package pdftex.def Info: figs/iaea_with/alpha_delayed_sp3_u1_5.png  used on inp
ut line 918.
(pdftex.def)             Requested size: 169.0519pt x 123.08765pt.

LaTeX Warning: `h' float specifier changed to `ht'.

<figs/iaea_cosym.png, id=365, 377.2494pt x 333.52605pt>
File: figs/iaea_cosym.png Graphic file (type png)
<use figs/iaea_cosym.png>
Package pdftex.def Info: figs/iaea_cosym.png  used on input line 930.
(pdftex.def)             Requested size: 207.0021pt x 183.01239pt.

LaTeX Warning: `h' float specifier changed to `ht'.


LaTeX Warning: `h' float specifier changed to `ht'.


LaTeX Warning: `h' float specifier changed to `ht'.

[15 <./figs/diff_p2n24.png>]

LaTeX Warning: `h' float specifier changed to `ht'.


LaTeX Warning: `h' float specifier changed to `ht'.

<figs/iaea_cosym/sp3_alpha_u1_1_assym.png, id=372, 255.8358pt x 188.6247pt>
File: figs/iaea_cosym/sp3_alpha_u1_1_assym.png Graphic file (type png)
<use figs/iaea_cosym/sp3_alpha_u1_1_assym.png>
Package pdftex.def Info: figs/iaea_cosym/sp3_alpha_u1_1_assym.png  used on inpu
t line 1052.
(pdftex.def)             Requested size: 169.0519pt x 124.64233pt.
<figs/iaea_cosym/sp3_alpha_u2_1_assym.png, id=373, 255.8358pt x 188.6247pt>
File: figs/iaea_cosym/sp3_alpha_u2_1_assym.png Graphic file (type png)
<use figs/iaea_cosym/sp3_alpha_u2_1_assym.png>
Package pdftex.def Info: figs/iaea_cosym/sp3_alpha_u2_1_assym.png  used on inpu
t line 1053.
(pdftex.def)             Requested size: 169.0519pt x 124.64233pt.

LaTeX Warning: `h' float specifier changed to `ht'.

<figs/iaea_cosym/sp3_alpha_u1_2_assym.png, id=374, 257.763pt x 188.6247pt>
File: figs/iaea_cosym/sp3_alpha_u1_2_assym.png Graphic file (type png)
<use figs/iaea_cosym/sp3_alpha_u1_2_assym.png>
Package pdftex.def Info: figs/iaea_cosym/sp3_alpha_u1_2_assym.png  used on inpu
t line 1061.
(pdftex.def)             Requested size: 169.0519pt x 123.71268pt.
<figs/iaea_cosym/sp3_alpha_u1_3_assym.png, id=375, 257.763pt x 188.6247pt>
File: figs/iaea_cosym/sp3_alpha_u1_3_assym.png Graphic file (type png)
<use figs/iaea_cosym/sp3_alpha_u1_3_assym.png>
Package pdftex.def Info: figs/iaea_cosym/sp3_alpha_u1_3_assym.png  used on inpu
t line 1062.
(pdftex.def)             Requested size: 169.0519pt x 123.71268pt.

LaTeX Warning: `h' float specifier changed to `ht'.

<figs/iaea_cosym/sp3_alpha_u1_4_assym.png, id=376, 257.763pt x 188.6247pt>
File: figs/iaea_cosym/sp3_alpha_u1_4_assym.png Graphic file (type png)
<use figs/iaea_cosym/sp3_alpha_u1_4_assym.png>
Package pdftex.def Info: figs/iaea_cosym/sp3_alpha_u1_4_assym.png  used on inpu
t line 1070.
(pdftex.def)             Requested size: 169.0519pt x 123.71268pt.
<figs/iaea_cosym/sp3_alpha_u1_5_assym.png, id=377, 257.763pt x 188.6247pt>
File: figs/iaea_cosym/sp3_alpha_u1_5_assym.png Graphic file (type png)
<use figs/iaea_cosym/sp3_alpha_u1_5_assym.png>
Package pdftex.def Info: figs/iaea_cosym/sp3_alpha_u1_5_assym.png  used on inpu
t line 1071.
(pdftex.def)             Requested size: 169.0519pt x 123.71268pt.

LaTeX Warning: `h' float specifier changed to `ht'.


LaTeX Warning: `h' float specifier changed to `ht'.

<figs/hwr.png, id=382, 1092.08pt x 1003.75pt>
File: figs/hwr.png Graphic file (type png)
<use figs/hwr.png>
Package pdftex.def Info: figs/hwr.png  used on input line 1120.
(pdftex.def)             Requested size: 310.4979pt x 285.3825pt.

LaTeX Warning: `h' float specifier changed to `ht'.


LaTeX Warning: `h' float specifier changed to `ht'.

[16 <./figs/sp3_p3n96.png>]

LaTeX Warning: `h' float specifier changed to `ht'.


LaTeX Warning: `h' float specifier changed to `ht'.

<figs/hwr/alpha_sp3_rx1_1.png, id=391, 727.71875pt x 543.02875pt>
File: figs/hwr/alpha_sp3_rx1_1.png Graphic file (type png)
<use figs/hwr/alpha_sp3_rx1_1.png>
Package pdftex.def Info: figs/hwr/alpha_sp3_rx1_1.png  used on input line 1243.

(pdftex.def)             Requested size: 169.0519pt x 126.14516pt.
<figs/hwr/alpha_sp3_rx2_1.png, id=392, 727.71875pt x 543.02875pt>
File: figs/hwr/alpha_sp3_rx2_1.png Graphic file (type png)
<use figs/hwr/alpha_sp3_rx2_1.png>
Package pdftex.def Info: figs/hwr/alpha_sp3_rx2_1.png  used on input line 1244.

(pdftex.def)             Requested size: 169.0519pt x 126.14516pt.

LaTeX Warning: `h' float specifier changed to `ht'.

<figs/hwr/alpha_sp3_rx1_2.png, id=393, 732.7375pt x 543.02875pt>
File: figs/hwr/alpha_sp3_rx1_2.png Graphic file (type png)
<use figs/hwr/alpha_sp3_rx1_2.png>
Package pdftex.def Info: figs/hwr/alpha_sp3_rx1_2.png  used on input line 1252.

(pdftex.def)             Requested size: 169.0519pt x 125.28342pt.
<figs/hwr/alpha_sp3_rx1_4.png, id=394, 732.7375pt x 543.02875pt>
File: figs/hwr/alpha_sp3_rx1_4.png Graphic file (type png)
<use figs/hwr/alpha_sp3_rx1_4.png>
Package pdftex.def Info: figs/hwr/alpha_sp3_rx1_4.png  used on input line 1253.

(pdftex.def)             Requested size: 169.0519pt x 125.28342pt.

LaTeX Warning: `h' float specifier changed to `ht'.

<figs/hwr/alpha_sp3_cx1_2.png, id=395, 732.7375pt x 543.02875pt>
File: figs/hwr/alpha_sp3_cx1_2.png Graphic file (type png)
<use figs/hwr/alpha_sp3_cx1_2.png>
Package pdftex.def Info: figs/hwr/alpha_sp3_cx1_2.png  used on input line 1261.

(pdftex.def)             Requested size: 169.0519pt x 125.28342pt.
<figs/hwr/alpha_sp3_cx1_4.png, id=396, 732.7375pt x 543.02875pt>
File: figs/hwr/alpha_sp3_cx1_4.png Graphic file (type png)
<use figs/hwr/alpha_sp3_cx1_4.png>
Package pdftex.def Info: figs/hwr/alpha_sp3_cx1_4.png  used on input line 1262.

(pdftex.def)             Requested size: 169.0519pt x 125.28342pt.

LaTeX Warning: `h' float specifier changed to `ht'.


LaTeX Warning: `h' float specifier changed to `ht'.


LaTeX Warning: `h' float specifier changed to `ht'.

[17 <./figs/iaea_with/alpha_sp3_u1_1.png> <./figs/iaea_with/alpha_sp3_u2_1.png>
]
Overfull \hbox (53.59802pt too wide) in paragraph at lines 1323--1325
\OT1/cmr/m/n/10 (# 18-31-00315) and by the grant of the Rus-sian Fed-er-a-tion 
Gov-ern-ment (# 14.Y26.31.0013). 
 []

(./sp3.bbl [18 <./figs/iaea_with/alpha_sp3_u1_2.png> <./figs/iaea_with/alpha_sp
3_u1_3.png> <./figs/iaea_with/alpha_sp3_u1_4.png> <./figs/iaea_with/alpha_sp3_u
1_5.png>] [19] [20 <./figs/iaea_with/alpha_delayed_sp3_u1_1.png> <./figs/iaea_w
ith/alpha_delayed_sp3_u2_1.png> <./figs/iaea_with/alpha_delayed_sp3_u1_2.png> <
./figs/iaea_with/alpha_delayed_sp3_u1_3.png>] [21 <./figs/iaea_with/alpha_delay
ed_sp3_u1_4.png> <./figs/iaea_with/alpha_delayed_sp3_u1_5.png>]) [22 <./figs/ia
ea_cosym.png>]
Package atveryend Info: Empty hook `BeforeClearDocument' on input line 1329.
 [23] [24 <./figs/iaea_cosym/sp3_alpha_u1_1_assym.png> <./figs/iaea_cosym/sp3_a
lpha_u2_1_assym.png> <./figs/iaea_cosym/sp3_alpha_u1_2_assym.png> <./figs/iaea_
cosym/sp3_alpha_u1_3_assym.png> <./figs/iaea_cosym/sp3_alpha_u1_4_assym.png> <.
/figs/iaea_cosym/sp3_alpha_u1_5_assym.png>] [25] [26 <./figs/hwr.png (PNG copy)
>] [27 <./figs/hwr/alpha_sp3_rx1_1.png> <./figs/hwr/alpha_sp3_rx2_1.png>] [28 <
./figs/hwr/alpha_sp3_rx1_2.png> <./figs/hwr/alpha_sp3_rx1_4.png> <./figs/hwr/al
pha_sp3_cx1_2.png> <./figs/hwr/alpha_sp3_cx1_4.png>] [29]
Package atveryend Info: Empty hook `AfterLastShipout' on input line 1329.

(./sp3.aux)
Package atveryend Info: Executing hook `AtVeryEndDocument' on input line 1329.
Package atveryend Info: Executing hook `AtEndAfterFileList' on input line 1329.

Package rerunfilecheck Info: File `sp3.out' has not changed.
(rerunfilecheck)             Checksum: AB83891E2933553D97B1D2951180CBF7;1295.
Package atveryend Info: Empty hook `AtVeryVeryEnd' on input line 1329.
 ) 
Here is how much of TeX's memory you used:
 26522 strings out of 492982
 642910 string characters out of 6134895
 845350 words of memory out of 5000000
 29465 multiletter control sequences out of 15000+600000
 14935 words of font info for 52 fonts, out of 8000000 for 9000
 1141 hyphenation exceptions out of 8191
 62i,25n,96p,727b,609s stack positions out of 5000i,500n,10000p,200000b,80000s
</usr/share/texlive/texmf-dist/fonts/type1/public/amsfonts/cm/cmbx10.pfb></us
r/share/texlive/texmf-dist/fonts/type1/public/amsfonts/cm/cmex10.pfb></usr/shar
e/texlive/texmf-dist/fonts/type1/public/amsfonts/cm/cmmi10.pfb></usr/share/texl
ive/texmf-dist/fonts/type1/public/amsfonts/cm/cmmi6.pfb></usr/share/texlive/tex
mf-dist/fonts/type1/public/amsfonts/cm/cmmi7.pfb></usr/share/texlive/texmf-dist
/fonts/type1/public/amsfonts/cm/cmmi8.pfb></usr/share/texlive/texmf-dist/fonts/
type1/public/amsfonts/cm/cmmib10.pfb></usr/share/texlive/texmf-dist/fonts/type1
/public/amsfonts/cm/cmr10.pfb></usr/share/texlive/texmf-dist/fonts/type1/public
/amsfonts/cm/cmr12.pfb></usr/share/texlive/texmf-dist/fonts/type1/public/amsfon
ts/cm/cmr5.pfb></usr/share/texlive/texmf-dist/fonts/type1/public/amsfonts/cm/cm
r6.pfb></usr/share/texlive/texmf-dist/fonts/type1/public/amsfonts/cm/cmr7.pfb><
/usr/share/texlive/texmf-dist/fonts/type1/public/amsfonts/cm/cmr8.pfb></usr/sha
re/texlive/texmf-dist/fonts/type1/public/amsfonts/cm/cmsy10.pfb></usr/share/tex
live/texmf-dist/fonts/type1/public/amsfonts/cm/cmsy5.pfb></usr/share/texlive/te
xmf-dist/fonts/type1/public/amsfonts/cm/cmsy6.pfb></usr/share/texlive/texmf-dis
t/fonts/type1/public/amsfonts/cm/cmsy7.pfb></usr/share/texlive/texmf-dist/fonts
/type1/public/amsfonts/cm/cmsy8.pfb></usr/share/texlive/texmf-dist/fonts/type1/
public/amsfonts/cm/cmti10.pfb></usr/share/texlive/texmf-dist/fonts/type1/public
/amsfonts/cm/cmti7.pfb></usr/share/texlive/texmf-dist/fonts/type1/public/amsfon
ts/cm/cmti8.pfb></usr/share/texlive/texmf-dist/fonts/type1/public/amsfonts/cm/c
mtt8.pfb>
Output written on sp3.pdf (29 pages, 2872572 bytes).
PDF statistics:
 580 PDF objects out of 1000 (max. 8388607)
 468 compressed objects within 5 object streams
 136 named destinations out of 1000 (max. 500000)
 371 words of extra memory for PDF output out of 10000 (max. 10000000)

