This is pdfTeX, Version 3.14159265-2.6-1.40.17 (TeX Live 2016) (preloaded format=pdflatex 2017.4.19)  27 FEB 2019 11:33
entering extended mode
 restricted \write18 enabled.
 %&-line parsing enabled.
**sp3.tex
(./sp3.tex
LaTeX2e <2016/03/31>
Babel <3.9r> and hyphenation patterns for 83 language(s) loaded.
(/usr/local/texlive/2016/texmf-dist/tex/latex/elsarticle/elsarticle.cls
Document Class: elsarticle 2009/09/17, 1.2.0: Elsevier Ltd
\@bls=\dimen102
(/usr/local/texlive/2016/texmf-dist/tex/latex/base/article.cls
Document Class: article 2014/09/29 v1.4h Standard LaTeX document class
(/usr/local/texlive/2016/texmf-dist/tex/latex/base/size10.clo
File: size10.clo 2014/09/29 v1.4h Standard LaTeX file (size option)
)
\c@part=\count79
\c@section=\count80
\c@subsection=\count81
\c@subsubsection=\count82
\c@paragraph=\count83
\c@subparagraph=\count84
\c@figure=\count85
\c@table=\count86
\abovecaptionskip=\skip41
\belowcaptionskip=\skip42
\bibindent=\dimen103
)
(/usr/local/texlive/2016/texmf-dist/tex/latex/graphics/graphicx.sty
Package: graphicx 2014/10/28 v1.0g Enhanced LaTeX Graphics (DPC,SPQR)

(/usr/local/texlive/2016/texmf-dist/tex/latex/graphics/keyval.sty
Package: keyval 2014/10/28 v1.15 key=value parser (DPC)
\KV@toks@=\toks14
)
(/usr/local/texlive/2016/texmf-dist/tex/latex/graphics/graphics.sty
Package: graphics 2016/05/09 v1.0r Standard LaTeX Graphics (DPC,SPQR)

(/usr/local/texlive/2016/texmf-dist/tex/latex/graphics/trig.sty
Package: trig 2016/01/03 v1.10 sin cos tan (DPC)
)
(/usr/local/texlive/2016/texmf-dist/tex/latex/graphics-cfg/graphics.cfg
File: graphics.cfg 2016/01/02 v1.10 sample graphics configuration
)
Package graphics Info: Driver file: pdftex.def on input line 96.

(/usr/local/texlive/2016/texmf-dist/tex/latex/pdftex-def/pdftex.def
File: pdftex.def 2011/05/27 v0.06d Graphics/color for pdfTeX

(/usr/local/texlive/2016/texmf-dist/tex/generic/oberdiek/infwarerr.sty
Package: infwarerr 2016/05/16 v1.4 Providing info/warning/error messages (HO)
)
(/usr/local/texlive/2016/texmf-dist/tex/generic/oberdiek/ltxcmds.sty
Package: ltxcmds 2016/05/16 v1.23 LaTeX kernel commands for general use (HO)
)
\Gread@gobject=\count87
))
\Gin@req@height=\dimen104
\Gin@req@width=\dimen105
)
(/usr/local/texlive/2016/texmf-dist/tex/latex/psnfss/pifont.sty
Package: pifont 2005/04/12 PSNFSS-v9.2a Pi font support (SPQR) 
LaTeX Font Info:    Try loading font information for U+pzd on input line 63.

(/usr/local/texlive/2016/texmf-dist/tex/latex/psnfss/upzd.fd
File: upzd.fd 2001/06/04 font definitions for U/pzd.
)
LaTeX Font Info:    Try loading font information for U+psy on input line 64.

(/usr/local/texlive/2016/texmf-dist/tex/latex/psnfss/upsy.fd
File: upsy.fd 2001/06/04 font definitions for U/psy.
))
\c@tnote=\count88
\c@fnote=\count89
\c@cnote=\count90
\c@ead=\count91
\c@author=\count92
\@eadauthor=\toks15
\c@affn=\count93
\absbox=\box26
\keybox=\box27
\Columnwidth=\dimen106
\space@left=\dimen107
\els@boxa=\box28
\els@boxb=\box29
\leftMargin=\dimen108
\@enLab=\toks16
\@sep=\skip43
\@@sep=\skip44
 (./sp3.spl)
(/usr/local/texlive/2016/texmf-dist/tex/latex/natbib/natbib.sty
Package: natbib 2010/09/13 8.31b (PWD, AO)
\bibhang=\skip45
\bibsep=\skip46
LaTeX Info: Redefining \cite on input line 694.
\c@NAT@ctr=\count94
)
\splwrite=\write3
\openout3 = `sp3.spl'.

)
(/usr/local/texlive/2016/texmf-dist/tex/latex/amsmath/amsmath.sty
Package: amsmath 2016/03/10 v2.15b AMS math features
\@mathmargin=\skip47

For additional information on amsmath, use the `?' option.
(/usr/local/texlive/2016/texmf-dist/tex/latex/amsmath/amstext.sty
Package: amstext 2000/06/29 v2.01 AMS text

(/usr/local/texlive/2016/texmf-dist/tex/latex/amsmath/amsgen.sty
File: amsgen.sty 1999/11/30 v2.0 generic functions
\@emptytoks=\toks17
\ex@=\dimen109
))
(/usr/local/texlive/2016/texmf-dist/tex/latex/amsmath/amsbsy.sty
Package: amsbsy 1999/11/29 v1.2d Bold Symbols
\pmbraise@=\dimen110
)
(/usr/local/texlive/2016/texmf-dist/tex/latex/amsmath/amsopn.sty
Package: amsopn 2016/03/08 v2.02 operator names
)
\inf@bad=\count95
LaTeX Info: Redefining \frac on input line 199.
\uproot@=\count96
\leftroot@=\count97
LaTeX Info: Redefining \overline on input line 297.
\classnum@=\count98
\DOTSCASE@=\count99
LaTeX Info: Redefining \ldots on input line 394.
LaTeX Info: Redefining \dots on input line 397.
LaTeX Info: Redefining \cdots on input line 518.
\Mathstrutbox@=\box30
\strutbox@=\box31
\big@size=\dimen111
LaTeX Font Info:    Redeclaring font encoding OML on input line 634.
LaTeX Font Info:    Redeclaring font encoding OMS on input line 635.
\macc@depth=\count100
\c@MaxMatrixCols=\count101
\dotsspace@=\muskip10
\c@parentequation=\count102
\dspbrk@lvl=\count103
\tag@help=\toks18
\row@=\count104
\column@=\count105
\maxfields@=\count106
\andhelp@=\toks19
\eqnshift@=\dimen112
\alignsep@=\dimen113
\tagshift@=\dimen114
\tagwidth@=\dimen115
\totwidth@=\dimen116
\lineht@=\dimen117
\@envbody=\toks20
\multlinegap=\skip48
\multlinetaggap=\skip49
\mathdisplay@stack=\toks21
LaTeX Info: Redefining \[ on input line 2739.
LaTeX Info: Redefining \] on input line 2740.
)
(/usr/local/texlive/2016/texmf-dist/tex/latex/tools/bm.sty
Package: bm 2016/02/27 v1.2a Bold Symbol Support (DPC/FMi)
\symboldoperators=\mathgroup4
\symboldletters=\mathgroup5
\symboldsymbols=\mathgroup6
LaTeX Font Info:    Redeclaring math alphabet \mathbf on input line 142.
LaTeX Info: Redefining \bm on input line 208.
)
(/usr/local/texlive/2016/texmf-dist/tex/latex/pgf/frontendlayer/tikz.sty
(/usr/local/texlive/2016/texmf-dist/tex/latex/pgf/basiclayer/pgf.sty
(/usr/local/texlive/2016/texmf-dist/tex/latex/pgf/utilities/pgfrcs.sty
(/usr/local/texlive/2016/texmf-dist/tex/generic/pgf/utilities/pgfutil-common.te
x
\pgfutil@everybye=\toks22
\pgfutil@tempdima=\dimen118
\pgfutil@tempdimb=\dimen119

(/usr/local/texlive/2016/texmf-dist/tex/generic/pgf/utilities/pgfutil-common-li
sts.tex))
(/usr/local/texlive/2016/texmf-dist/tex/generic/pgf/utilities/pgfutil-latex.def
\pgfutil@abb=\box32
(/usr/local/texlive/2016/texmf-dist/tex/latex/ms/everyshi.sty
Package: everyshi 2001/05/15 v3.00 EveryShipout Package (MS)
))
(/usr/local/texlive/2016/texmf-dist/tex/generic/pgf/utilities/pgfrcs.code.tex
Package: pgfrcs 2015/08/07 v3.0.1a (rcs-revision 1.31)
))
Package: pgf 2015/08/07 v3.0.1a (rcs-revision 1.15)
(/usr/local/texlive/2016/texmf-dist/tex/latex/pgf/basiclayer/pgfcore.sty
(/usr/local/texlive/2016/texmf-dist/tex/latex/pgf/systemlayer/pgfsys.sty
(/usr/local/texlive/2016/texmf-dist/tex/generic/pgf/systemlayer/pgfsys.code.tex
Package: pgfsys 2014/07/09 v3.0.1a (rcs-revision 1.48)
(/usr/local/texlive/2016/texmf-dist/tex/generic/pgf/utilities/pgfkeys.code.tex
\pgfkeys@pathtoks=\toks23
\pgfkeys@temptoks=\toks24

(/usr/local/texlive/2016/texmf-dist/tex/generic/pgf/utilities/pgfkeysfiltered.c
ode.tex
\pgfkeys@tmptoks=\toks25
))
\pgf@x=\dimen120
\pgf@y=\dimen121
\pgf@xa=\dimen122
\pgf@ya=\dimen123
\pgf@xb=\dimen124
\pgf@yb=\dimen125
\pgf@xc=\dimen126
\pgf@yc=\dimen127
\w@pgf@writea=\write4
\r@pgf@reada=\read1
\c@pgf@counta=\count107
\c@pgf@countb=\count108
\c@pgf@countc=\count109
\c@pgf@countd=\count110
\t@pgf@toka=\toks26
\t@pgf@tokb=\toks27
\t@pgf@tokc=\toks28

(/usr/local/texlive/2016/texmf-dist/tex/generic/pgf/systemlayer/pgf.cfg
File: pgf.cfg 2008/05/14  (rcs-revision 1.7)
)
Driver file for pgf: pgfsys-pdftex.def

(/usr/local/texlive/2016/texmf-dist/tex/generic/pgf/systemlayer/pgfsys-pdftex.d
ef
File: pgfsys-pdftex.def 2014/10/11  (rcs-revision 1.35)

(/usr/local/texlive/2016/texmf-dist/tex/generic/pgf/systemlayer/pgfsys-common-p
df.def
File: pgfsys-common-pdf.def 2013/10/10  (rcs-revision 1.13)
)))
(/usr/local/texlive/2016/texmf-dist/tex/generic/pgf/systemlayer/pgfsyssoftpath.
code.tex
File: pgfsyssoftpath.code.tex 2013/09/09  (rcs-revision 1.9)
\pgfsyssoftpath@smallbuffer@items=\count111
\pgfsyssoftpath@bigbuffer@items=\count112
)
(/usr/local/texlive/2016/texmf-dist/tex/generic/pgf/systemlayer/pgfsysprotocol.
code.tex
File: pgfsysprotocol.code.tex 2006/10/16  (rcs-revision 1.4)
)) (/usr/local/texlive/2016/texmf-dist/tex/latex/xcolor/xcolor.sty
Package: xcolor 2016/05/11 v2.12 LaTeX color extensions (UK)

(/usr/local/texlive/2016/texmf-dist/tex/latex/graphics-cfg/color.cfg
File: color.cfg 2016/01/02 v1.6 sample color configuration
)
Package xcolor Info: Driver file: pdftex.def on input line 225.
Package xcolor Info: Model `cmy' substituted by `cmy0' on input line 1348.
Package xcolor Info: Model `hsb' substituted by `rgb' on input line 1352.
Package xcolor Info: Model `RGB' extended on input line 1364.
Package xcolor Info: Model `HTML' substituted by `rgb' on input line 1366.
Package xcolor Info: Model `Hsb' substituted by `hsb' on input line 1367.
Package xcolor Info: Model `tHsb' substituted by `hsb' on input line 1368.
Package xcolor Info: Model `HSB' substituted by `hsb' on input line 1369.
Package xcolor Info: Model `Gray' substituted by `gray' on input line 1370.
Package xcolor Info: Model `wave' substituted by `hsb' on input line 1371.
)
(/usr/local/texlive/2016/texmf-dist/tex/generic/pgf/basiclayer/pgfcore.code.tex
Package: pgfcore 2010/04/11 v3.0.1a (rcs-revision 1.7)
(/usr/local/texlive/2016/texmf-dist/tex/generic/pgf/math/pgfmath.code.tex
(/usr/local/texlive/2016/texmf-dist/tex/generic/pgf/math/pgfmathcalc.code.tex
(/usr/local/texlive/2016/texmf-dist/tex/generic/pgf/math/pgfmathutil.code.tex)
(/usr/local/texlive/2016/texmf-dist/tex/generic/pgf/math/pgfmathparser.code.tex
\pgfmath@dimen=\dimen128
\pgfmath@count=\count113
\pgfmath@box=\box33
\pgfmath@toks=\toks29
\pgfmath@stack@operand=\toks30
\pgfmath@stack@operation=\toks31
)
(/usr/local/texlive/2016/texmf-dist/tex/generic/pgf/math/pgfmathfunctions.code.
tex
(/usr/local/texlive/2016/texmf-dist/tex/generic/pgf/math/pgfmathfunctions.basic
.code.tex)
(/usr/local/texlive/2016/texmf-dist/tex/generic/pgf/math/pgfmathfunctions.trigo
nometric.code.tex)
(/usr/local/texlive/2016/texmf-dist/tex/generic/pgf/math/pgfmathfunctions.rando
m.code.tex)
(/usr/local/texlive/2016/texmf-dist/tex/generic/pgf/math/pgfmathfunctions.compa
rison.code.tex)
(/usr/local/texlive/2016/texmf-dist/tex/generic/pgf/math/pgfmathfunctions.base.
code.tex)
(/usr/local/texlive/2016/texmf-dist/tex/generic/pgf/math/pgfmathfunctions.round
.code.tex)
(/usr/local/texlive/2016/texmf-dist/tex/generic/pgf/math/pgfmathfunctions.misc.
code.tex)
(/usr/local/texlive/2016/texmf-dist/tex/generic/pgf/math/pgfmathfunctions.integ
erarithmetics.code.tex)))
(/usr/local/texlive/2016/texmf-dist/tex/generic/pgf/math/pgfmathfloat.code.tex
\c@pgfmathroundto@lastzeros=\count114
))
(/usr/local/texlive/2016/texmf-dist/tex/generic/pgf/basiclayer/pgfcorepoints.co
de.tex
File: pgfcorepoints.code.tex 2013/10/07  (rcs-revision 1.27)
\pgf@picminx=\dimen129
\pgf@picmaxx=\dimen130
\pgf@picminy=\dimen131
\pgf@picmaxy=\dimen132
\pgf@pathminx=\dimen133
\pgf@pathmaxx=\dimen134
\pgf@pathminy=\dimen135
\pgf@pathmaxy=\dimen136
\pgf@xx=\dimen137
\pgf@xy=\dimen138
\pgf@yx=\dimen139
\pgf@yy=\dimen140
\pgf@zx=\dimen141
\pgf@zy=\dimen142
)
(/usr/local/texlive/2016/texmf-dist/tex/generic/pgf/basiclayer/pgfcorepathconst
ruct.code.tex
File: pgfcorepathconstruct.code.tex 2013/10/07  (rcs-revision 1.29)
\pgf@path@lastx=\dimen143
\pgf@path@lasty=\dimen144
)
(/usr/local/texlive/2016/texmf-dist/tex/generic/pgf/basiclayer/pgfcorepathusage
.code.tex
File: pgfcorepathusage.code.tex 2014/11/02  (rcs-revision 1.24)
\pgf@shorten@end@additional=\dimen145
\pgf@shorten@start@additional=\dimen146
)
(/usr/local/texlive/2016/texmf-dist/tex/generic/pgf/basiclayer/pgfcorescopes.co
de.tex
File: pgfcorescopes.code.tex 2015/05/08  (rcs-revision 1.46)
\pgfpic=\box34
\pgf@hbox=\box35
\pgf@layerbox@main=\box36
\pgf@picture@serial@count=\count115
)
(/usr/local/texlive/2016/texmf-dist/tex/generic/pgf/basiclayer/pgfcoregraphicst
ate.code.tex
File: pgfcoregraphicstate.code.tex 2014/11/02  (rcs-revision 1.12)
\pgflinewidth=\dimen147
)
(/usr/local/texlive/2016/texmf-dist/tex/generic/pgf/basiclayer/pgfcoretransform
ations.code.tex
File: pgfcoretransformations.code.tex 2015/08/07  (rcs-revision 1.20)
\pgf@pt@x=\dimen148
\pgf@pt@y=\dimen149
\pgf@pt@temp=\dimen150
)
(/usr/local/texlive/2016/texmf-dist/tex/generic/pgf/basiclayer/pgfcorequick.cod
e.tex
File: pgfcorequick.code.tex 2008/10/09  (rcs-revision 1.3)
)
(/usr/local/texlive/2016/texmf-dist/tex/generic/pgf/basiclayer/pgfcoreobjects.c
ode.tex
File: pgfcoreobjects.code.tex 2006/10/11  (rcs-revision 1.2)
)
(/usr/local/texlive/2016/texmf-dist/tex/generic/pgf/basiclayer/pgfcorepathproce
ssing.code.tex
File: pgfcorepathprocessing.code.tex 2013/09/09  (rcs-revision 1.9)
)
(/usr/local/texlive/2016/texmf-dist/tex/generic/pgf/basiclayer/pgfcorearrows.co
de.tex
File: pgfcorearrows.code.tex 2015/05/14  (rcs-revision 1.43)
\pgfarrowsep=\dimen151
)
(/usr/local/texlive/2016/texmf-dist/tex/generic/pgf/basiclayer/pgfcoreshade.cod
e.tex
File: pgfcoreshade.code.tex 2013/07/15  (rcs-revision 1.15)
\pgf@max=\dimen152
\pgf@sys@shading@range@num=\count116
)
(/usr/local/texlive/2016/texmf-dist/tex/generic/pgf/basiclayer/pgfcoreimage.cod
e.tex
File: pgfcoreimage.code.tex 2013/07/15  (rcs-revision 1.18)

(/usr/local/texlive/2016/texmf-dist/tex/generic/pgf/basiclayer/pgfcoreexternal.
code.tex
File: pgfcoreexternal.code.tex 2014/07/09  (rcs-revision 1.21)
\pgfexternal@startupbox=\box37
))
(/usr/local/texlive/2016/texmf-dist/tex/generic/pgf/basiclayer/pgfcorelayers.co
de.tex
File: pgfcorelayers.code.tex 2013/07/18  (rcs-revision 1.7)
)
(/usr/local/texlive/2016/texmf-dist/tex/generic/pgf/basiclayer/pgfcoretranspare
ncy.code.tex
File: pgfcoretransparency.code.tex 2013/09/30  (rcs-revision 1.5)
)
(/usr/local/texlive/2016/texmf-dist/tex/generic/pgf/basiclayer/pgfcorepatterns.
code.tex
File: pgfcorepatterns.code.tex 2013/11/07  (rcs-revision 1.5)
)))
(/usr/local/texlive/2016/texmf-dist/tex/generic/pgf/modules/pgfmoduleshapes.cod
e.tex
File: pgfmoduleshapes.code.tex 2014/03/21  (rcs-revision 1.35)
\pgfnodeparttextbox=\box38
)
(/usr/local/texlive/2016/texmf-dist/tex/generic/pgf/modules/pgfmoduleplot.code.
tex
File: pgfmoduleplot.code.tex 2015/08/03  (rcs-revision 1.13)
)
(/usr/local/texlive/2016/texmf-dist/tex/latex/pgf/compatibility/pgfcomp-version
-0-65.sty
Package: pgfcomp-version-0-65 2007/07/03 v3.0.1a (rcs-revision 1.7)
\pgf@nodesepstart=\dimen153
\pgf@nodesepend=\dimen154
)
(/usr/local/texlive/2016/texmf-dist/tex/latex/pgf/compatibility/pgfcomp-version
-1-18.sty
Package: pgfcomp-version-1-18 2007/07/23 v3.0.1a (rcs-revision 1.1)
))
(/usr/local/texlive/2016/texmf-dist/tex/latex/pgf/utilities/pgffor.sty
(/usr/local/texlive/2016/texmf-dist/tex/latex/pgf/utilities/pgfkeys.sty
(/usr/local/texlive/2016/texmf-dist/tex/generic/pgf/utilities/pgfkeys.code.tex)
) (/usr/local/texlive/2016/texmf-dist/tex/latex/pgf/math/pgfmath.sty
(/usr/local/texlive/2016/texmf-dist/tex/generic/pgf/math/pgfmath.code.tex))
(/usr/local/texlive/2016/texmf-dist/tex/generic/pgf/utilities/pgffor.code.tex
Package: pgffor 2013/12/13 v3.0.1a (rcs-revision 1.25)

(/usr/local/texlive/2016/texmf-dist/tex/generic/pgf/math/pgfmath.code.tex)
\pgffor@iter=\dimen155
\pgffor@skip=\dimen156
\pgffor@stack=\toks32
\pgffor@toks=\toks33
))
(/usr/local/texlive/2016/texmf-dist/tex/generic/pgf/frontendlayer/tikz/tikz.cod
e.tex
Package: tikz 2015/08/07 v3.0.1a (rcs-revision 1.151)

(/usr/local/texlive/2016/texmf-dist/tex/generic/pgf/libraries/pgflibraryplothan
dlers.code.tex
File: pgflibraryplothandlers.code.tex 2013/08/31 v3.0.1a (rcs-revision 1.20)
\pgf@plot@mark@count=\count117
\pgfplotmarksize=\dimen157
)
\tikz@lastx=\dimen158
\tikz@lasty=\dimen159
\tikz@lastxsaved=\dimen160
\tikz@lastysaved=\dimen161
\tikzleveldistance=\dimen162
\tikzsiblingdistance=\dimen163
\tikz@figbox=\box39
\tikz@figbox@bg=\box40
\tikz@tempbox=\box41
\tikz@tempbox@bg=\box42
\tikztreelevel=\count118
\tikznumberofchildren=\count119
\tikznumberofcurrentchild=\count120
\tikz@fig@count=\count121

(/usr/local/texlive/2016/texmf-dist/tex/generic/pgf/modules/pgfmodulematrix.cod
e.tex
File: pgfmodulematrix.code.tex 2013/09/17  (rcs-revision 1.8)
\pgfmatrixcurrentrow=\count122
\pgfmatrixcurrentcolumn=\count123
\pgf@matrix@numberofcolumns=\count124
)
\tikz@expandcount=\count125

(/usr/local/texlive/2016/texmf-dist/tex/generic/pgf/frontendlayer/tikz/librarie
s/tikzlibrarytopaths.code.tex
File: tikzlibrarytopaths.code.tex 2008/06/17 v3.0.1a (rcs-revision 1.2)
)))
(/usr/local/texlive/2016/texmf-dist/tex/latex/pgfplots/pgfplots.sty
(/usr/local/texlive/2016/texmf-dist/tex/generic/pgfplots/pgfplots.revision.tex)
Package: pgfplots 2016/01/06 v1.13 Data Visualization (1.13)
(/usr/local/texlive/2016/texmf-dist/tex/generic/pgfplots/pgfplots.code.tex
(/usr/local/texlive/2016/texmf-dist/tex/generic/pgfplots/pgfplotscore.code.tex
\t@pgfplots@toka=\toks34
\t@pgfplots@tokb=\toks35
\t@pgfplots@tokc=\toks36
\pgfplots@tmpa=\dimen164
\c@pgfplots@coordindex=\count126
\c@pgfplots@scanlineindex=\count127

(/usr/local/texlive/2016/texmf-dist/tex/generic/pgfplots/sys/pgfplotssysgeneric
.code.tex))
(/usr/local/texlive/2016/texmf-dist/tex/generic/pgfplots/libs/pgfplotslibrary.c
ode.tex)
(/usr/local/texlive/2016/texmf-dist/tex/generic/pgfplots/oldpgfcompatib/pgfplot
soldpgfsupp_loader.code.tex
(/usr/local/texlive/2016/texmf-dist/tex/generic/pgf/libraries/pgflibraryfpu.cod
e.tex)
Package pgfplots: loading complementary arithmetics for your pgf version...

(/usr/local/texlive/2016/texmf-dist/tex/generic/pgfplots/oldpgfcompatib/pgfplot
soldpgfsupp_pgflibraryfpu.code.tex)
(/usr/local/texlive/2016/texmf-dist/tex/generic/pgfplots/oldpgfcompatib/pgfplot
soldpgfsupp_pgfmathfloat.code.tex
\c@pgfmathroundto@lastzeros=\count128
))
(/usr/local/texlive/2016/texmf-dist/tex/generic/pgfplots/util/pgfplotsutil.code
.tex
(/usr/local/texlive/2016/texmf-dist/tex/generic/pgfplots/liststructure/pgfplots
liststructure.code.tex)
(/usr/local/texlive/2016/texmf-dist/tex/generic/pgfplots/liststructure/pgfplots
liststructureext.code.tex)
(/usr/local/texlive/2016/texmf-dist/tex/generic/pgfplots/liststructure/pgfplots
array.code.tex
\c@pgfplotsarray@tmp=\count129
)
(/usr/local/texlive/2016/texmf-dist/tex/generic/pgfplots/liststructure/pgfplots
matrix.code.tex)
(/usr/local/texlive/2016/texmf-dist/tex/generic/pgfplots/numtable/pgfplotstable
shared.code.tex
\c@pgfplotstable@counta=\count130
\t@pgfplotstable@a=\toks37
)
(/usr/local/texlive/2016/texmf-dist/tex/generic/pgfplots/liststructure/pgfplots
deque.code.tex)
(/usr/local/texlive/2016/texmf-dist/tex/generic/pgfplots/util/pgfplotsbinary.co
de.tex
(/usr/local/texlive/2016/texmf-dist/tex/generic/pgfplots/util/pgfplotsbinary.da
ta.code.tex))
(/usr/local/texlive/2016/texmf-dist/tex/generic/pgfplots/util/pgfplotsutil.verb
.code.tex)
(/usr/local/texlive/2016/texmf-dist/tex/generic/pgfplots/libs/pgflibrarypgfplot
s.surfshading.code.tex
\c@pgfplotslibrarysurf@no=\count131

(/usr/local/texlive/2016/texmf-dist/tex/generic/pgfplots/sys/pgflibrarypgfplots
.surfshading.pgfsys-pdftex.def)))
(/usr/local/texlive/2016/texmf-dist/tex/generic/pgfplots/util/pgfplotscolormap.
code.tex
(/usr/local/texlive/2016/texmf-dist/tex/generic/pgfplots/util/pgfplotscolor.cod
e.tex))
(/usr/local/texlive/2016/texmf-dist/tex/generic/pgfplots/pgfplotsstackedplots.c
ode.tex)
(/usr/local/texlive/2016/texmf-dist/tex/generic/pgfplots/pgfplotsplothandlers.c
ode.tex
(/usr/local/texlive/2016/texmf-dist/tex/generic/pgfplots/pgfplotsmeshplothandle
r.code.tex
(/usr/local/texlive/2016/texmf-dist/tex/generic/pgfplots/pgfplotsmeshplotimage.
code.tex)))
(/usr/local/texlive/2016/texmf-dist/tex/generic/pgfplots/pgfplots.scaling.code.
tex)
(/usr/local/texlive/2016/texmf-dist/tex/generic/pgfplots/pgfplotscoordprocessin
g.code.tex)
(/usr/local/texlive/2016/texmf-dist/tex/generic/pgfplots/pgfplots.errorbars.cod
e.tex)
(/usr/local/texlive/2016/texmf-dist/tex/generic/pgfplots/pgfplots.markers.code.
tex)
(/usr/local/texlive/2016/texmf-dist/tex/generic/pgfplots/pgfplotsticks.code.tex
)
(/usr/local/texlive/2016/texmf-dist/tex/generic/pgfplots/pgfplots.paths.code.te
x)
(/usr/local/texlive/2016/texmf-dist/tex/generic/pgf/frontendlayer/tikz/librarie
s/tikzlibrarydecorations.code.tex
(/usr/local/texlive/2016/texmf-dist/tex/generic/pgf/modules/pgfmoduledecoration
s.code.tex
\pgfdecoratedcompleteddistance=\dimen165
\pgfdecoratedremainingdistance=\dimen166
\pgfdecoratedinputsegmentcompleteddistance=\dimen167
\pgfdecoratedinputsegmentremainingdistance=\dimen168
\pgf@decorate@distancetomove=\dimen169
\pgf@decorate@repeatstate=\count132
\pgfdecorationsegmentamplitude=\dimen170
\pgfdecorationsegmentlength=\dimen171
)
\tikz@lib@dec@box=\box43
)
(/usr/local/texlive/2016/texmf-dist/tex/generic/pgf/frontendlayer/tikz/librarie
s/tikzlibrarydecorations.pathmorphing.code.tex
(/usr/local/texlive/2016/texmf-dist/tex/generic/pgf/libraries/decorations/pgfli
brarydecorations.pathmorphing.code.tex))
(/usr/local/texlive/2016/texmf-dist/tex/generic/pgf/frontendlayer/tikz/librarie
s/tikzlibrarydecorations.pathreplacing.code.tex
(/usr/local/texlive/2016/texmf-dist/tex/generic/pgf/libraries/decorations/pgfli
brarydecorations.pathreplacing.code.tex))
\pgfplots@numplots=\count133
\pgfplots@xmin@reg=\dimen172
\pgfplots@xmax@reg=\dimen173
\pgfplots@ymin@reg=\dimen174
\pgfplots@ymax@reg=\dimen175
\pgfplots@zmin@reg=\dimen176
\pgfplots@zmax@reg=\dimen177
)
(/usr/local/texlive/2016/texmf-dist/tex/generic/pgf/frontendlayer/tikz/librarie
s/tikzlibraryplotmarks.code.tex
File: tikzlibraryplotmarks.code.tex 2008/01/09 v3.0.1a (rcs-revision 1.1)

(/usr/local/texlive/2016/texmf-dist/tex/generic/pgf/libraries/pgflibraryplotmar
ks.code.tex
File: pgflibraryplotmarks.code.tex 2015/08/03 v3.0.1a (rcs-revision 1.14)
)))
(/usr/local/texlive/2016/texmf-dist/tex/latex/colortbl/colortbl.sty
Package: colortbl 2012/02/13 v1.0a Color table columns (DPC)

(/usr/local/texlive/2016/texmf-dist/tex/latex/tools/array.sty
Package: array 2014/10/28 v2.4c Tabular extension package (FMi)
\col@sep=\dimen178
\extrarowheight=\dimen179
\NC@list=\toks38
\extratabsurround=\skip50
\backup@length=\skip51
)
\everycr=\toks39
\minrowclearance=\skip52
)
(/usr/local/texlive/2016/texmf-dist/tex/latex/hyperref/hyperref.sty
Package: hyperref 2016/05/05 v6.83n Hypertext links for LaTeX

(/usr/local/texlive/2016/texmf-dist/tex/generic/oberdiek/hobsub-hyperref.sty
Package: hobsub-hyperref 2016/05/16 v1.14 Bundle oberdiek, subset hyperref (HO)


(/usr/local/texlive/2016/texmf-dist/tex/generic/oberdiek/hobsub-generic.sty
Package: hobsub-generic 2016/05/16 v1.14 Bundle oberdiek, subset generic (HO)
Package: hobsub 2016/05/16 v1.14 Construct package bundles (HO)
Package hobsub Info: Skipping package `infwarerr' (already loaded).
Package hobsub Info: Skipping package `ltxcmds' (already loaded).
Package: ifluatex 2016/05/16 v1.4 Provides the ifluatex switch (HO)
Package ifluatex Info: LuaTeX not detected.
Package: ifvtex 2016/05/16 v1.6 Detect VTeX and its facilities (HO)
Package ifvtex Info: VTeX not detected.
Package: intcalc 2016/05/16 v1.2 Expandable calculations with integers (HO)
Package: ifpdf 2016/05/14 v3.1 Provides the ifpdf switch
Package: etexcmds 2016/05/16 v1.6 Avoid name clashes with e-TeX commands (HO)
Package etexcmds Info: Could not find \expanded.
(etexcmds)             That can mean that you are not using pdfTeX 1.50 or
(etexcmds)             that some package has redefined \expanded.
(etexcmds)             In the latter case, load this package earlier.
Package: kvsetkeys 2016/05/16 v1.17 Key value parser (HO)
Package: kvdefinekeys 2016/05/16 v1.4 Define keys (HO)
Package: pdftexcmds 2016/05/10 v0.21 Utility functions of pdfTeX for LuaTeX (HO
)
Package pdftexcmds Info: LuaTeX not detected.
Package pdftexcmds Info: \pdf@primitive is available.
Package pdftexcmds Info: \pdf@ifprimitive is available.
Package pdftexcmds Info: \pdfdraftmode found.
Package: pdfescape 2016/05/16 v1.14 Implements pdfTeX's escape features (HO)
Package: bigintcalc 2016/05/16 v1.4 Expandable calculations on big integers (HO
)
Package: bitset 2016/05/16 v1.2 Handle bit-vector datatype (HO)
Package: uniquecounter 2016/05/16 v1.3 Provide unlimited unique counter (HO)
)
Package hobsub Info: Skipping package `hobsub' (already loaded).
Package: letltxmacro 2016/05/16 v1.5 Let assignment for LaTeX macros (HO)
Package: hopatch 2016/05/16 v1.3 Wrapper for package hooks (HO)
Package: xcolor-patch 2016/05/16 xcolor patch
Package: atveryend 2016/05/16 v1.9 Hooks at the very end of document (HO)
Package atveryend Info: \enddocument detected (standard20110627).
Package: atbegshi 2016/05/16 v1.17 At begin shipout hook (HO)
Package: refcount 2016/05/16 v3.5 Data extraction from label references (HO)
Package: hycolor 2016/05/16 v1.8 Color options for hyperref/bookmark (HO)
)
(/usr/local/texlive/2016/texmf-dist/tex/generic/ifxetex/ifxetex.sty
Package: ifxetex 2010/09/12 v0.6 Provides ifxetex conditional
)
(/usr/local/texlive/2016/texmf-dist/tex/latex/oberdiek/auxhook.sty
Package: auxhook 2016/05/16 v1.4 Hooks for auxiliary files (HO)
)
(/usr/local/texlive/2016/texmf-dist/tex/latex/oberdiek/kvoptions.sty
Package: kvoptions 2016/05/16 v3.12 Key value format for package options (HO)
)
\@linkdim=\dimen180
\Hy@linkcounter=\count134
\Hy@pagecounter=\count135

(/usr/local/texlive/2016/texmf-dist/tex/latex/hyperref/pd1enc.def
File: pd1enc.def 2016/05/05 v6.83n Hyperref: PDFDocEncoding definition (HO)
)
\Hy@SavedSpaceFactor=\count136

(/usr/local/texlive/2016/texmf-dist/tex/latex/latexconfig/hyperref.cfg
File: hyperref.cfg 2002/06/06 v1.2 hyperref configuration of TeXLive
)
Package hyperref Info: Hyper figures OFF on input line 4446.
Package hyperref Info: Link nesting OFF on input line 4451.
Package hyperref Info: Hyper index ON on input line 4454.
Package hyperref Info: Plain pages OFF on input line 4461.
Package hyperref Info: Backreferencing OFF on input line 4466.
Package hyperref Info: Implicit mode ON; LaTeX internals redefined.
Package hyperref Info: Bookmarks ON on input line 4691.
\c@Hy@tempcnt=\count137

(/usr/local/texlive/2016/texmf-dist/tex/latex/url/url.sty
\Urlmuskip=\muskip11
Package: url 2013/09/16  ver 3.4  Verb mode for urls, etc.
)
LaTeX Info: Redefining \url on input line 5044.
\XeTeXLinkMargin=\dimen181
\Fld@menulength=\count138
\Field@Width=\dimen182
\Fld@charsize=\dimen183
Package hyperref Info: Hyper figures OFF on input line 6298.
Package hyperref Info: Link nesting OFF on input line 6303.
Package hyperref Info: Hyper index ON on input line 6306.
Package hyperref Info: backreferencing OFF on input line 6313.
Package hyperref Info: Link coloring OFF on input line 6318.
Package hyperref Info: Link coloring with OCG OFF on input line 6323.
Package hyperref Info: PDF/A mode OFF on input line 6328.
LaTeX Info: Redefining \ref on input line 6368.
LaTeX Info: Redefining \pageref on input line 6372.
\Hy@abspage=\count139
\c@Item=\count140
\c@Hfootnote=\count141
)

Package hyperref Message: Driver (autodetected): hpdftex.

(/usr/local/texlive/2016/texmf-dist/tex/latex/hyperref/hpdftex.def
File: hpdftex.def 2016/05/05 v6.83n Hyperref driver for pdfTeX
\Fld@listcount=\count142
\c@bookmark@seq@number=\count143

(/usr/local/texlive/2016/texmf-dist/tex/latex/oberdiek/rerunfilecheck.sty
Package: rerunfilecheck 2016/05/16 v1.8 Rerun checks for auxiliary files (HO)
Package uniquecounter Info: New unique counter `rerunfilecheck' on input line 2
82.
)
\Hy@SectionHShift=\skip53
)
(/usr/local/texlive/2016/texmf-dist/tex/latex/multirow/multirow.sty
\bigstrutjot=\dimen184
)
(/usr/local/texlive/2016/texmf-dist/tex/latex/float/float.sty
Package: float 2001/11/08 v1.3d Float enhancements (AL)
\c@float@type=\count144
\float@exts=\toks40
\float@box=\box44
\@float@everytoks=\toks41
\@floatcapt=\box45
)
\c@thm=\count145
\c@pf=\count146
 (./sp3.aux)
\openout1 = `sp3.aux'.

LaTeX Font Info:    Checking defaults for OML/cmm/m/it on input line 24.
LaTeX Font Info:    ... okay on input line 24.
LaTeX Font Info:    Checking defaults for T1/cmr/m/n on input line 24.
LaTeX Font Info:    ... okay on input line 24.
LaTeX Font Info:    Checking defaults for OT1/cmr/m/n on input line 24.
LaTeX Font Info:    ... okay on input line 24.
LaTeX Font Info:    Checking defaults for OMS/cmsy/m/n on input line 24.
LaTeX Font Info:    ... okay on input line 24.
LaTeX Font Info:    Checking defaults for OMX/cmex/m/n on input line 24.
LaTeX Font Info:    ... okay on input line 24.
LaTeX Font Info:    Checking defaults for U/cmr/m/n on input line 24.
LaTeX Font Info:    ... okay on input line 24.
LaTeX Font Info:    Checking defaults for PD1/pdf/m/n on input line 24.
LaTeX Font Info:    ... okay on input line 24.

(/usr/local/texlive/2016/texmf-dist/tex/context/base/mkii/supp-pdf.mkii
[Loading MPS to PDF converter (version 2006.09.02).]
\scratchcounter=\count147
\scratchdimen=\dimen185
\scratchbox=\box46
\nofMPsegments=\count148
\nofMParguments=\count149
\everyMPshowfont=\toks42
\MPscratchCnt=\count150
\MPscratchDim=\dimen186
\MPnumerator=\count151
\makeMPintoPDFobject=\count152
\everyMPtoPDFconversion=\toks43
) (/usr/local/texlive/2016/texmf-dist/tex/latex/oberdiek/epstopdf-base.sty
Package: epstopdf-base 2016/05/15 v2.6 Base part for package epstopdf

(/usr/local/texlive/2016/texmf-dist/tex/latex/oberdiek/grfext.sty
Package: grfext 2016/05/16 v1.2 Manage graphics extensions (HO)
)
Package grfext Info: Graphics extension search list:
(grfext)             [.png,.pdf,.jpg,.mps,.jpeg,.jbig2,.jb2,.PNG,.PDF,.JPG,.JPE
G,.JBIG2,.JB2,.eps]
(grfext)             \AppendGraphicsExtensions on input line 456.

(/usr/local/texlive/2016/texmf-dist/tex/latex/latexconfig/epstopdf-sys.cfg
File: epstopdf-sys.cfg 2010/07/13 v1.3 Configuration of (r)epstopdf for TeX Liv
e
))
ABD: EveryShipout initializing macros

Package pgfplots Warning: running in backwards compatibility mode (unsuitable t
ick labels; missing features). Consider writing \pgfplotsset{compat=1.13} into 
your preamble.
 on input line 24.

\AtBeginShipoutBox=\box47
Package hyperref Info: Link coloring OFF on input line 24.
(/usr/local/texlive/2016/texmf-dist/tex/latex/hyperref/nameref.sty
Package: nameref 2012/10/27 v2.43 Cross-referencing by name of section

(/usr/local/texlive/2016/texmf-dist/tex/generic/oberdiek/gettitlestring.sty
Package: gettitlestring 2016/05/16 v1.5 Cleanup title references (HO)
)
\c@section@level=\count153
)
LaTeX Info: Redefining \ref on input line 24.
LaTeX Info: Redefining \pageref on input line 24.
LaTeX Info: Redefining \nameref on input line 24.

(./sp3.out) (./sp3.out)
\@outlinefile=\write5
\openout5 = `sp3.out'.

Missing character: There is no â in font cmr10!
Missing character: There is no € in font cmr10!
Missing character: There is no ™ in font cmr10!
 [1


{/usr/local/texlive/2016/texmf-var/fonts/map/pdftex/updmap/pdftex.map}] [2]
Missing character: There is no â in font cmr10!
Missing character: There is no € in font cmr10!
Missing character: There is no ™ in font cmr10!
 [3]
Overfull \hbox (5.20132pt too wide) in paragraph at lines 139--153
\OT1/cmr/m/n/10 0th mo-ment of an-gu-lar flux, $\OML/cmm/m/it/10 ^^^[]\OT1/cmr/
m/n/10 (\OML/cmm/b/it/10 x\OML/cmm/m/it/10 ; t\OT1/cmr/m/n/10 )$ --- sec-ond mo
-ment of an-gu-lar flux, $^^F[](\OML/cmm/b/it/10 x\OML/cmm/m/it/10 ; t\OT1/cmr/
m/n/10 )$
 []

[4]
Overfull \hbox (14.71832pt too wide) in paragraph at lines 271--275
\OT1/cmr/m/n/10 where $\OML/cmm/b/it/10 u[] \OT1/cmr/m/n/10 = \OMS/cmsy/m/n/10 
f\OML/cmm/m/it/10 ^^^[]; ^^^[]; :::; ^^^[]\OMS/cmsy/m/n/10 g$\OT1/cmr/m/n/10 , 
$\OML/cmm/b/it/10 u[] \OT1/cmr/m/n/10 = \OMS/cmsy/m/n/10 f\OML/cmm/m/it/10 ^^^[
]; ^^^[]; :::; ^^^[]\OMS/cmsy/m/n/10 g$ \OT1/cmr/m/n/10 and $\OML/cmm/b/it/10 c
[] \OT1/cmr/m/n/10 = \OMS/cmsy/m/n/10 f\OML/cmm/m/it/10 c[]; c[]; :::; c[]\OMS/
cmsy/m/n/10 g$\OT1/cmr/m/n/10 . 
 []

Missing character: There is no â in font cmr10!
Missing character: There is no € in font cmr10!
Missing character: There is no ™ in font cmr10!
[5]

LaTeX Warning: Command \l invalid in math mode on input line 355.

[6]
LaTeX Font Info:    Try loading font information for OMS+cmr on input line 375.

 (/usr/local/texlive/2016/texmf-dist/tex/latex/base/omscmr.fd
File: omscmr.fd 2014/09/29 v2.5h Standard LaTeX font definitions
)
LaTeX Font Info:    Font shape `OMS/cmr/m/n' in size <10> not available
(Font)              Font shape `OMS/cmsy/m/n' tried instead on input line 375.

<figs/mesh1.png, id=252, 175.65625pt x 153.57375pt>
File: figs/mesh1.png Graphic file (type png)
 <use figs/mesh1.png>
Package pdftex.def Info: figs/mesh1.png used on input line 383.
(pdftex.def)             Requested size: 103.50105pt x 90.49289pt.

<figs/mesh2.png, id=254, 247.92625pt x 214.8025pt>
File: figs/mesh2.png Graphic file (type png)
 <use figs/mesh2.png>
Package pdftex.def Info: figs/mesh2.png used on input line 387.
(pdftex.def)             Requested size: 103.50105pt x 89.67235pt.

<figs/mesh3.png, id=255, 251.94125pt x 219.82124pt>
File: figs/mesh3.png Graphic file (type png)
 <use figs/mesh3.png>
Package pdftex.def Info: figs/mesh3.png used on input line 391.
(pdftex.def)             Requested size: 103.50105pt x 90.30505pt.

<figs/iaea.png, id=259, 1059.96pt x 938.50626pt>
File: figs/iaea.png Graphic file (type png)
 <use figs/iaea.png>
Package pdftex.def Info: figs/iaea.png used on input line 402.
(pdftex.def)             Requested size: 241.49895pt x 213.81839pt.


LaTeX Warning: `h' float specifier changed to `ht'.


LaTeX Warning: `h' float specifier changed to `ht'.

[7pdfTeX warning (ext4): destination with the same identifier (name{figure.1}) 
has been already used, duplicate ignored

\@EveryShipout@Output ...@Org@Shipout \box \@cclv 
                                                  
l.435 
       <./figs/mesh1.png> <./figs/mesh2.png> <./figs/mesh3.png>]

LaTeX Warning: `h' float specifier changed to `ht'.


LaTeX Warning: `h' float specifier changed to `ht'.

<figs/diff_without_p2n24.png, id=285, 704.6325pt x 379.4175pt>
File: figs/diff_without_p2n24.png Graphic file (type png)

<use figs/diff_without_p2n24.png>
Package pdftex.def Info: figs/diff_without_p2n24.png used on input line 495.
(pdftex.def)             Requested size: 258.75pt x 139.3228pt.

<figs/sp3_without_p2n24.png, id=286, 704.6325pt x 379.4175pt>
File: figs/sp3_without_p2n24.png Graphic file (type png)

<use figs/sp3_without_p2n24.png>
Package pdftex.def Info: figs/sp3_without_p2n24.png used on input line 502.
(pdftex.def)             Requested size: 258.75pt x 139.3228pt.
 [8pdfTeX warning (ext4): destination with the same identifier (name{figure.2})
 has been already used, duplicate ignored

\@EveryShipout@Output ...@Org@Shipout \box \@cclv 
                                                  
l.506 \end{figure}
                   <./figs/iaea.png>] [9pdfTeX warning (ext4): destination with
 the same identifier (name{table.1}) has been already used, duplicate ignored

\@EveryShipout@Output ...@Org@Shipout \box \@cclv 
                                                  
l.507 
      pdfTeX warning (ext4): destination with the same identifier (name{table.2
}) has been already used, duplicate ignored

\@EveryShipout@Output ...@Org@Shipout \box \@cclv 
                                                  
l.507 
      pdfTeX warning (ext4): destination with the same identifier (name{figure.
3}) has been already used, duplicate ignored

\@EveryShipout@Output ...@Org@Shipout \box \@cclv 
                                                  
l.507 
       <./figs/diff_without_p2n24.png>]

Package hyperref Warning: Token not allowed in a PDF string (PDFDocEncoding):
(hyperref)                removing `math shift' on input line 508.


Package hyperref Warning: Token not allowed in a PDF string (PDFDocEncoding):
(hyperref)                removing `\alpha' on input line 508.


Package hyperref Warning: Token not allowed in a PDF string (PDFDocEncoding):
(hyperref)                removing `math shift' on input line 508.


LaTeX Warning: `h' float specifier changed to `ht'.

[10pdfTeX warning (ext4): destination with the same identifier (name{table.3}) 
has been already used, duplicate ignored

\@EveryShipout@Output ...@Org@Shipout \box \@cclv 
                                                  
l.548 
      pdfTeX warning (ext4): destination with the same identifier (name{figure.
4}) has been already used, duplicate ignored

\@EveryShipout@Output ...@Org@Shipout \box \@cclv 
                                                  
l.548 
       <./figs/sp3_without_p2n24.png>]
<figs/iaea_without/alpha_sp3_u1_1_without.png, id=319, 262.3401pt x 189.3474pt>
File: figs/iaea_without/alpha_sp3_u1_1_without.png Graphic file (type png)
<use figs/iaea_without/alpha_sp3_u1_1_without.png>
Package pdftex.def Info: figs/iaea_without/alpha_sp3_u1_1_without.png used on i
nput line 578.
(pdftex.def)             Requested size: 169.0519pt x 122.01978pt.

<figs/iaea_without/alpha_sp3_u2_1_without.png, id=320, 262.3401pt x 189.3474pt>
File: figs/iaea_without/alpha_sp3_u2_1_without.png Graphic file (type png)
<use figs/iaea_without/alpha_sp3_u2_1_without.png>
Package pdftex.def Info: figs/iaea_without/alpha_sp3_u2_1_without.png used on i
nput line 579.
(pdftex.def)             Requested size: 169.0519pt x 122.01978pt.

<figs/iaea_without/alpha_sp3_u1_2_without.png, id=321, 264.2673pt x 189.3474pt>
File: figs/iaea_without/alpha_sp3_u1_2_without.png Graphic file (type png)
<use figs/iaea_without/alpha_sp3_u1_2_without.png>
Package pdftex.def Info: figs/iaea_without/alpha_sp3_u1_2_without.png used on i
nput line 586.
(pdftex.def)             Requested size: 169.0519pt x 121.12413pt.

<figs/iaea_without/alpha_sp3_u1_3_without.png, id=322, 264.2673pt x 189.3474pt>
File: figs/iaea_without/alpha_sp3_u1_3_without.png Graphic file (type png)
<use figs/iaea_without/alpha_sp3_u1_3_without.png>
Package pdftex.def Info: figs/iaea_without/alpha_sp3_u1_3_without.png used on i
nput line 587.
(pdftex.def)             Requested size: 169.0519pt x 121.12413pt.
 [11pdfTeX warning (ext4): destination with the same identifier (name{table.4})
 has been already used, duplicate ignored

\@EveryShipout@Output ...@Org@Shipout \box \@cclv 
                                                  
l.591 \end{figure}
                  pdfTeX warning (ext4): destination with the same identifier (
name{table.5}) has been already used, duplicate ignored

\@EveryShipout@Output ...@Org@Shipout \box \@cclv 
                                                  
l.591 \end{figure}
                  ]
<figs/iaea_without/alpha_sp3_u1_4_without.png, id=330, 264.2673pt x 189.3474pt>
File: figs/iaea_without/alpha_sp3_u1_4_without.png Graphic file (type png)
<use figs/iaea_without/alpha_sp3_u1_4_without.png>
Package pdftex.def Info: figs/iaea_without/alpha_sp3_u1_4_without.png used on i
nput line 595.
(pdftex.def)             Requested size: 169.0519pt x 121.12413pt.

<figs/iaea_without/alpha_sp3_u1_5_without.png, id=331, 264.2673pt x 189.3474pt>
File: figs/iaea_without/alpha_sp3_u1_5_without.png Graphic file (type png)
<use figs/iaea_without/alpha_sp3_u1_5_without.png>
Package pdftex.def Info: figs/iaea_without/alpha_sp3_u1_5_without.png used on i
nput line 596.
(pdftex.def)             Requested size: 169.0519pt x 121.12413pt.


Package hyperref Warning: Token not allowed in a PDF string (PDFDocEncoding):
(hyperref)                removing `math shift' on input line 602.


Package hyperref Warning: Token not allowed in a PDF string (PDFDocEncoding):
(hyperref)                removing `\alpha' on input line 602.


Package hyperref Warning: Token not allowed in a PDF string (PDFDocEncoding):
(hyperref)                removing `math shift' on input line 602.

[12pdfTeX warning (ext4): destination with the same identifier (name{figure.5})
 has been already used, duplicate ignored

\@EveryShipout@Output ...@Org@Shipout \box \@cclv 
                                                  
l.607 
      pdfTeX warning (ext4): destination with the same identifier (name{figure.
6}) has been already used, duplicate ignored

\@EveryShipout@Output ...@Org@Shipout \box \@cclv 
                                                  
l.607 
      pdfTeX warning (ext4): destination with the same identifier (name{figure.
7}) has been already used, duplicate ignored

\@EveryShipout@Output ...@Org@Shipout \box \@cclv 
                                                  
l.607 
       <./figs/iaea_without/alpha_sp3_u1_1_without.png> <./figs/iaea_without/al
pha_sp3_u2_1_without.png> <./figs/iaea_without/alpha_sp3_u1_2_without.png> <./f
igs/iaea_without/alpha_sp3_u1_3_without.png> <./figs/iaea_without/alpha_sp3_u1_
4_without.png> <./figs/iaea_without/alpha_sp3_u1_5_without.png>]
<figs/iaea_without/alpha_delayed_sp3_u1_1_without.png, id=341, 744.7825pt x 543
.02875pt>
File: figs/iaea_without/alpha_delayed_sp3_u1_1_without.png Graphic file (type p
ng)
 <use figs/iaea_without/alpha_delayed_sp3_u1_1_without.png>
Package pdftex.def Info: figs/iaea_without/alpha_delayed_sp3_u1_1_without.png u
sed on input line 666.
(pdftex.def)             Requested size: 169.0519pt x 123.25336pt.

<figs/iaea_without/alpha_delayed_sp3_u2_1_without.png, id=342, 744.7825pt x 543
.02875pt>
File: figs/iaea_without/alpha_delayed_sp3_u2_1_without.png Graphic file (type p
ng)
 <use figs/iaea_without/alpha_delayed_sp3_u2_1_without.png>
Package pdftex.def Info: figs/iaea_without/alpha_delayed_sp3_u2_1_without.png u
sed on input line 667.
(pdftex.def)             Requested size: 169.0519pt x 123.25336pt.

<figs/iaea_without/alpha_delayed_sp3_u1_2_without.png, id=343, 749.80125pt x 54
3.02875pt>
File: figs/iaea_without/alpha_delayed_sp3_u1_2_without.png Graphic file (type p
ng)
 <use figs/iaea_without/alpha_delayed_sp3_u1_2_without.png>
Package pdftex.def Info: figs/iaea_without/alpha_delayed_sp3_u1_2_without.png u
sed on input line 674.
(pdftex.def)             Requested size: 169.0519pt x 122.42476pt.

<figs/iaea_without/alpha_delayed_sp3_u1_3_without.png, id=344, 749.80125pt x 54
3.02875pt>
File: figs/iaea_without/alpha_delayed_sp3_u1_3_without.png Graphic file (type p
ng)
 <use figs/iaea_without/alpha_delayed_sp3_u1_3_without.png>
Package pdftex.def Info: figs/iaea_without/alpha_delayed_sp3_u1_3_without.png u
sed on input line 675.
(pdftex.def)             Requested size: 169.0519pt x 122.42476pt.
 [13pdfTeX warning (ext4): destination with the same identifier (name{table.6})
 has been already used, duplicate ignored

\@EveryShipout@Output ...@Org@Shipout \box \@cclv 
                                                  
l.679 \end{figure}
                  pdfTeX warning (ext4): destination with the same identifier (
name{table.7}) has been already used, duplicate ignored

\@EveryShipout@Output ...@Org@Shipout \box \@cclv 
                                                  
l.679 \end{figure}
                  ]
<figs/iaea_without/alpha_delayed_sp3_u1_4_without.png, id=355, 749.80125pt x 54
3.02875pt>
File: figs/iaea_without/alpha_delayed_sp3_u1_4_without.png Graphic file (type p
ng)
 <use figs/iaea_without/alpha_delayed_sp3_u1_4_without.png>
Package pdftex.def Info: figs/iaea_without/alpha_delayed_sp3_u1_4_without.png u
sed on input line 682.
(pdftex.def)             Requested size: 169.0519pt x 122.42476pt.

<figs/iaea_without/alpha_delayed_sp3_u1_5_without.png, id=356, 749.80125pt x 54
3.02875pt>
File: figs/iaea_without/alpha_delayed_sp3_u1_5_without.png Graphic file (type p
ng)
 <use figs/iaea_without/alpha_delayed_sp3_u1_5_without.png>
Package pdftex.def Info: figs/iaea_without/alpha_delayed_sp3_u1_5_without.png u
sed on input line 683.
(pdftex.def)             Requested size: 169.0519pt x 122.42476pt.
 [14pdfTeX warning (ext4): destination with the same identifier (name{figure.8}
) has been already used, duplicate ignored

\@EveryShipout@Output ...@Org@Shipout \box \@cclv 
                                                  
l.692 \subsubsection
                    {Solution of Lambda Modes spectral problem}pdfTeX warning (
ext4): destination with the same identifier (name{figure.9}) has been already u
sed, duplicate ignored

\@EveryShipout@Output ...@Org@Shipout \box \@cclv 
                                                  
l.692 \subsubsection
                    {Solution of Lambda Modes spectral problem}pdfTeX warning (
ext4): destination with the same identifier (name{figure.10}) has been already 
used, duplicate ignored

\@EveryShipout@Output ...@Org@Shipout \box \@cclv 
                                                  
l.692 \subsubsection
                    {Solution of Lambda Modes spectral problem} <./figs/iaea_wi
thout/alpha_delayed_sp3_u1_1_without.png> <./figs/iaea_without/alpha_delayed_sp
3_u2_1_without.png> <./figs/iaea_without/alpha_delayed_sp3_u1_2_without.png> <.
/figs/iaea_without/alpha_delayed_sp3_u1_3_without.png> <./figs/iaea_without/alp
ha_delayed_sp3_u1_4_without.png> <./figs/iaea_without/alpha_delayed_sp3_u1_5_wi
thout.png>]

LaTeX Warning: `h' float specifier changed to `ht'.

<figs/diff_p2n24.png, id=371, 704.6325pt x 379.4175pt>
File: figs/diff_p2n24.png Graphic file (type png)

<use figs/diff_p2n24.png>
Package pdftex.def Info: figs/diff_p2n24.png used on input line 752.
(pdftex.def)             Requested size: 258.75pt x 139.3228pt.

<figs/sp3_p3n96.png, id=372, 704.6325pt x 379.4175pt>
File: figs/sp3_p3n96.png Graphic file (type png)
 <use figs/sp3_p3n96.png>
Package pdftex.def Info: figs/sp3_p3n96.png used on input line 759.
(pdftex.def)             Requested size: 258.75pt x 139.3228pt.

[15pdfTeX warning (ext4): destination with the same identifier (name{table.8}) 
has been already used, duplicate ignored

\@EveryShipout@Output ...@Org@Shipout \box \@cclv 
                                                  
l.763 \end{figure}
                  ] [16pdfTeX warning (ext4): destination with the same identif
ier (name{table.9}) has been already used, duplicate ignored

\@EveryShipout@Output ...@Org@Shipout \box \@cclv 
                                                  
l.764 
      pdfTeX warning (ext4): destination with the same identifier (name{figure.
11}) has been already used, duplicate ignored

\@EveryShipout@Output ...@Org@Shipout \box \@cclv 
                                                  
l.764 
       <./figs/diff_p2n24.png>]

Package hyperref Warning: Token not allowed in a PDF string (PDFDocEncoding):
(hyperref)                removing `math shift' on input line 765.


Package hyperref Warning: Token not allowed in a PDF string (PDFDocEncoding):
(hyperref)                removing `\alpha' on input line 765.


Package hyperref Warning: Token not allowed in a PDF string (PDFDocEncoding):
(hyperref)                removing `math shift' on input line 765.


LaTeX Warning: `h' float specifier changed to `ht'.

[17pdfTeX warning (ext4): destination with the same identifier (name{figure.12}
) has been already used, duplicate ignored

\@EveryShipout@Output ...@Org@Shipout \box \@cclv 
                                                  
l.827 
      pdfTeX warning (ext4): destination with the same identifier (name{table.1
0}) has been already used, duplicate ignored

\@EveryShipout@Output ...@Org@Shipout \box \@cclv 
                                                  
l.827 
       <./figs/sp3_p3n96.png>]
<figs/iaea_with/alpha_sp3_u1_1.png, id=401, 740.7675pt x 543.02875pt>
File: figs/iaea_with/alpha_sp3_u1_1.png Graphic file (type png)

<use figs/iaea_with/alpha_sp3_u1_1.png>
Package pdftex.def Info: figs/iaea_with/alpha_sp3_u1_1.png used on input line 8
30.
(pdftex.def)             Requested size: 169.0519pt x 123.92451pt.

<figs/iaea_with/alpha_sp3_u2_1.png, id=402, 740.7675pt x 543.02875pt>
File: figs/iaea_with/alpha_sp3_u2_1.png Graphic file (type png)

<use figs/iaea_with/alpha_sp3_u2_1.png>
Package pdftex.def Info: figs/iaea_with/alpha_sp3_u2_1.png used on input line 8
31.
(pdftex.def)             Requested size: 169.0519pt x 123.92451pt.

<figs/iaea_with/alpha_sp3_u1_2.png, id=403, 745.78625pt x 543.02875pt>
File: figs/iaea_with/alpha_sp3_u1_2.png Graphic file (type png)

<use figs/iaea_with/alpha_sp3_u1_2.png>
Package pdftex.def Info: figs/iaea_with/alpha_sp3_u1_2.png used on input line 8
38.
(pdftex.def)             Requested size: 169.0519pt x 123.08765pt.

<figs/iaea_with/alpha_sp3_u1_3.png, id=404, 745.78625pt x 543.02875pt>
File: figs/iaea_with/alpha_sp3_u1_3.png Graphic file (type png)

<use figs/iaea_with/alpha_sp3_u1_3.png>
Package pdftex.def Info: figs/iaea_with/alpha_sp3_u1_3.png used on input line 8
39.
(pdftex.def)             Requested size: 169.0519pt x 123.08765pt.

<figs/iaea_with/alpha_sp3_u1_4.png, id=405, 745.78625pt x 543.02875pt>
File: figs/iaea_with/alpha_sp3_u1_4.png Graphic file (type png)

<use figs/iaea_with/alpha_sp3_u1_4.png>
Package pdftex.def Info: figs/iaea_with/alpha_sp3_u1_4.png used on input line 8
46.
(pdftex.def)             Requested size: 169.0519pt x 123.08765pt.

<figs/iaea_with/alpha_sp3_u1_5.png, id=406, 745.78625pt x 543.02875pt>
File: figs/iaea_with/alpha_sp3_u1_5.png Graphic file (type png)

<use figs/iaea_with/alpha_sp3_u1_5.png>
Package pdftex.def Info: figs/iaea_with/alpha_sp3_u1_5.png used on input line 8
47.
(pdftex.def)             Requested size: 169.0519pt x 123.08765pt.
 [18pdfTeX warning (ext4): destination with the same identifier (name{table.11}
) has been already used, duplicate ignored

\@EveryShipout@Output ...@Org@Shipout \box \@cclv 
                                                  
l.851 \end{figure}
                  pdfTeX warning (ext4): destination with the same identifier (
name{figure.13}) has been already used, duplicate ignored

\@EveryShipout@Output ...@Org@Shipout \box \@cclv 
                                                  
l.851 \end{figure}
                   <./figs/iaea_with/alpha_sp3_u1_1.png> <./figs/iaea_with/alph
a_sp3_u2_1.png>]

Package hyperref Warning: Token not allowed in a PDF string (PDFDocEncoding):
(hyperref)                removing `math shift' on input line 853.


Package hyperref Warning: Token not allowed in a PDF string (PDFDocEncoding):
(hyperref)                removing `\alpha' on input line 853.


Package hyperref Warning: Token not allowed in a PDF string (PDFDocEncoding):
(hyperref)                removing `math shift' on input line 853.


LaTeX Warning: `h' float specifier changed to `ht'.


LaTeX Warning: `h' float specifier changed to `ht'.

<figs/iaea_with/alpha_delayed_sp3_u1_1.png, id=419, 265.7127pt x 188.6247pt>
File: figs/iaea_with/alpha_delayed_sp3_u1_1.png Graphic file (type png)

<use figs/iaea_with/alpha_delayed_sp3_u1_1.png>
Package pdftex.def Info: figs/iaea_with/alpha_delayed_sp3_u1_1.png used on inpu
t line 917.
(pdftex.def)             Requested size: 169.0519pt x 120.00847pt.

<figs/iaea_with/alpha_delayed_sp3_u2_1.png, id=420, 265.7127pt x 188.6247pt>
File: figs/iaea_with/alpha_delayed_sp3_u2_1.png Graphic file (type png)

<use figs/iaea_with/alpha_delayed_sp3_u2_1.png>
Package pdftex.def Info: figs/iaea_with/alpha_delayed_sp3_u2_1.png used on inpu
t line 918.
(pdftex.def)             Requested size: 169.0519pt x 120.00847pt.

<figs/iaea_with/alpha_delayed_sp3_u1_2.png, id=421, 745.78625pt x 543.02875pt>
File: figs/iaea_with/alpha_delayed_sp3_u1_2.png Graphic file (type png)

<use figs/iaea_with/alpha_delayed_sp3_u1_2.png>
Package pdftex.def Info: figs/iaea_with/alpha_delayed_sp3_u1_2.png used on inpu
t line 925.
(pdftex.def)             Requested size: 169.0519pt x 123.08765pt.

<figs/iaea_with/alpha_delayed_sp3_u1_3.png, id=422, 745.78625pt x 543.02875pt>
File: figs/iaea_with/alpha_delayed_sp3_u1_3.png Graphic file (type png)

<use figs/iaea_with/alpha_delayed_sp3_u1_3.png>
Package pdftex.def Info: figs/iaea_with/alpha_delayed_sp3_u1_3.png used on inpu
t line 926.
(pdftex.def)             Requested size: 169.0519pt x 123.08765pt.
 [19pdfTeX warning (ext4): destination with the same identifier (name{figure.14
}) has been already used, duplicate ignored

\@EveryShipout@Output ...@Org@Shipout \box \@cclv 
                                                  
l.930 \end{figure}
                  pdfTeX warning (ext4): destination with the same identifier (
name{figure.15}) has been already used, duplicate ignored

\@EveryShipout@Output ...@Org@Shipout \box \@cclv 
                                                  
l.930 \end{figure}
                   <./figs/iaea_with/alpha_sp3_u1_2.png> <./figs/iaea_with/alph
a_sp3_u1_3.png> <./figs/iaea_with/alpha_sp3_u1_4.png> <./figs/iaea_with/alpha_s
p3_u1_5.png>]
<figs/iaea_with/alpha_delayed_sp3_u1_4.png, id=433, 745.78625pt x 543.02875pt>
File: figs/iaea_with/alpha_delayed_sp3_u1_4.png Graphic file (type png)

<use figs/iaea_with/alpha_delayed_sp3_u1_4.png>
Package pdftex.def Info: figs/iaea_with/alpha_delayed_sp3_u1_4.png used on inpu
t line 933.
(pdftex.def)             Requested size: 169.0519pt x 123.08765pt.

<figs/iaea_with/alpha_delayed_sp3_u1_5.png, id=434, 745.78625pt x 543.02875pt>
File: figs/iaea_with/alpha_delayed_sp3_u1_5.png Graphic file (type png)

<use figs/iaea_with/alpha_delayed_sp3_u1_5.png>
Package pdftex.def Info: figs/iaea_with/alpha_delayed_sp3_u1_5.png used on inpu
t line 934.
(pdftex.def)             Requested size: 169.0519pt x 123.08765pt.
 [20pdfTeX warning (ext4): destination with the same identifier (name{table.12}
) has been already used, duplicate ignored

\@EveryShipout@Output ...@Org@Shipout \box \@cclv 
                                                  
l.938 \end{figure}
                  pdfTeX warning (ext4): destination with the same identifier (
name{table.13}) has been already used, duplicate ignored

\@EveryShipout@Output ...@Org@Shipout \box \@cclv 
                                                  
l.938 \end{figure}
                  pdfTeX warning (ext4): destination with the same identifier (
name{figure.16}) has been already used, duplicate ignored

\@EveryShipout@Output ...@Org@Shipout \box \@cclv 
                                                  
l.938 \end{figure}
                   <./figs/iaea_with/alpha_delayed_sp3_u1_1.png> <./figs/iaea_w
ith/alpha_delayed_sp3_u2_1.png>]
<figs/iaea_cosym.png, id=440, 377.2494pt x 333.52605pt>
File: figs/iaea_cosym.png Graphic file (type png)

<use figs/iaea_cosym.png>
Package pdftex.def Info: figs/iaea_cosym.png used on input line 946.
(pdftex.def)             Requested size: 258.75pt x 228.7744pt.


LaTeX Warning: `h' float specifier changed to `ht'.

[21pdfTeX warning (ext4): destination with the same identifier (name{figure.17}
) has been already used, duplicate ignored

\@EveryShipout@Output ...@Org@Shipout \box \@cclv 
                                                  
l.982 
      pdfTeX warning (ext4): destination with the same identifier (name{figure.
18}) has been already used, duplicate ignored

\@EveryShipout@Output ...@Org@Shipout \box \@cclv 
                                                  
l.982 
       <./figs/iaea_with/alpha_delayed_sp3_u1_2.png> <./figs/iaea_with/alpha_de
layed_sp3_u1_3.png> <./figs/iaea_with/alpha_delayed_sp3_u1_4.png> <./figs/iaea_
with/alpha_delayed_sp3_u1_5.png>] [22pdfTeX warning (ext4): destination with th
e same identifier (name{figure.19}) has been already used, duplicate ignored

\@EveryShipout@Output ...@Org@Shipout \box \@cclv 
                                                  
l.1005 
       pdfTeX warning (ext4): destination with the same identifier (name{table.
14}) has been already used, duplicate ignored

\@EveryShipout@Output ...@Org@Shipout \box \@cclv 
                                                  
l.1005 
        <./figs/iaea_cosym.png>]

Package hyperref Warning: Token not allowed in a PDF string (PDFDocEncoding):
(hyperref)                removing `math shift' on input line 1006.


Package hyperref Warning: Token not allowed in a PDF string (PDFDocEncoding):
(hyperref)                removing `\alpha' on input line 1006.


Package hyperref Warning: Token not allowed in a PDF string (PDFDocEncoding):
(hyperref)                removing `math shift' on input line 1006.


LaTeX Warning: `h' float specifier changed to `ht'.

<figs/iaea_cosym/sp3_alpha_u1_1_assym.png, id=463, 255.8358pt x 188.6247pt>
File: figs/iaea_cosym/sp3_alpha_u1_1_assym.png Graphic file (type png)

<use figs/iaea_cosym/sp3_alpha_u1_1_assym.png>
Package pdftex.def Info: figs/iaea_cosym/sp3_alpha_u1_1_assym.png used on input
 line 1069.
(pdftex.def)             Requested size: 169.0519pt x 124.64233pt.

<figs/iaea_cosym/sp3_alpha_u2_1_assym.png, id=464, 255.8358pt x 188.6247pt>
File: figs/iaea_cosym/sp3_alpha_u2_1_assym.png Graphic file (type png)

<use figs/iaea_cosym/sp3_alpha_u2_1_assym.png>
Package pdftex.def Info: figs/iaea_cosym/sp3_alpha_u2_1_assym.png used on input
 line 1070.
(pdftex.def)             Requested size: 169.0519pt x 124.64233pt.

<figs/iaea_cosym/sp3_alpha_u1_2_assym.png, id=465, 257.763pt x 188.6247pt>
File: figs/iaea_cosym/sp3_alpha_u1_2_assym.png Graphic file (type png)

<use figs/iaea_cosym/sp3_alpha_u1_2_assym.png>
Package pdftex.def Info: figs/iaea_cosym/sp3_alpha_u1_2_assym.png used on input
 line 1077.
(pdftex.def)             Requested size: 169.0519pt x 123.71268pt.

<figs/iaea_cosym/sp3_alpha_u1_3_assym.png, id=466, 257.763pt x 188.6247pt>
File: figs/iaea_cosym/sp3_alpha_u1_3_assym.png Graphic file (type png)

<use figs/iaea_cosym/sp3_alpha_u1_3_assym.png>
Package pdftex.def Info: figs/iaea_cosym/sp3_alpha_u1_3_assym.png used on input
 line 1078.
(pdftex.def)             Requested size: 169.0519pt x 123.71268pt.
 [23pdfTeX warning (ext4): destination with the same identifier (name{table.15}
) has been already used, duplicate ignored

\@EveryShipout@Output ...@Org@Shipout \box \@cclv 
                                                  
l.1082 \end{figure}
                   pdfTeX warning (ext4): destination with the same identifier 
(name{table.16}) has been already used, duplicate ignored

\@EveryShipout@Output ...@Org@Shipout \box \@cclv 
                                                  
l.1082 \end{figure}
                   ]
<figs/iaea_cosym/sp3_alpha_u1_4_assym.png, id=476, 257.763pt x 188.6247pt>
File: figs/iaea_cosym/sp3_alpha_u1_4_assym.png Graphic file (type png)

<use figs/iaea_cosym/sp3_alpha_u1_4_assym.png>
Package pdftex.def Info: figs/iaea_cosym/sp3_alpha_u1_4_assym.png used on input
 line 1085.
(pdftex.def)             Requested size: 169.0519pt x 123.71268pt.

<figs/iaea_cosym/sp3_alpha_u1_5_assym.png, id=477, 257.763pt x 188.6247pt>
File: figs/iaea_cosym/sp3_alpha_u1_5_assym.png Graphic file (type png)

<use figs/iaea_cosym/sp3_alpha_u1_5_assym.png>
Package pdftex.def Info: figs/iaea_cosym/sp3_alpha_u1_5_assym.png used on input
 line 1086.
(pdftex.def)             Requested size: 169.0519pt x 123.71268pt.
 [24pdfTeX warning (ext4): destination with the same identifier (name{table.17}
) has been already used, duplicate ignored

\@EveryShipout@Output ...@Org@Shipout \box \@cclv 
                                                  
l.1091 
       pdfTeX warning (ext4): destination with the same identifier (name{figure
.20}) has been already used, duplicate ignored

\@EveryShipout@Output ...@Org@Shipout \box \@cclv 
                                                  
l.1091 
       pdfTeX warning (ext4): destination with the same identifier (name{figure
.21}) has been already used, duplicate ignored

\@EveryShipout@Output ...@Org@Shipout \box \@cclv 
                                                  
l.1091 
        <./figs/iaea_cosym/sp3_alpha_u1_1_assym.png> <./figs/iaea_cosym/sp3_alp
ha_u2_1_assym.png> <./figs/iaea_cosym/sp3_alpha_u1_2_assym.png> <./figs/iaea_co
sym/sp3_alpha_u1_3_assym.png>]

LaTeX Warning: `h' float specifier changed to `ht'.

<figs/hwr.png, id=488, 1092.08pt x 1003.75pt>
File: figs/hwr.png Graphic file (type png)
 <use figs/hwr.png>
Package pdftex.def Info: figs/hwr.png used on input line 1139.
(pdftex.def)             Requested size: 310.4979pt x 285.3825pt.


LaTeX Warning: `h' float specifier changed to `ht'.

[25pdfTeX warning (ext4): destination with the same identifier (name{figure.22}
) has been already used, duplicate ignored

\@EveryShipout@Output ...@Org@Shipout \box \@cclv 
                                                  
l.1174 T
        he effective multiplication factors for the HWR test are shown in Ta...
pdfTeX warning (ext4): destination with the same identifier (name{table.19}) ha
s been already used, duplicate ignored

\@EveryShipout@Output ...@Org@Shipout \box \@cclv 
                                                  
l.1174 T
        he effective multiplication factors for the HWR test are shown in Ta...
 <./figs/iaea_cosym/sp3_alpha_u1_4_assym.png> <./figs/iaea_cosym/sp3_alpha_u1_5
_assym.png>]

LaTeX Warning: `h' float specifier changed to `ht'.


Package hyperref Warning: Token not allowed in a PDF string (PDFDocEncoding):
(hyperref)                removing `math shift' on input line 1202.


Package hyperref Warning: Token not allowed in a PDF string (PDFDocEncoding):
(hyperref)                removing `\alpha' on input line 1202.


Package hyperref Warning: Token not allowed in a PDF string (PDFDocEncoding):
(hyperref)                removing `math shift' on input line 1202.

[26pdfTeX warning (ext4): destination with the same identifier (name{table.18})
 has been already used, duplicate ignored

\@EveryShipout@Output ...@Org@Shipout \box \@cclv 
                                                  
l.1216 
       ]

LaTeX Warning: `h' float specifier changed to `ht'.


LaTeX Warning: `h' float specifier changed to `ht'.

<figs/hwr/alpha_sp3_rx1_1.png, id=518, 727.71875pt x 543.02875pt>
File: figs/hwr/alpha_sp3_rx1_1.png Graphic file (type png)

<use figs/hwr/alpha_sp3_rx1_1.png>
Package pdftex.def Info: figs/hwr/alpha_sp3_rx1_1.png used on input line 1268.
(pdftex.def)             Requested size: 169.0519pt x 126.14516pt.

<figs/hwr/alpha_sp3_rx2_1.png, id=519, 727.71875pt x 543.02875pt>
File: figs/hwr/alpha_sp3_rx2_1.png Graphic file (type png)

<use figs/hwr/alpha_sp3_rx2_1.png>
Package pdftex.def Info: figs/hwr/alpha_sp3_rx2_1.png used on input line 1269.
(pdftex.def)             Requested size: 169.0519pt x 126.14516pt.

<figs/hwr/alpha_sp3_rx1_2.png, id=520, 732.7375pt x 543.02875pt>
File: figs/hwr/alpha_sp3_rx1_2.png Graphic file (type png)

<use figs/hwr/alpha_sp3_rx1_2.png>
Package pdftex.def Info: figs/hwr/alpha_sp3_rx1_2.png used on input line 1276.
(pdftex.def)             Requested size: 169.0519pt x 125.28342pt.

<figs/hwr/alpha_sp3_rx1_4.png, id=521, 732.7375pt x 543.02875pt>
File: figs/hwr/alpha_sp3_rx1_4.png Graphic file (type png)

<use figs/hwr/alpha_sp3_rx1_4.png>
Package pdftex.def Info: figs/hwr/alpha_sp3_rx1_4.png used on input line 1277.
(pdftex.def)             Requested size: 169.0519pt x 125.28342pt.

<figs/hwr/alpha_sp3_cx1_2.png, id=522, 732.7375pt x 543.02875pt>
File: figs/hwr/alpha_sp3_cx1_2.png Graphic file (type png)

<use figs/hwr/alpha_sp3_cx1_2.png>
Package pdftex.def Info: figs/hwr/alpha_sp3_cx1_2.png used on input line 1284.
(pdftex.def)             Requested size: 169.0519pt x 125.28342pt.

<figs/hwr/alpha_sp3_cx1_4.png, id=523, 732.7375pt x 543.02875pt>
File: figs/hwr/alpha_sp3_cx1_4.png Graphic file (type png)

<use figs/hwr/alpha_sp3_cx1_4.png>
Package pdftex.def Info: figs/hwr/alpha_sp3_cx1_4.png used on input line 1285.
(pdftex.def)             Requested size: 169.0519pt x 125.28342pt.
 [27pdfTeX warning (ext4): destination with the same identifier (name{figure.23
}) has been already used, duplicate ignored

\@EveryShipout@Output ...@Org@Shipout \box \@cclv 
                                                  
l.1289 \end{figure}
                   pdfTeX warning (ext4): destination with the same identifier 
(name{figure.24}) has been already used, duplicate ignored

\@EveryShipout@Output ...@Org@Shipout \box \@cclv 
                                                  
l.1289 \end{figure}
                    <./figs/hwr.png (PNG copy)> <./figs/hwr/alpha_sp3_rx1_1.png
> <./figs/hwr/alpha_sp3_rx2_1.png>] [28pdfTeX warning (ext4): destination with 
the same identifier (name{table.20}) has been already used, duplicate ignored

\@EveryShipout@Output ...@Org@Shipout \box \@cclv 
                                                  
l.1290 
       pdfTeX warning (ext4): destination with the same identifier (name{table.
21}) has been already used, duplicate ignored

\@EveryShipout@Output ...@Org@Shipout \box \@cclv 
                                                  
l.1290 
       pdfTeX warning (ext4): destination with the same identifier (name{figure
.25}) has been already used, duplicate ignored

\@EveryShipout@Output ...@Org@Shipout \box \@cclv 
                                                  
l.1290 
        <./figs/hwr/alpha_sp3_rx1_2.png> <./figs/hwr/alpha_sp3_rx1_4.png>]

Package hyperref Warning: Token not allowed in a PDF string (PDFDocEncoding):
(hyperref)                removing `math shift' on input line 1291.


Package hyperref Warning: Token not allowed in a PDF string (PDFDocEncoding):
(hyperref)                removing `\alpha' on input line 1291.


Package hyperref Warning: Token not allowed in a PDF string (PDFDocEncoding):
(hyperref)                removing `math shift' on input line 1291.


LaTeX Warning: `h' float specifier changed to `ht'.


LaTeX Warning: `h' float specifier changed to `ht'.

[29pdfTeX warning (ext4): destination with the same identifier (name{table.22})
 has been already used, duplicate ignored

\@EveryShipout@Output ...@Org@Shipout \box \@cclv 
                                                  
l.1350 \section
               *{Conclusion}pdfTeX warning (ext4): destination with the same id
entifier (name{figure.26}) has been already used, duplicate ignored

\@EveryShipout@Output ...@Org@Shipout \box \@cclv 
                                                  
l.1350 \section
               *{Conclusion} <./figs/hwr/alpha_sp3_cx1_2.png> <./figs/hwr/alpha
_sp3_cx1_4.png>] [30pdfTeX warning (ext4): destination with the same identifier
 (name{table.23}) has been already used, duplicate ignored

\@EveryShipout@Output ...@Org@Shipout \box \@cclv 
                                                  
l.1361 I
        t was found noticeable differences in $\alpha$-eigenvalues problems ...
pdfTeX warning (ext4): destination with the same identifier (name{table.24}) ha
s been already used, duplicate ignored

\@EveryShipout@Output ...@Org@Shipout \box \@cclv 
                                                  
l.1361 I
        t was found noticeable differences in $\alpha$-eigenvalues problems ...
] (./sp3.bbl [31] [32]) [33]
Package atveryend Info: Empty hook `BeforeClearDocument' on input line 1373.
Package atveryend Info: Empty hook `AfterLastShipout' on input line 1373.
 (./sp3.aux)
Package atveryend Info: Executing hook `AtVeryEndDocument' on input line 1373.
Package atveryend Info: Executing hook `AtEndAfterFileList' on input line 1373.

Package rerunfilecheck Info: File `sp3.out' has not changed.
(rerunfilecheck)             Checksum: C991645F0CD994544469041E388051B7;1707.
Package atveryend Info: Empty hook `AtVeryVeryEnd' on input line 1373.
 ) 
Here is how much of TeX's memory you used:
 26162 strings out of 493014
 629276 string characters out of 6133351
 779233 words of memory out of 5000000
 29062 multiletter control sequences out of 15000+600000
 14935 words of font info for 52 fonts, out of 8000000 for 9000
 1141 hyphenation exceptions out of 8191
 55i,25n,77p,727b,609s stack positions out of 5000i,500n,10000p,200000b,80000s
</usr/local/texlive/2016/texmf-dist/fonts/type1/public/amsfonts/cm/cmbx10.pfb
></usr/local/texlive/2016/texmf-dist/fonts/type1/public/amsfonts/cm/cmex10.pfb>
</usr/local/texlive/2016/texmf-dist/fonts/type1/public/amsfonts/cm/cmmi10.pfb><
/usr/local/texlive/2016/texmf-dist/fonts/type1/public/amsfonts/cm/cmmi6.pfb></u
sr/local/texlive/2016/texmf-dist/fonts/type1/public/amsfonts/cm/cmmi7.pfb></usr
/local/texlive/2016/texmf-dist/fonts/type1/public/amsfonts/cm/cmmi8.pfb></usr/l
ocal/texlive/2016/texmf-dist/fonts/type1/public/amsfonts/cm/cmmib10.pfb></usr/l
ocal/texlive/2016/texmf-dist/fonts/type1/public/amsfonts/cm/cmr10.pfb></usr/loc
al/texlive/2016/texmf-dist/fonts/type1/public/amsfonts/cm/cmr12.pfb></usr/local
/texlive/2016/texmf-dist/fonts/type1/public/amsfonts/cm/cmr5.pfb></usr/local/te
xlive/2016/texmf-dist/fonts/type1/public/amsfonts/cm/cmr6.pfb></usr/local/texli
ve/2016/texmf-dist/fonts/type1/public/amsfonts/cm/cmr7.pfb></usr/local/texlive/
2016/texmf-dist/fonts/type1/public/amsfonts/cm/cmr8.pfb></usr/local/texlive/201
6/texmf-dist/fonts/type1/public/amsfonts/cm/cmsy10.pfb></usr/local/texlive/2016
/texmf-dist/fonts/type1/public/amsfonts/cm/cmsy5.pfb></usr/local/texlive/2016/t
exmf-dist/fonts/type1/public/amsfonts/cm/cmsy6.pfb></usr/local/texlive/2016/tex
mf-dist/fonts/type1/public/amsfonts/cm/cmsy7.pfb></usr/local/texlive/2016/texmf
-dist/fonts/type1/public/amsfonts/cm/cmsy8.pfb></usr/local/texlive/2016/texmf-d
ist/fonts/type1/public/amsfonts/cm/cmti10.pfb></usr/local/texlive/2016/texmf-di
st/fonts/type1/public/amsfonts/cm/cmti7.pfb></usr/local/texlive/2016/texmf-dist
/fonts/type1/public/amsfonts/cm/cmti8.pfb></usr/local/texlive/2016/texmf-dist/f
onts/type1/public/amsfonts/cm/cmtt8.pfb>
Output written on sp3.pdf (33 pages, 2887999 bytes).
PDF statistics:
 665 PDF objects out of 1000 (max. 8388607)
 548 compressed objects within 6 object streams
 147 named destinations out of 1000 (max. 500000)
 395 words of extra memory for PDF output out of 10000 (max. 10000000)

