This is pdfTeX, Version 3.14159265-2.6-1.40.16 (TeX Live 2015/Debian) (preloaded format=pdflatex 2017.1.16)  20 JUL 2017 12:40
entering extended mode
 restricted \write18 enabled.
 %&-line parsing enabled.
**title.tex
(./title.tex
LaTeX2e <2016/02/01>
Babel <3.9q> and hyphenation patterns for 81 language(s) loaded.

! LaTeX Error: Environment titlepage undefined.

See the LaTeX manual or LaTeX Companion for explanation.
Type  H <return>  for immediate help.
 ...                                              
                                                  
l.1 \begin{titlepage}
                     
Your command was ignored.
Type  I <command> <return>  to replace it with another command,
or  <return>  to continue without it.


! LaTeX Error: Missing \begin{document}.

See the LaTeX manual or LaTeX Companion for explanation.
Type  H <return>  for immediate help.
 ...                                              
                                                  
l.2 \begin{center}
                  
You're in trouble here.  Try typing  <return>  to proceed.
If that doesn't work, type  X <return>  to quit.


Overfull \hbox (20.0pt too wide) in paragraph at lines 2--2
[] 
 []

! Undefined control sequence.
l.4 	\small
            North-Eastern Federal University in Yakutsk
The control sequence at the end of the top line
of your error message was never \def'ed. If you have
misspelled it (e.g., `\hobx'), type `I' and the correct
spelling (e.g., `I\hbox'). Otherwise just continue,
and I'll forget about whatever was undefined.


Overfull \hbox (34.18039pt too wide) in paragraph at lines 4--5
 \OT1/cmr/bx/n/10 North- 
 []


Overfull \hbox (38.54977pt too wide) in paragraph at lines 4--5
 \OT1/cmr/bx/n/10 Eastern 
 []


Overfull \hbox (21.77072pt too wide) in paragraph at lines 4--5
 \OT1/cmr/bx/n/10 Fed- 
 []


Overfull \hbox (18.79156pt too wide) in paragraph at lines 4--5
 \OT1/cmr/bx/n/10 eral 
 []


Overfull \hbox (22.26376pt too wide) in paragraph at lines 4--5
 \OT1/cmr/bx/n/10 Uni- 
 []


Overfull \hbox (19.5902pt too wide) in paragraph at lines 4--5
 \OT1/cmr/bx/n/10 ver- 
 []


Overfull \hbox (17.95267pt too wide) in paragraph at lines 4--5
 \OT1/cmr/bx/n/10 sity 
 []


Overfull \hbox (9.58328pt too wide) in paragraph at lines 4--5
 \OT1/cmr/bx/n/10 in 
 []


Overfull \hbox (40.86224pt too wide) in paragraph at lines 4--5
 \OT1/cmr/bx/n/10 Yakutsk 
 []


Overfull \hbox (8191.99998pt too wide) in paragraph at lines 6--7
 [][] 
 []


LaTeX Font Warning: Font shape `OT1/cmr/bx/sc' undefined
(Font)              using `OT1/cmr/bx/n' instead on input line 9.

! Undefined control sequence.
<recently read> \small 
                       
l.9 ...aboratory ‚ÄúMultiscale Model Reduction‚Äù}
                                                  
The control sequence at the end of the top line
of your error message was never \def'ed. If you have
misspelled it (e.g., `\hobx'), type `I' and the correct
spelling (e.g., `I\hbox'). Otherwise just continue,
and I'll forget about whatever was undefined.

Missing character: There is no ‚ in font cmbx10!
Missing character: There is no Ä in font cmbx10!
Missing character: There is no ú in font cmbx10!
Missing character: There is no ‚ in font cmbx10!
Missing character: There is no Ä in font cmbx10!
Missing character: There is no ù in font cmbx10!

Overfull \hbox (65.47879pt too wide) in paragraph at lines 9--10
 []\OT1/cmr/bx/n/10 International 
 []


Overfull \hbox (22.72902pt too wide) in paragraph at lines 9--10
 \OT1/cmr/bx/n/10 Lab- 
 []


Overfull \hbox (9.58328pt too wide) in paragraph at lines 9--10
 \OT1/cmr/bx/n/10 o- 
 []


Overfull \hbox (14.15964pt too wide) in paragraph at lines 9--10
 \OT1/cmr/bx/n/10 ra- 
 []


Overfull \hbox (21.02768pt too wide) in paragraph at lines 9--10
 \OT1/cmr/bx/n/10 tory 
 []


Overfull \hbox (24.3332pt too wide) in paragraph at lines 9--10
 \OT1/cmr/bx/n/10 Mul- 
 []


Overfull \hbox (11.49994pt too wide) in paragraph at lines 9--10
 \OT1/cmr/bx/n/10 ti- 
 []


Overfull \hbox (23.70262pt too wide) in paragraph at lines 9--10
 \OT1/cmr/bx/n/10 scale 
 []


Overfull \hbox (31.84012pt too wide) in paragraph at lines 9--10
 \OT1/cmr/bx/n/10 Model 
 []


Overfull \hbox (17.72908pt too wide) in paragraph at lines 9--10
 \OT1/cmr/bx/n/10 Re- 
 []


Overfull \hbox (21.7221pt too wide) in paragraph at lines 9--10
 \OT1/cmr/bx/n/10 duc- 
 []


Overfull \hbox (19.80545pt too wide) in paragraph at lines 9--10
 \OT1/cmr/bx/n/10 tion 
 []


Overfull \hbox (65.47879pt too wide) in paragraph at lines 13--14
 []\OT1/cmr/bx/n/10 International 
 []


Overfull \hbox (21.08322pt too wide) in paragraph at lines 13--14
 \OT1/cmr/bx/n/10 con- 
 []


Overfull \hbox (17.3541pt too wide) in paragraph at lines 13--14
 \OT1/cmr/bx/n/10 fer- 
 []


Overfull \hbox (22.04156pt too wide) in paragraph at lines 13--14
 \OT1/cmr/bx/n/10 ence 
 []

! Undefined control sequence.
l.15   	\Large
               Multiscale methods and Large-scale Scientific Computing
The control sequence at the end of the top line
of your error message was never \def'ed. If you have
misspelled it (e.g., `\hobx'), type `I' and the correct
spelling (e.g., `I\hbox'). Otherwise just continue,
and I'll forget about whatever was undefined.


Overfull \hbox (51.86914pt too wide) in paragraph at lines 15--16
 []\OT1/cmr/bx/n/10 Multiscale 
 []


Overfull \hbox (29.54846pt too wide) in paragraph at lines 15--16
 \OT1/cmr/bx/n/10 meth- 
 []


Overfull \hbox (16.99434pt too wide) in paragraph at lines 15--16
 \OT1/cmr/bx/n/10 ods 
 []


Overfull \hbox (18.36794pt too wide) in paragraph at lines 15--16
 \OT1/cmr/bx/n/10 and 
 []


Overfull \hbox (32.09705pt too wide) in paragraph at lines 15--16
 \OT1/cmr/bx/n/10 Large- 
 []


Overfull \hbox (23.70262pt too wide) in paragraph at lines 15--16
 \OT1/cmr/bx/n/10 scale 
 []


Overfull \hbox (18.52768pt too wide) in paragraph at lines 15--16
 \OT1/cmr/bx/n/10 Sci- 
 []


Overfull \hbox (15.49298pt too wide) in paragraph at lines 15--16
 \OT1/cmr/bx/n/10 en- 
 []


Overfull \hbox (19.16656pt too wide) in paragraph at lines 15--16
 \OT1/cmr/bx/n/10 tific 
 []


Overfull \hbox (27.47208pt too wide) in paragraph at lines 15--16
 \OT1/cmr/bx/n/10 Com- 
 []


Overfull \hbox (21.08322pt too wide) in paragraph at lines 15--16
 \OT1/cmr/bx/n/10 put- 
 []


Overfull \hbox (15.33325pt too wide) in paragraph at lines 15--16
 \OT1/cmr/bx/n/10 ing 
 []

! Undefined control sequence.
l.18 	{\LARGE
              PROGRAM}
The control sequence at the end of the top line
of your error message was never \def'ed. If you have
misspelled it (e.g., `\hobx'), type `I' and the correct
spelling (e.g., `I\hbox'). Otherwise just continue,
and I'll forget about whatever was undefined.


Overfull \hbox (62.083pt too wide) in paragraph at lines 18--19
 []\OT1/cmr/bx/n/10 PROGRAM 
 []

! Undefined control sequence.
l.22 	\includegraphics
                      [scale=.1]{logoMMR}
The control sequence at the end of the top line
of your error message was never \def'ed. If you have
misspelled it (e.g., `\hobx'), type `I' and the correct
spelling (e.g., `I\hbox'). Otherwise just continue,
and I'll forget about whatever was undefined.

Missing character: There is no [ in font nullfont!
Missing character: There is no s in font nullfont!
Missing character: There is no c in font nullfont!
Missing character: There is no a in font nullfont!
Missing character: There is no l in font nullfont!
Missing character: There is no e in font nullfont!
Missing character: There is no = in font nullfont!
Missing character: There is no . in font nullfont!
Missing character: There is no 1 in font nullfont!
Missing character: There is no ] in font nullfont!
Missing character: There is no l in font nullfont!
Missing character: There is no o in font nullfont!
Missing character: There is no g in font nullfont!
Missing character: There is no o in font nullfont!
Missing character: There is no M in font nullfont!
Missing character: There is no M in font nullfont!
Missing character: There is no R in font nullfont!
! Undefined control sequence.
l.24 	\includegraphics
                      [scale=0.8]{logoNEFU}
The control sequence at the end of the top line
of your error message was never \def'ed. If you have
misspelled it (e.g., `\hobx'), type `I' and the correct
spelling (e.g., `I\hbox'). Otherwise just continue,
and I'll forget about whatever was undefined.

Missing character: There is no [ in font nullfont!
Missing character: There is no s in font nullfont!
Missing character: There is no c in font nullfont!
Missing character: There is no a in font nullfont!
Missing character: There is no l in font nullfont!
Missing character: There is no e in font nullfont!
Missing character: There is no = in font nullfont!
Missing character: There is no 0 in font nullfont!
Missing character: There is no . in font nullfont!
Missing character: There is no 8 in font nullfont!
Missing character: There is no ] in font nullfont!
Missing character: There is no l in font nullfont!
Missing character: There is no o in font nullfont!
Missing character: There is no g in font nullfont!
Missing character: There is no o in font nullfont!
Missing character: There is no N in font nullfont!
Missing character: There is no E in font nullfont!
Missing character: There is no F in font nullfont!
Missing character: There is no U in font nullfont!

Overfull \hbox (20.0pt too wide) in paragraph at lines 22--25
[]
 []


Overfull \hbox (44.05667pt too wide) in paragraph at lines 29--30
 []\OT1/cmr/bx/n/10 Yakutsk, 
 []


Overfull \hbox (21.5971pt too wide) in paragraph at lines 29--30
 \OT1/cmr/bx/n/10 July 
 []


Overfull \hbox (11.49994pt too wide) in paragraph at lines 29--30
 \OT1/cmr/bx/n/10 30 
 []


Overfull \hbox (3.83331pt too wide) in paragraph at lines 29--30
 \OT1/cmr/bx/n/10 - 
 []


Overfull \hbox (18.91656pt too wide) in paragraph at lines 29--30
 \OT1/cmr/bx/n/10 Au- 
 []


Overfull \hbox (21.1471pt too wide) in paragraph at lines 29--30
 \OT1/cmr/bx/n/10 gust 
 []


Overfull \hbox (8.9444pt too wide) in paragraph at lines 29--30
 \OT1/cmr/bx/n/10 4, 
 []


Overfull \hbox (22.99988pt too wide) in paragraph at lines 29--30
 \OT1/cmr/bx/n/10 2017 
 []


! LaTeX Error: \begin{document} ended by \end{titlepage}.

See the LaTeX manual or LaTeX Companion for explanation.
Type  H <return>  for immediate help.
 ...                                              
                                                  
l.31 \end{titlepage}
                    
Your command was ignored.
Type  I <command> <return>  to replace it with another command,
or  <return>  to continue without it.

)
! Emergency stop.
<*> title.tex
             
*** (job aborted, no legal \end found)

 
Here is how much of TeX's memory you used:
 12 strings out of 493029
 201 string characters out of 6136234
 55248 words of memory out of 5000000
 3648 multiletter control sequences out of 15000+600000
 3948 words of font info for 15 fonts, out of 8000000 for 9000
 1141 hyphenation exceptions out of 8191
 12i,1n,9p,103b,137s stack positions out of 5000i,500n,10000p,200000b,80000s
!  ==> Fatal error occurred, no output PDF file produced!
